#
# A fatal error has been detected by the Java Runtime Environment:
#
#  SIGSEGV (0xb) at pc=0x00007f06bc745691, pid=21246, tid=21273
#
# JRE version: OpenJDK Runtime Environment (17.0.9+9) (build 17.0.9+9-Ubuntu-122.04)
# Java VM: OpenJDK 64-Bit Server VM (17.0.9+9-Ubuntu-122.04, mixed mode, sharing, tiered, compressed oops, compressed class ptrs, g1 gc, linux-amd64)
# Problematic frame:
# V  [libjvm.so+0x745691]  G1ParScanThreadState::trim_queue_to_threshold(unsigned int)+0x14f1
#
# Core dump will be written. Default location: Core dumps may be processed with "/usr/share/apport/apport -p%p -s%s -c%c -d%d -P%P -u%u -g%g -- %E" (or dumping to /home/wahl/Documentos/projetos java/Parking control/Parking-Control-API/core.21246)
#
# If you would like to submit a bug report, please visit:
#   Unknown
#

---------------  S U M M A R Y ------------

Command Line: -javaagent:/snap/intellij-idea-community/476/lib/idea_rt.jar=36299:/snap/intellij-idea-community/476/bin -Dfile.encoding=UTF-8 com.api.parkingcontrol.ParkingControlApplication

Host: Intel(R) Pentium(R) CPU G4560 @ 3.50GHz, 4 cores, 15G, Ubuntu 22.04.3 LTS
Time: Wed Jan 24 15:15:44 2024 -03 elapsed time: 1.741067 seconds (0d 0h 0m 1s)

---------------  T H R E A D  ---------------

Current thread (0x00007f0630006590):  GCTaskThread "GC Thread#3" [stack: 0x00007f069546e000,0x00007f069556e000] [id=21273]

Stack: [0x00007f069546e000,0x00007f069556e000],  sp=0x00007f069556c910,  free space=1018k
Native frames: (J=compiled Java code, j=interpreted, Vv=VM code, C=native code)
V  [libjvm.so+0x745691]  G1ParScanThreadState::trim_queue_to_threshold(unsigned int)+0x14f1
V  [libjvm.so+0x7681ad]  G1ParCopyClosure<(G1Barrier)1, false>::do_oop(oopDesc**)+0xdd
V  [libjvm.so+0x592e1a]  ClassLoaderData::ChunkedHandleList::oops_do(OopClosure*)+0x4a
V  [libjvm.so+0x740fdd]  G1CLDScanClosure::do_cld(ClassLoaderData*)+0x3d
V  [libjvm.so+0x598141]  ClassLoaderDataGraph::roots_cld_do(CLDClosure*, CLDClosure*)+0x41
V  [libjvm.so+0x76a31c]  G1RootProcessor::process_java_roots(G1RootClosures*, G1GCPhaseTimes*, unsigned int)+0xcc
V  [libjvm.so+0x76a9a5]  G1RootProcessor::evacuate_roots(G1ParScanThreadState*, unsigned int)+0x65
V  [libjvm.so+0x700466]  G1EvacuateRegionsTask::scan_roots(G1ParScanThreadState*, unsigned int)+0x26
V  [libjvm.so+0x700cfd]  G1EvacuateRegionsBaseTask::work(unsigned int)+0x8d
V  [libjvm.so+0xf66557]  GangWorker::loop()+0x67
V  [libjvm.so+0xf665b3]
V  [libjvm.so+0xeb1504]  Thread::call_run()+0xc4
V  [libjvm.so+0xc3c6c9]  thread_native_entry(Thread*)+0xe9


siginfo: si_signo: 11 (SIGSEGV), si_code: 1 (SEGV_MAPERR), si_addr: 0x0000000000000400

Registers:
RAX=0x0000000714a0a764, RBX=0x00007f05f4008e20, RCX=0x0000000000000015, RDX=0x0000000000000000
RSP=0x00007f069556c910, RBP=0x00007f069556c9b0, RSI=0x0000000000000003, RDI=0x0000000000000000
R8 =0x0000000000000000, R9 =0x0000000000000000, R10=0x00007f06bd2f1330, R11=0x0000000000000000
R12=0x0000000714a0a765, R13=0x00007f06bd3382c5, R14=0x0000000000000400, R15=0x0000000000000000
RIP=0x00007f06bc745691, EFLAGS=0x0000000000010246, CSGSFS=0x002b000000000033, ERR=0x0000000000000004
  TRAPNO=0x000000000000000e


Register to memory mapping:

RAX=0x0000000714a0a764 is pointing into object: ch.qos.logback.classic.Logger 
{0x0000000714a0a740} - klass: 'ch/qos/logback/classic/Logger'
 - ---- fields (total size 6 words):
 - private transient 'effectiveLevelInt' 'I' @12  20000 (4e20)
 - private transient 'additive' 'Z' @16  true
 - private 'name' 'Ljava/lang/String;' @20  
[error occurred during error reporting (printing register info), id 0xb, SIGSEGV (0xb) at pc=0x00007f06bc83b2be]

Top of Stack: (sp=0x00007f069556c910)
0x00007f069556c910:   0000000714a088c8 00007f05f4008e20
0x00007f069556c920:   0000000715365a40 00007f06bd2f1330
0x00007f069556c930:   0000000714a0a6e9 00007f06b4129f90
0x00007f069556c940:   00007f0500000006 00007f063800c6e8
0x00007f069556c950:   00007f06bd2f1330 0000000714a0a648
0x00007f069556c960:   000000400000000a 0000000714a0a764
0x00007f069556c970:   0000000000000001 0000000000000001
0x00007f069556c980:   00007f069556c990 00007f05f4008e20
0x00007f069556c990:   00007f05e406a1c8 00007f05e406a1d8
0x00007f069556c9a0:   00007f05e406a1c0 00007f069556cb01
0x00007f069556c9b0:   00007f069556ca00 00007f06bc7681ad
0x00007f069556c9c0:   0000000000000000 00007f069556cac0
0x00007f069556c9d0:   0000000066ba0cad 00000001675a3220
0x00007f069556c9e0:   00007f05e406a1c8 00007f05f4009378
0x00007f069556c9f0:   00007f05e406a1d8 00007f05e406a1c0
0x00007f069556ca00:   00007f069556ca30 00007f06bc592e1a
0x00007f069556ca10:   00007f05f40093d8 00007f05f40093d8
0x00007f069556ca20:   00007f05f40093d8 00007f05f40093d8
0x00007f069556ca30:   00007f069556ca70 00007f06bc740fdd
0x00007f069556ca40:   00007f069556ca50 00007f06bcc373ad
0x00007f069556ca50:   00007f069556ca70 00007f06bcebff85
0x00007f069556ca60:   00007f05e406a080 00007f05f40093d8
0x00007f069556ca70:   00007f069556caa0 00007f06bc598141
0x00007f069556ca80:   0000000066ba0070 00007f06b946dfe0
0x00007f069556ca90:   00007f05f4009340 00007f069556cac0
0x00007f069556caa0:   00007f069556cb50 00007f06bc76a31c
0x00007f069556cab0:   000000019556cae0 00007f05f40093f0
0x00007f069556cac0:   00007f06bd241bc8 0000000066ba0070
0x00007f069556cad0:   00000001675a0734 0000000000000003
0x00007f069556cae0:   00007f0630001280 00007f0600000001
0x00007f069556caf0:   0000000000000000 0000000000000000
0x00007f069556cb00:   0000005b00000000 00007f05f4008e20 

Instructions: (pc=0x00007f06bc745691)
0x00007f06bc745591:   8a 80 05 00 00 48 8d 0c 71 0f b6 79 01 44 0f b6
0x00007f06bc7455a1:   39 40 84 ff 78 91 42 0f 18 0c 30 ba 10 00 00 00
0x00007f06bc7455b1:   0f 18 0c 10 48 8b 83 98 01 00 00 49 8d 4c 24 01
0x00007f06bc7455c1:   4c 8b 78 10 41 8b 87 80 00 00 00 41 8b b7 00 01
0x00007f06bc7455d1:   00 00 89 c2 29 f2 81 e2 ff ff 01 00 81 fa fd ff
0x00007f06bc7455e1:   01 00 0f 86 fd 0a 00 00 49 8b 87 a0 02 00 00 49
0x00007f06bc7455f1:   3b 87 88 02 00 00 0f 84 ae 14 00 00 48 8d 34 c5
0x00007f06bc745601:   00 00 00 00 48 83 c0 01 49 8b 97 b8 02 00 00 48
0x00007f06bc745611:   89 0c 32 49 89 87 a0 02 00 00 e9 37 ff ff ff 49
0x00007f06bc745621:   8d be 80 02 00 00 e8 24 c4 fb ff b8 01 00 00 00
0x00007f06bc745631:   31 d2 e9 f8 fd ff ff 0f 1f 84 00 00 00 00 00 4c
0x00007f06bc745641:   8d 15 e9 bc ba 00 45 8b 74 24 ff 48 8b 43 08 41
0x00007f06bc745651:   8b 72 08 49 8b 12 89 f1 49 d3 e6 8b 88 90 05 00
0x00007f06bc745661:   00 48 8b 80 80 05 00 00 49 01 d6 4c 89 f7 48 d3
0x00007f06bc745671:   ef 48 8d 04 78 44 0f b6 58 01 44 0f b6 38 45 84
0x00007f06bc745681:   db 0f 88 78 f5 ff ff 49 8d 44 24 ff 48 89 45 b8
0x00007f06bc745691:   49 8b 06 48 89 c1 83 e1 03 48 83 f9 03 0f 85 35
0x00007f06bc7456a1:   06 00 00 48 8d 0d a5 2a bf 00 80 39 00 0f 85 dc
0x00007f06bc7456b1:   0a 00 00 48 83 e0 fc 4c 8b 7d b8 4c 8d 35 b9 3f
0x00007f06bc7456c1:   bf 00 48 89 45 a8 49 31 c7 48 8b 7d a8 89 f1 48
0x00007f06bc7456d1:   89 f8 48 29 d0 48 d3 e8 41 89 44 24 ff 41 8b 0e
0x00007f06bc7456e1:   49 d3 ef 4d 85 ff 0f 84 13 f5 ff ff 48 8b 53 08
0x00007f06bc7456f1:   48 8b 75 b8 8b 8a c0 01 00 00 48 89 f0 48 d3 e8
0x00007f06bc745701:   48 89 c1 48 8b 82 b0 01 00 00 48 8b 04 c8 8b 80
0x00007f06bc745711:   bc 00 00 00 a8 02 0f 85 e3 f4 ff ff 8b 8a 90 05
0x00007f06bc745721:   00 00 48 89 f8 48 8b 92 80 05 00 00 48 d3 e8 80
0x00007f06bc745731:   3c 42 00 0f 84 c6 f4 ff ff 48 8b 43 60 e9 90 f4
0x00007f06bc745741:   ff ff 0f 1f 44 00 00 49 8d bf 80 02 00 00 48 89
0x00007f06bc745751:   4d b8 e8 f8 c2 fb ff 48 8b 4d b8 b8 01 00 00 00
0x00007f06bc745761:   31 d2 e9 b6 ef ff ff 0f 1f 84 00 00 00 00 00 0f
0x00007f06bc745771:   84 76 03 00 00 3c 01 48 8d 05 ad c5 ba 00 48 19
0x00007f06bc745781:   c9 8b 00 83 e1 04 4d 63 54 0c 0c 44 89 e9 41 c1 


Stack slot to memory mapping:
stack at sp + 0 slots: 0x0000000714a088c8 is an oop: java.lang.Module 
{0x0000000714a088c8} - klass: 'java/lang/Module'
 - ---- fields (total size 7 words):
 - private volatile 'enableNativeAccess' 'Z' @12  false
 - private final 'layer' 'Ljava/lang/ModuleLayer;' @24  NULL (0)
 - private final 'name' 'Ljava/lang/String;' @28  NULL (0)
 - private final 'loader' 'Ljava/lang/ClassLoader;' @32  a 'jdk/internal/reflect/DelegatingClassLoader'{0x0000000714a08878} (e294110f)
 - private final 'descriptor' 'Ljava/lang/module/ModuleDescriptor;' @36  NULL (0)
 - private volatile 'reads' 'Ljava/util/Set;' @40  NULL (0)
 - private volatile 'openPackages' 'Ljava/util/Map;' @44  NULL (0)
 - private volatile 'exportedPackages' 'Ljava/util/Map;' @48  NULL (0)
 - private volatile 'moduleInfoClass' 'Ljava/lang/Class;' @52  NULL (0)
stack at sp + 1 slots: 0x00007f05f4008e20 points into unknown readable memory: 0x00007f06bd241f40 | 40 1f 24 bd 06 7f 00 00
stack at sp + 2 slots: 0x0000000715365a40 is an oop: java.lang.Module 
{0x0000000715365a40} - klass: 'java/lang/Module'
 - ---- fields (total size 7 words):
 - private volatile 'enableNativeAccess' 'Z' @12  false
 - private final 'layer' 'Ljava/lang/ModuleLayer;' @24  NULL (0)
 - private final 'name' 'Ljava/lang/String;' @28  NULL (0)
 - private final 'loader' 'Ljava/lang/ClassLoader;' @32  a 'jdk/internal/reflect/DelegatingClassLoader'{0x00000007153658c8} (e2a6cb19)
 - private final 'descriptor' 'Ljava/lang/module/ModuleDescriptor;' @36  NULL (0)
 - private volatile 'reads' 'Ljava/util/Set;' @40  NULL (0)
 - private volatile 'openPackages' 'Ljava/util/Map;' @44  NULL (0)
 - private volatile 'exportedPackages' 'Ljava/util/Map;' @48  NULL (0)
 - private volatile 'moduleInfoClass' 'Ljava/lang/Class;' @52  NULL (0)
stack at sp + 3 slots: 0x00007f06bd2f1330: <offset 0x00000000012f1330> in /usr/lib/jvm/java-17-openjdk-amd64/lib/server/libjvm.so at 0x00007f06bc000000
stack at sp + 4 slots: 0x0000000714a0a6e9 is pointing into object: java.util.concurrent.CopyOnWriteArrayList 
{0x0000000714a0a6d8} - klass: 'java/util/concurrent/CopyOnWriteArrayList'
 - ---- fields (total size 3 words):
 - final transient 'lock' 'Ljava/lang/Object;' @12  a 'java/lang/Object'{0x0000000714a0a6f0} (e29414de)
 - private volatile transient 'array' '[Ljava/lang/Object;' @16  a 'java/lang/Object'[11] {0x0000000714a0a700} (e29414e0)
stack at sp + 5 slots: 0x00007f06b4129f90 points into unknown readable memory: 0x0000000715200000 | 00 00 20 15 07 00 00 00
stack at sp + 6 slots: 0x00007f0500000006 is an unknown value
stack at sp + 7 slots: 0x00007f063800c6e8 is a pointer to class: 
ch.qos.logback.classic.Logger {0x00007f063800c6e8}
 - instance size:     6
 - klass size:        220
 - access:            public final synchronized 
 - state:             fully_initialized
 - name:              'ch/qos/logback/classic/Logger'
 - super:             'java/lang/Object'
 - sub:               
 - arrays:            NULL
 - methods:           Array<T>(0x00007f067c46a6a8)
 - method ordering:   Array<T>(0x00007f0637917c80)
 - default_methods:   Array<T>(0x00007f067c46fe68)
 - default vtable indices:   Array<T>(0x00007f067c46fea8)
 - local interfaces:  Array<T>(0x00007f067c469f18)
 - trans. interfaces: Array<T>(0x00007f067c46fe38)
 - constants:         constant pool [514]/operands[32] {0x00007f067c468dc8} for 'ch/qos/logback/classic/Logger' cache=0x00007f067c471ec0
 - class loader data:  loader data: 0x00007f06b4186230 for instance a 'jdk/internal/loader/ClassLoaders$AppClassLoader'{0x0000000707190150}
 - source file:       'Logger.java'
 - class annotations:       Array<T>(0x0000000000000000)
 - class type annotations:  Array<T>(0x0000000000000000)
 - field annotations:       Array<T>(0x0000000000000000)
 - field type annotations:  Array<T>(0x0000000000000000)
 - generic signature: 'Ljava/lang/Object;Lorg/slf4j/Logger;Lorg/slf4j/spi/LocationAwareLogger;Lorg/slf4j/spi/LoggingEventAware;Lch/qos/logback/core/spi/AppenderAttachable<Lch/qos/logback/classic/spi/ILoggingEvent;>;Ljava/io/Serializable;'
 - inner classes:     Array<T>(0x00007f067c46fe20)
 - nest members:     Array<T>(0x00007f06375d5ee8)
 - permitted subclasses:     Array<T>(0x00007f06375d5ee8)
 - java mirror:       a 'java/lang/Class'{0x0000000707379540} = 'ch/qos/logback/classic/Logger'
 - vtable length      12  (start addr: 0x00007f063800c8b8)
 - itable length      149 (start addr: 0x00007f063800c918)
 - ---- static fields (2 words):
 - private static final 'serialVersionUID' 'J' @120 
 - public static final 'FQCN' 'Ljava/lang/String;' @112 
 - ---- non-static fields (8 words):
 - private transient 'effectiveLevelInt' 'I' @12 
 - private transient 'additive' 'Z' @16 
 - private 'name' 'Ljava/lang/String;' @20 
 - private transient 'level' 'Lch/qos/logback/classic/Level;' @24 
 - private transient 'parent' 'Lch/qos/logback/classic/Logger;' @28 
 - private transient 'childrenList' 'Ljava/util/List;' @32 
 - private transient 'aai' 'Lch/qos/logback/core/spi/AppenderAttachableImpl;' @36 
 - final transient 'loggerContext' 'Lch/qos/logback/classic/LoggerContext;' @40 
 - non-static oop maps: 20-40 


---------------  P R O C E S S  ---------------

Threads class SMR info:
_java_thread_list=0x00007f05ec134050, length=17, elements={
0x00007f06b4017270, 0x00007f06b4167d40, 0x00007f06b4169130, 0x00007f06b416e900,
0x00007f06b416fcc0, 0x00007f06b41710e0, 0x00007f06b4172aa0, 0x00007f06b4173fe0,
0x00007f06b4175460, 0x00007f06b4180ba0, 0x00007f06b4497410, 0x00007f06b4498200,
0x00007f06100aadf0, 0x00007f06b4713090, 0x00007f05e8005eb0, 0x00007f0620000fe0,
0x00007f05ec133040
}

Java Threads: ( => current thread )
  0x00007f06b4017270 JavaThread "main" [_thread_blocked, id=21249, stack(0x00007f06bbf00000,0x00007f06bc000000)]
  0x00007f06b4167d40 JavaThread "Reference Handler" daemon [_thread_blocked, id=21256, stack(0x00007f06b926f000,0x00007f06b936f000)]
  0x00007f06b4169130 JavaThread "Finalizer" daemon [_thread_blocked, id=21257, stack(0x00007f06b916f000,0x00007f06b926f000)]
  0x00007f06b416e900 JavaThread "Signal Dispatcher" daemon [_thread_blocked, id=21258, stack(0x00007f06b906f000,0x00007f06b916f000)]
  0x00007f06b416fcc0 JavaThread "Service Thread" daemon [_thread_blocked, id=21259, stack(0x00007f06b8900000,0x00007f06b8a00000)]
  0x00007f06b41710e0 JavaThread "Monitor Deflation Thread" daemon [_thread_blocked, id=21260, stack(0x00007f06b8800000,0x00007f06b8900000)]
  0x00007f06b4172aa0 JavaThread "C2 CompilerThread0" daemon [_thread_blocked, id=21261, stack(0x00007f06b8700000,0x00007f06b8800000)]
  0x00007f06b4173fe0 JavaThread "C1 CompilerThread0" daemon [_thread_blocked, id=21262, stack(0x00007f06b8600000,0x00007f06b8700000)]
  0x00007f06b4175460 JavaThread "Sweeper thread" daemon [_thread_blocked, id=21263, stack(0x00007f06b8500000,0x00007f06b8600000)]
  0x00007f06b4180ba0 JavaThread "Common-Cleaner" daemon [_thread_blocked, id=21264, stack(0x00007f06b8400000,0x00007f06b8500000)]
  0x00007f06b4497410 JavaThread "Monitor Ctrl-Break" daemon [_thread_in_native, id=21266, stack(0x00007f06b8300000,0x00007f06b8400000)]
  0x00007f06b4498200 JavaThread "Notification Thread" daemon [_thread_blocked, id=21267, stack(0x00007f06b8200000,0x00007f06b8300000)]
  0x00007f06100aadf0 JavaThread "C2 CompilerThread1" daemon [_thread_blocked, id=21269, stack(0x00007f06b3f00000,0x00007f06b4000000)]
  0x00007f06b4713090 JavaThread "Thread-0" [_thread_blocked, id=21278, stack(0x00007f069536d000,0x00007f069546d000)]
  0x00007f05e8005eb0 JavaThread "restartedMain" [_thread_blocked, id=21279, stack(0x00007f069526d000,0x00007f069536d000)]
  0x00007f0620000fe0 JavaThread "Attach Listener" daemon [_thread_blocked, id=21281, stack(0x00007f069516d000,0x00007f069526d000)]
  0x00007f05ec133040 JavaThread "background-preinit" [_thread_blocked, id=21282, stack(0x00007f069506d000,0x00007f069516d000)]

Other Threads:
  0x00007f06b4163d10 VMThread "VM Thread" [stack: 0x00007f06b9370000,0x00007f06b9470000] [id=21255]
  0x00007f06b4019a40 WatcherThread [stack: 0x00007f06b8100000,0x00007f06b8200000] [id=21268]
  0x00007f06b40814d0 GCTaskThread "GC Thread#0" [stack: 0x00007f06b9dcb000,0x00007f06b9ecb000] [id=21250]
  0x00007f0630005110 GCTaskThread "GC Thread#1" [stack: 0x00007f0695670000,0x00007f0695770000] [id=21271]
  0x00007f0630005b50 GCTaskThread "GC Thread#2" [stack: 0x00007f069556f000,0x00007f069566f000] [id=21272]
=>0x00007f0630006590 GCTaskThread "GC Thread#3" [stack: 0x00007f069546e000,0x00007f069556e000] [id=21273]
  0x00007f06b40923d0 ConcurrentGCThread "G1 Main Marker" [stack: 0x00007f06b9cca000,0x00007f06b9dca000] [id=21251]
  0x00007f06b4093340 ConcurrentGCThread "G1 Conc#0" [stack: 0x00007f06b9bc9000,0x00007f06b9cc9000] [id=21252]
  0x00007f06b4136ce0 ConcurrentGCThread "G1 Refine#0" [stack: 0x00007f06b96c4000,0x00007f06b97c4000] [id=21253]
  0x00007f06b4137be0 ConcurrentGCThread "G1 Service" [stack: 0x00007f06b95c3000,0x00007f06b96c3000] [id=21254]

Threads with active compile tasks:
C2 CompilerThread0     1768 1606   !   4       java.net.URL::<init> (543 bytes)
C1 CompilerThread0     1768 1698       3       org.springframework.core.ResolvableType::resolveType (146 bytes)
C2 CompilerThread1     1768 1673       4       jdk.internal.org.objectweb.asm.Frame::execute (2305 bytes)

VM state: at safepoint (normal execution)

VM Mutex/Monitor currently owned by a thread:  ([mutex/lock_event])
[0x00007f06b4013fe0] Threads_lock - owner thread: 0x00007f06b4163d10
[0x00007f06b4014790] Heap_lock - owner thread: 0x00007f05e8005eb0

Heap address: 0x0000000706e00000, size: 3986 MB, Compressed Oops mode: Zero based, Oop shift amount: 3

CDS archive(s) mapped at: [0x00007f0637000000-0x00007f0637bc6000-0x00007f0637bc6000), size 12345344, SharedBaseAddress: 0x00007f0637000000, ArchiveRelocationMode: 1.
Compressed class space mapped at: 0x00007f0638000000-0x00007f0678000000, reserved size: 1073741824
Narrow klass base: 0x00007f0637000000, Narrow klass shift: 0, Narrow klass range: 0x100000000

GC Precious Log:
 CPUs: 4 total, 4 available
 Memory: 15942M
 Large Page Support: Disabled
 NUMA Support: Disabled
 Compressed Oops: Enabled (Zero based)
 Heap Region Size: 2M
 Heap Min Capacity: 8M
 Heap Initial Capacity: 250M
 Heap Max Capacity: 3986M
 Pre-touch: Disabled
 Parallel Workers: 4
 Concurrent Workers: 1
 Concurrent Refinement Workers: 4
 Periodic GC: Disabled

Heap:
 garbage-first heap   total 260096K, used 34886K [0x0000000706e00000, 0x0000000800000000)
  region size 2048K, 15 young (30720K), 2 survivors (4096K)
 Metaspace       used 11792K, committed 12096K, reserved 1114112K
  class space    used 1529K, committed 1664K, reserved 1048576K

Heap Regions: E=young(eden), S=young(survivor), O=old, HS=humongous(starts), HC=humongous(continues), CS=collection set, F=free, OA=open archive, CA=closed archive, TAMS=top-at-mark-start (previous, next)
|   0|0x0000000706e00000, 0x0000000707000000, 0x0000000707000000|100%| O|  |TAMS 0x0000000706e00000, 0x0000000706e00000| Untracked 
|   1|0x0000000707000000, 0x0000000707200000, 0x0000000707200000|100%| O|  |TAMS 0x0000000707000000, 0x0000000707000000| Untracked 
|   2|0x0000000707200000, 0x0000000707396400, 0x0000000707400000| 79%| O|  |TAMS 0x0000000707200000, 0x0000000707200000| Untracked 
|   3|0x0000000707400000, 0x0000000707400000, 0x0000000707600000|  0%| F|  |TAMS 0x0000000707400000, 0x0000000707400000| Untracked 
|   4|0x0000000707600000, 0x0000000707600000, 0x0000000707800000|  0%| F|  |TAMS 0x0000000707600000, 0x0000000707600000| Untracked 
|   5|0x0000000707800000, 0x0000000707800000, 0x0000000707a00000|  0%| F|  |TAMS 0x0000000707800000, 0x0000000707800000| Untracked 
|   6|0x0000000707a00000, 0x0000000707a00000, 0x0000000707c00000|  0%| F|  |TAMS 0x0000000707a00000, 0x0000000707a00000| Untracked 
|   7|0x0000000707c00000, 0x0000000707c00000, 0x0000000707e00000|  0%| F|  |TAMS 0x0000000707c00000, 0x0000000707c00000| Untracked 
|   8|0x0000000707e00000, 0x0000000707e00000, 0x0000000708000000|  0%| F|  |TAMS 0x0000000707e00000, 0x0000000707e00000| Untracked 
|   9|0x0000000708000000, 0x0000000708000000, 0x0000000708200000|  0%| F|  |TAMS 0x0000000708000000, 0x0000000708000000| Untracked 
|  10|0x0000000708200000, 0x0000000708200000, 0x0000000708400000|  0%| F|  |TAMS 0x0000000708200000, 0x0000000708200000| Untracked 
|  11|0x0000000708400000, 0x0000000708400000, 0x0000000708600000|  0%| F|  |TAMS 0x0000000708400000, 0x0000000708400000| Untracked 
|  12|0x0000000708600000, 0x0000000708600000, 0x0000000708800000|  0%| F|  |TAMS 0x0000000708600000, 0x0000000708600000| Untracked 
|  13|0x0000000708800000, 0x0000000708800000, 0x0000000708a00000|  0%| F|  |TAMS 0x0000000708800000, 0x0000000708800000| Untracked 
|  14|0x0000000708a00000, 0x0000000708a00000, 0x0000000708c00000|  0%| F|  |TAMS 0x0000000708a00000, 0x0000000708a00000| Untracked 
|  15|0x0000000708c00000, 0x0000000708c00000, 0x0000000708e00000|  0%| F|  |TAMS 0x0000000708c00000, 0x0000000708c00000| Untracked 
|  16|0x0000000708e00000, 0x0000000708e00000, 0x0000000709000000|  0%| F|  |TAMS 0x0000000708e00000, 0x0000000708e00000| Untracked 
|  17|0x0000000709000000, 0x0000000709000000, 0x0000000709200000|  0%| F|  |TAMS 0x0000000709000000, 0x0000000709000000| Untracked 
|  18|0x0000000709200000, 0x0000000709200000, 0x0000000709400000|  0%| F|  |TAMS 0x0000000709200000, 0x0000000709200000| Untracked 
|  19|0x0000000709400000, 0x0000000709400000, 0x0000000709600000|  0%| F|  |TAMS 0x0000000709400000, 0x0000000709400000| Untracked 
|  20|0x0000000709600000, 0x0000000709600000, 0x0000000709800000|  0%| F|  |TAMS 0x0000000709600000, 0x0000000709600000| Untracked 
|  21|0x0000000709800000, 0x0000000709800000, 0x0000000709a00000|  0%| F|  |TAMS 0x0000000709800000, 0x0000000709800000| Untracked 
|  22|0x0000000709a00000, 0x0000000709a00000, 0x0000000709c00000|  0%| F|  |TAMS 0x0000000709a00000, 0x0000000709a00000| Untracked 
|  23|0x0000000709c00000, 0x0000000709c00000, 0x0000000709e00000|  0%| F|  |TAMS 0x0000000709c00000, 0x0000000709c00000| Untracked 
|  24|0x0000000709e00000, 0x0000000709e00000, 0x000000070a000000|  0%| F|  |TAMS 0x0000000709e00000, 0x0000000709e00000| Untracked 
|  25|0x000000070a000000, 0x000000070a000000, 0x000000070a200000|  0%| F|  |TAMS 0x000000070a000000, 0x000000070a000000| Untracked 
|  26|0x000000070a200000, 0x000000070a200000, 0x000000070a400000|  0%| F|  |TAMS 0x000000070a200000, 0x000000070a200000| Untracked 
|  27|0x000000070a400000, 0x000000070a400000, 0x000000070a600000|  0%| F|  |TAMS 0x000000070a400000, 0x000000070a400000| Untracked 
|  28|0x000000070a600000, 0x000000070a600000, 0x000000070a800000|  0%| F|  |TAMS 0x000000070a600000, 0x000000070a600000| Untracked 
|  29|0x000000070a800000, 0x000000070a800000, 0x000000070aa00000|  0%| F|  |TAMS 0x000000070a800000, 0x000000070a800000| Untracked 
|  30|0x000000070aa00000, 0x000000070aa00000, 0x000000070ac00000|  0%| F|  |TAMS 0x000000070aa00000, 0x000000070aa00000| Untracked 
|  31|0x000000070ac00000, 0x000000070ac00000, 0x000000070ae00000|  0%| F|  |TAMS 0x000000070ac00000, 0x000000070ac00000| Untracked 
|  32|0x000000070ae00000, 0x000000070ae00000, 0x000000070b000000|  0%| F|  |TAMS 0x000000070ae00000, 0x000000070ae00000| Untracked 
|  33|0x000000070b000000, 0x000000070b000000, 0x000000070b200000|  0%| F|  |TAMS 0x000000070b000000, 0x000000070b000000| Untracked 
|  34|0x000000070b200000, 0x000000070b200000, 0x000000070b400000|  0%| F|  |TAMS 0x000000070b200000, 0x000000070b200000| Untracked 
|  35|0x000000070b400000, 0x000000070b400000, 0x000000070b600000|  0%| F|  |TAMS 0x000000070b400000, 0x000000070b400000| Untracked 
|  36|0x000000070b600000, 0x000000070b600000, 0x000000070b800000|  0%| F|  |TAMS 0x000000070b600000, 0x000000070b600000| Untracked 
|  37|0x000000070b800000, 0x000000070b800000, 0x000000070ba00000|  0%| F|  |TAMS 0x000000070b800000, 0x000000070b800000| Untracked 
|  38|0x000000070ba00000, 0x000000070ba00000, 0x000000070bc00000|  0%| F|  |TAMS 0x000000070ba00000, 0x000000070ba00000| Untracked 
|  39|0x000000070bc00000, 0x000000070bc00000, 0x000000070be00000|  0%| F|  |TAMS 0x000000070bc00000, 0x000000070bc00000| Untracked 
|  40|0x000000070be00000, 0x000000070be00000, 0x000000070c000000|  0%| F|  |TAMS 0x000000070be00000, 0x000000070be00000| Untracked 
|  41|0x000000070c000000, 0x000000070c000000, 0x000000070c200000|  0%| F|  |TAMS 0x000000070c000000, 0x000000070c000000| Untracked 
|  42|0x000000070c200000, 0x000000070c200000, 0x000000070c400000|  0%| F|  |TAMS 0x000000070c200000, 0x000000070c200000| Untracked 
|  43|0x000000070c400000, 0x000000070c400000, 0x000000070c600000|  0%| F|  |TAMS 0x000000070c400000, 0x000000070c400000| Untracked 
|  44|0x000000070c600000, 0x000000070c600000, 0x000000070c800000|  0%| F|  |TAMS 0x000000070c600000, 0x000000070c600000| Untracked 
|  45|0x000000070c800000, 0x000000070c800000, 0x000000070ca00000|  0%| F|  |TAMS 0x000000070c800000, 0x000000070c800000| Untracked 
|  46|0x000000070ca00000, 0x000000070ca00000, 0x000000070cc00000|  0%| F|  |TAMS 0x000000070ca00000, 0x000000070ca00000| Untracked 
|  47|0x000000070cc00000, 0x000000070cc00000, 0x000000070ce00000|  0%| F|  |TAMS 0x000000070cc00000, 0x000000070cc00000| Untracked 
|  48|0x000000070ce00000, 0x000000070ce00000, 0x000000070d000000|  0%| F|  |TAMS 0x000000070ce00000, 0x000000070ce00000| Untracked 
|  49|0x000000070d000000, 0x000000070d000000, 0x000000070d200000|  0%| F|  |TAMS 0x000000070d000000, 0x000000070d000000| Untracked 
|  50|0x000000070d200000, 0x000000070d200000, 0x000000070d400000|  0%| F|  |TAMS 0x000000070d200000, 0x000000070d200000| Untracked 
|  51|0x000000070d400000, 0x000000070d400000, 0x000000070d600000|  0%| F|  |TAMS 0x000000070d400000, 0x000000070d400000| Untracked 
|  52|0x000000070d600000, 0x000000070d600000, 0x000000070d800000|  0%| F|  |TAMS 0x000000070d600000, 0x000000070d600000| Untracked 
|  53|0x000000070d800000, 0x000000070d800000, 0x000000070da00000|  0%| F|  |TAMS 0x000000070d800000, 0x000000070d800000| Untracked 
|  54|0x000000070da00000, 0x000000070da00000, 0x000000070dc00000|  0%| F|  |TAMS 0x000000070da00000, 0x000000070da00000| Untracked 
|  55|0x000000070dc00000, 0x000000070dc00000, 0x000000070de00000|  0%| F|  |TAMS 0x000000070dc00000, 0x000000070dc00000| Untracked 
|  56|0x000000070de00000, 0x000000070de00000, 0x000000070e000000|  0%| F|  |TAMS 0x000000070de00000, 0x000000070de00000| Untracked 
|  57|0x000000070e000000, 0x000000070e000000, 0x000000070e200000|  0%| F|  |TAMS 0x000000070e000000, 0x000000070e000000| Untracked 
|  58|0x000000070e200000, 0x000000070e200000, 0x000000070e400000|  0%| F|  |TAMS 0x000000070e200000, 0x000000070e200000| Untracked 
|  59|0x000000070e400000, 0x000000070e400000, 0x000000070e600000|  0%| F|  |TAMS 0x000000070e400000, 0x000000070e400000| Untracked 
|  60|0x000000070e600000, 0x000000070e600000, 0x000000070e800000|  0%| F|  |TAMS 0x000000070e600000, 0x000000070e600000| Untracked 
|  61|0x000000070e800000, 0x000000070e800000, 0x000000070ea00000|  0%| F|  |TAMS 0x000000070e800000, 0x000000070e800000| Untracked 
|  62|0x000000070ea00000, 0x000000070ea00000, 0x000000070ec00000|  0%| F|  |TAMS 0x000000070ea00000, 0x000000070ea00000| Untracked 
|  63|0x000000070ec00000, 0x000000070ec00000, 0x000000070ee00000|  0%| F|  |TAMS 0x000000070ec00000, 0x000000070ec00000| Untracked 
|  64|0x000000070ee00000, 0x000000070ee00000, 0x000000070f000000|  0%| F|  |TAMS 0x000000070ee00000, 0x000000070ee00000| Untracked 
|  65|0x000000070f000000, 0x000000070f000000, 0x000000070f200000|  0%| F|  |TAMS 0x000000070f000000, 0x000000070f000000| Untracked 
|  66|0x000000070f200000, 0x000000070f200000, 0x000000070f400000|  0%| F|  |TAMS 0x000000070f200000, 0x000000070f200000| Untracked 
|  67|0x000000070f400000, 0x000000070f400000, 0x000000070f600000|  0%| F|  |TAMS 0x000000070f400000, 0x000000070f400000| Untracked 
|  68|0x000000070f600000, 0x000000070f600000, 0x000000070f800000|  0%| F|  |TAMS 0x000000070f600000, 0x000000070f600000| Untracked 
|  69|0x000000070f800000, 0x000000070f800000, 0x000000070fa00000|  0%| F|  |TAMS 0x000000070f800000, 0x000000070f800000| Untracked 
|  70|0x000000070fa00000, 0x000000070fa00000, 0x000000070fc00000|  0%| F|  |TAMS 0x000000070fa00000, 0x000000070fa00000| Untracked 
|  71|0x000000070fc00000, 0x000000070fc00000, 0x000000070fe00000|  0%| F|  |TAMS 0x000000070fc00000, 0x000000070fc00000| Untracked 
|  72|0x000000070fe00000, 0x000000070fe00000, 0x0000000710000000|  0%| F|  |TAMS 0x000000070fe00000, 0x000000070fe00000| Untracked 
|  73|0x0000000710000000, 0x0000000710000000, 0x0000000710200000|  0%| F|  |TAMS 0x0000000710000000, 0x0000000710000000| Untracked 
|  74|0x0000000710200000, 0x0000000710200000, 0x0000000710400000|  0%| F|  |TAMS 0x0000000710200000, 0x0000000710200000| Untracked 
|  75|0x0000000710400000, 0x0000000710400000, 0x0000000710600000|  0%| F|  |TAMS 0x0000000710400000, 0x0000000710400000| Untracked 
|  76|0x0000000710600000, 0x0000000710600000, 0x0000000710800000|  0%| F|  |TAMS 0x0000000710600000, 0x0000000710600000| Untracked 
|  77|0x0000000710800000, 0x0000000710800000, 0x0000000710a00000|  0%| F|  |TAMS 0x0000000710800000, 0x0000000710800000| Untracked 
|  78|0x0000000710a00000, 0x0000000710a00000, 0x0000000710c00000|  0%| F|  |TAMS 0x0000000710a00000, 0x0000000710a00000| Untracked 
|  79|0x0000000710c00000, 0x0000000710c00000, 0x0000000710e00000|  0%| F|  |TAMS 0x0000000710c00000, 0x0000000710c00000| Untracked 
|  80|0x0000000710e00000, 0x0000000710e00000, 0x0000000711000000|  0%| F|  |TAMS 0x0000000710e00000, 0x0000000710e00000| Untracked 
|  81|0x0000000711000000, 0x0000000711000000, 0x0000000711200000|  0%| F|  |TAMS 0x0000000711000000, 0x0000000711000000| Untracked 
|  82|0x0000000711200000, 0x0000000711200000, 0x0000000711400000|  0%| F|  |TAMS 0x0000000711200000, 0x0000000711200000| Untracked 
|  83|0x0000000711400000, 0x0000000711400000, 0x0000000711600000|  0%| F|  |TAMS 0x0000000711400000, 0x0000000711400000| Untracked 
|  84|0x0000000711600000, 0x0000000711600000, 0x0000000711800000|  0%| F|  |TAMS 0x0000000711600000, 0x0000000711600000| Untracked 
|  85|0x0000000711800000, 0x0000000711800000, 0x0000000711a00000|  0%| F|  |TAMS 0x0000000711800000, 0x0000000711800000| Untracked 
|  86|0x0000000711a00000, 0x0000000711a00000, 0x0000000711c00000|  0%| F|  |TAMS 0x0000000711a00000, 0x0000000711a00000| Untracked 
|  87|0x0000000711c00000, 0x0000000711c00000, 0x0000000711e00000|  0%| F|  |TAMS 0x0000000711c00000, 0x0000000711c00000| Untracked 
|  88|0x0000000711e00000, 0x0000000711e00000, 0x0000000712000000|  0%| F|  |TAMS 0x0000000711e00000, 0x0000000711e00000| Untracked 
|  89|0x0000000712000000, 0x0000000712000000, 0x0000000712200000|  0%| F|  |TAMS 0x0000000712000000, 0x0000000712000000| Untracked 
|  90|0x0000000712200000, 0x0000000712200000, 0x0000000712400000|  0%| F|  |TAMS 0x0000000712200000, 0x0000000712200000| Untracked 
|  91|0x0000000712400000, 0x0000000712400000, 0x0000000712600000|  0%| F|  |TAMS 0x0000000712400000, 0x0000000712400000| Untracked 
|  92|0x0000000712600000, 0x0000000712600000, 0x0000000712800000|  0%| F|  |TAMS 0x0000000712600000, 0x0000000712600000| Untracked 
|  93|0x0000000712800000, 0x0000000712800000, 0x0000000712a00000|  0%| F|  |TAMS 0x0000000712800000, 0x0000000712800000| Untracked 
|  94|0x0000000712a00000, 0x0000000712a00000, 0x0000000712c00000|  0%| F|  |TAMS 0x0000000712a00000, 0x0000000712a00000| Untracked 
|  95|0x0000000712c00000, 0x0000000712c00000, 0x0000000712e00000|  0%| F|  |TAMS 0x0000000712c00000, 0x0000000712c00000| Untracked 
|  96|0x0000000712e00000, 0x0000000712e00000, 0x0000000713000000|  0%| F|  |TAMS 0x0000000712e00000, 0x0000000712e00000| Untracked 
|  97|0x0000000713000000, 0x0000000713000000, 0x0000000713200000|  0%| F|  |TAMS 0x0000000713000000, 0x0000000713000000| Untracked 
|  98|0x0000000713200000, 0x0000000713200000, 0x0000000713400000|  0%| F|  |TAMS 0x0000000713200000, 0x0000000713200000| Untracked 
|  99|0x0000000713400000, 0x0000000713400000, 0x0000000713600000|  0%| F|  |TAMS 0x0000000713400000, 0x0000000713400000| Untracked 
| 100|0x0000000713600000, 0x0000000713600000, 0x0000000713800000|  0%| F|  |TAMS 0x0000000713600000, 0x0000000713600000| Untracked 
| 101|0x0000000713800000, 0x0000000713800000, 0x0000000713a00000|  0%| F|  |TAMS 0x0000000713800000, 0x0000000713800000| Untracked 
| 102|0x0000000713a00000, 0x0000000713a00000, 0x0000000713c00000|  0%| F|  |TAMS 0x0000000713a00000, 0x0000000713a00000| Untracked 
| 103|0x0000000713c00000, 0x0000000713c00000, 0x0000000713e00000|  0%| F|  |TAMS 0x0000000713c00000, 0x0000000713c00000| Untracked 
| 104|0x0000000713e00000, 0x0000000713e00000, 0x0000000714000000|  0%| F|  |TAMS 0x0000000713e00000, 0x0000000713e00000| Untracked 
| 105|0x0000000714000000, 0x0000000714000000, 0x0000000714200000|  0%| F|  |TAMS 0x0000000714000000, 0x0000000714000000| Untracked 
| 106|0x0000000714200000, 0x0000000714200000, 0x0000000714400000|  0%| F|  |TAMS 0x0000000714200000, 0x0000000714200000| Untracked 
| 107|0x0000000714400000, 0x0000000714400000, 0x0000000714600000|  0%| F|  |TAMS 0x0000000714400000, 0x0000000714400000| Untracked 
| 108|0x0000000714600000, 0x0000000714600000, 0x0000000714800000|  0%| F|  |TAMS 0x0000000714600000, 0x0000000714600000| Untracked 
| 109|0x0000000714800000, 0x0000000714835f30, 0x0000000714a00000| 10%| S|  |TAMS 0x0000000714800000, 0x0000000714800000| Complete 
| 110|0x0000000714a00000, 0x0000000714c00000, 0x0000000714c00000|100%| S|  |TAMS 0x0000000714a00000, 0x0000000714a00000| Complete 
| 111|0x0000000714c00000, 0x0000000714e00000, 0x0000000714e00000|100%| E|CS|TAMS 0x0000000714c00000, 0x0000000714c00000| Complete 
| 112|0x0000000714e00000, 0x0000000715000000, 0x0000000715000000|100%| E|CS|TAMS 0x0000000714e00000, 0x0000000714e00000| Complete 
| 113|0x0000000715000000, 0x0000000715200000, 0x0000000715200000|100%| E|CS|TAMS 0x0000000715000000, 0x0000000715000000| Complete 
| 114|0x0000000715200000, 0x0000000715400000, 0x0000000715400000|100%| E|CS|TAMS 0x0000000715200000, 0x0000000715200000| Complete 
| 115|0x0000000715400000, 0x0000000715600000, 0x0000000715600000|100%| E|CS|TAMS 0x0000000715400000, 0x0000000715400000| Complete 
| 116|0x0000000715600000, 0x0000000715800000, 0x0000000715800000|100%| E|CS|TAMS 0x0000000715600000, 0x0000000715600000| Complete 
| 117|0x0000000715800000, 0x0000000715a00000, 0x0000000715a00000|100%| E|CS|TAMS 0x0000000715800000, 0x0000000715800000| Complete 
| 118|0x0000000715a00000, 0x0000000715c00000, 0x0000000715c00000|100%| E|CS|TAMS 0x0000000715a00000, 0x0000000715a00000| Complete 
| 119|0x0000000715c00000, 0x0000000715c8f4f0, 0x0000000715e00000| 27%| E|CS|TAMS 0x0000000715c00000, 0x0000000715c00000| Complete 
| 120|0x0000000715e00000, 0x0000000716000000, 0x0000000716000000|100%| E|CS|TAMS 0x0000000715e00000, 0x0000000715e00000| Complete 
| 121|0x0000000716000000, 0x0000000716200000, 0x0000000716200000|100%| E|CS|TAMS 0x0000000716000000, 0x0000000716000000| Complete 
| 122|0x0000000716200000, 0x0000000716400000, 0x0000000716400000|100%| E|CS|TAMS 0x0000000716200000, 0x0000000716200000| Complete 
| 123|0x0000000716400000, 0x0000000716600000, 0x0000000716600000|100%| E|CS|TAMS 0x0000000716400000, 0x0000000716400000| Complete 
| 124|0x0000000716600000, 0x0000000716800000, 0x0000000716800000|100%| E|CS|TAMS 0x0000000716600000, 0x0000000716600000| Complete 
|1991|0x00000007ffc00000, 0x00000007ffd75000, 0x00000007ffe00000| 72%|OA|  |TAMS 0x00000007ffc00000, 0x00000007ffc00000| Untracked 
|1992|0x00000007ffe00000, 0x00000007ffe77000, 0x0000000800000000| 23%|CA|  |TAMS 0x00000007ffe00000, 0x00000007ffe00000| Untracked 

Card table byte_map: [0x00007f06ba694000,0x00007f06bae5d000] _byte_map_base: 0x00007f06b6e5d000

Marking Bits (Prev, Next): (CMBitMap*) 0x00007f06b4081f60, (CMBitMap*) 0x00007f06b4081fa0
 Prev Bits: [0x00007f06995b8000, 0x00007f069d400000)
 Next Bits: [0x00007f0695770000, 0x00007f06995b8000)

Polling page: 0x00007f06bd81e000

Metaspace:

Usage:
  Non-class:     10,02 MB used.
      Class:      1,49 MB used.
       Both:     11,52 MB used.

Virtual space:
  Non-class space:       64,00 MB reserved,      10,19 MB ( 16%) committed,  1 nodes.
      Class space:        1,00 GB reserved,       1,62 MB ( <1%) committed,  1 nodes.
             Both:        1,06 GB reserved,      11,81 MB (  1%) committed. 

Chunk freelists:
   Non-Class:  5,80 MB
       Class:  14,34 MB
        Both:  20,14 MB

MaxMetaspaceSize: unlimited
CompressedClassSpaceSize: 1,00 GB
Initial GC threshold: 21,00 MB
Current GC threshold: 21,00 MB
CDS: on
MetaspaceReclaimPolicy: balanced
 - commit_granule_bytes: 65536.
 - commit_granule_words: 8192.
 - virtual_space_node_default_size: 8388608.
 - enlarge_chunks_in_place: 1.
 - new_chunks_are_fully_committed: 0.
 - uncommit_free_chunks: 1.
 - use_allocation_guard: 0.
 - handle_deallocations: 1.


Internal statistics:

num_allocs_failed_limit: 0.
num_arena_births: 188.
num_arena_deaths: 0.
num_vsnodes_births: 2.
num_vsnodes_deaths: 0.
num_space_committed: 189.
num_space_uncommitted: 0.
num_chunks_returned_to_freelist: 0.
num_chunks_taken_from_freelist: 537.
num_chunk_merges: 0.
num_chunk_splits: 358.
num_chunks_enlarged: 275.
num_inconsistent_stats: 0.

CodeHeap 'non-profiled nmethods': size=120032Kb used=617Kb max_used=617Kb free=119414Kb
 bounds [0x00007f06a4ec8000, 0x00007f06a5138000, 0x00007f06ac400000]
CodeHeap 'profiled nmethods': size=120028Kb used=2975Kb max_used=2975Kb free=117052Kb
 bounds [0x00007f069d400000, 0x00007f069d6f0000, 0x00007f06a4937000]
CodeHeap 'non-nmethods': size=5700Kb used=1172Kb max_used=1196Kb free=4527Kb
 bounds [0x00007f06a4937000, 0x00007f06a4ba7000, 0x00007f06a4ec8000]
 total_blobs=2159 nmethods=1689 adapters=384
 compilation: enabled
              stopped_count=0, restarted_count=0
 full_count=0

Compilation events (20 events):
Event: 1,718 Thread 0x00007f06b4173fe0 nmethod 1682 0x00007f069d6e5b90 code [0x00007f069d6e5d40, 0x00007f069d6e5f40]
Event: 1,718 Thread 0x00007f06b4173fe0 1683       3       java.util.ArrayList::indexOf (11 bytes)
Event: 1,718 Thread 0x00007f06b4173fe0 nmethod 1683 0x00007f069d6e6010 code [0x00007f069d6e61c0, 0x00007f069d6e6300]
Event: 1,718 Thread 0x00007f06b4173fe0 1692       1       org.springframework.core.annotation.AnnotationTypeMapping::getDistance (5 bytes)
Event: 1,718 Thread 0x00007f06b4173fe0 nmethod 1692 0x00007f06a4f61690 code [0x00007f06a4f61820, 0x00007f06a4f618f0]
Event: 1,718 Thread 0x00007f06b4173fe0 1689       1       org.springframework.core.annotation.AnnotationTypeMapping::getAnnotationType (5 bytes)
Event: 1,718 Thread 0x00007f06b4173fe0 nmethod 1689 0x00007f06a4f61990 code [0x00007f06a4f61b20, 0x00007f06a4f61bf0]
Event: 1,718 Thread 0x00007f06b4173fe0 1686       3       sun.reflect.generics.reflectiveObjects.ParameterizedTypeImpl::getRawType (5 bytes)
Event: 1,718 Thread 0x00007f06b4173fe0 nmethod 1686 0x00007f069d6e6390 code [0x00007f069d6e6520, 0x00007f069d6e6650]
Event: 1,718 Thread 0x00007f06b4173fe0 1688       1       org.springframework.core.annotation.AnnotationTypeMapping::getAttributes (5 bytes)
Event: 1,718 Thread 0x00007f06b4173fe0 nmethod 1688 0x00007f06a4f61c90 code [0x00007f06a4f61e20, 0x00007f06a4f61ef0]
Event: 1,718 Thread 0x00007f06b4173fe0 1687       3       java.lang.Class::getGenericInterfaces (21 bytes)
Event: 1,718 Thread 0x00007f06b4173fe0 nmethod 1687 0x00007f069d6e6710 code [0x00007f069d6e6900, 0x00007f069d6e6e50]
Event: 1,719 Thread 0x00007f06b4173fe0 1690       1       java.lang.invoke.MethodHandle::internalForm (5 bytes)
Event: 1,719 Thread 0x00007f06b4173fe0 nmethod 1690 0x00007f06a4f61f90 code [0x00007f06a4f62120, 0x00007f06a4f621f0]
Event: 1,719 Thread 0x00007f06b4173fe0 1694       3       org.springframework.core.annotation.PackagesAnnotationFilter::matches (42 bytes)
Event: 1,719 Thread 0x00007f06b4173fe0 nmethod 1694 0x00007f069d6e7010 code [0x00007f069d6e71e0, 0x00007f069d6e74e0]
Event: 1,720 Thread 0x00007f06b4173fe0 1695       3       org.springframework.core.annotation.AnnotationFilter::matches (11 bytes)
Event: 1,720 Thread 0x00007f06b4173fe0 nmethod 1695 0x00007f069d6e7690 code [0x00007f069d6e7860, 0x00007f069d6e7b30]
Event: 1,723 Thread 0x00007f06b4173fe0 1698       3       org.springframework.core.ResolvableType::resolveType (146 bytes)

GC Heap History (5 events):
Event: 0,757 GC heap before
{Heap before GC invocations=0 (full 0):
 garbage-first heap   total 260096K, used 12208K [0x0000000706e00000, 0x0000000800000000)
  region size 2048K, 6 young (12288K), 0 survivors (0K)
 Metaspace       used 3109K, committed 3264K, reserved 1114112K
  class space    used 318K, committed 384K, reserved 1048576K
}
Event: 0,767 GC heap after
{Heap after GC invocations=1 (full 0):
 garbage-first heap   total 260096K, used 7642K [0x0000000706e00000, 0x0000000800000000)
  region size 2048K, 1 young (2048K), 1 survivors (2048K)
 Metaspace       used 3109K, committed 3264K, reserved 1114112K
  class space    used 318K, committed 384K, reserved 1048576K
}
Event: 1,085 GC heap before
{Heap before GC invocations=1 (full 0):
 garbage-first heap   total 260096K, used 17882K [0x0000000706e00000, 0x0000000800000000)
  region size 2048K, 6 young (12288K), 1 survivors (2048K)
 Metaspace       used 5691K, committed 5888K, reserved 1114112K
  class space    used 661K, committed 768K, reserved 1048576K
}
Event: 1,093 GC heap after
{Heap after GC invocations=2 (full 0):
 garbage-first heap   total 260096K, used 8262K [0x0000000706e00000, 0x0000000800000000)
  region size 2048K, 1 young (2048K), 1 survivors (2048K)
 Metaspace       used 5691K, committed 5888K, reserved 1114112K
  class space    used 661K, committed 768K, reserved 1048576K
}
Event: 1,723 GC heap before
{Heap before GC invocations=2 (full 0):
 garbage-first heap   total 260096K, used 32838K [0x0000000706e00000, 0x0000000800000000)
  region size 2048K, 14 young (28672K), 1 survivors (2048K)
 Metaspace       used 11792K, committed 12096K, reserved 1114112K
  class space    used 1529K, committed 1664K, reserved 1048576K
}

Dll operation events (11 events):
Event: 0,002 Loaded shared library /usr/lib/jvm/java-17-openjdk-amd64/lib/libjava.so
Event: 0,024 Loaded shared library /usr/lib/jvm/java-17-openjdk-amd64/lib/libjsvml.so
Event: 0,153 Loaded shared library /usr/lib/jvm/java-17-openjdk-amd64/lib/libzip.so
Event: 0,168 Loaded shared library /usr/lib/jvm/java-17-openjdk-amd64/lib/libinstrument.so
Event: 0,174 Loaded shared library /usr/lib/jvm/java-17-openjdk-amd64/lib/libnio.so
Event: 0,177 Loaded shared library /usr/lib/jvm/java-17-openjdk-amd64/lib/libzip.so
Event: 0,334 Loaded shared library /usr/lib/jvm/java-17-openjdk-amd64/lib/libnet.so
Event: 0,357 Loaded shared library /usr/lib/jvm/java-17-openjdk-amd64/lib/libextnet.so
Event: 0,392 Loaded shared library /usr/lib/jvm/java-17-openjdk-amd64/lib/libjimage.so
Event: 0,895 Loaded shared library /usr/lib/jvm/java-17-openjdk-amd64/lib/libmanagement.so
Event: 0,896 Loaded shared library /usr/lib/jvm/java-17-openjdk-amd64/lib/libmanagement_ext.so

Deoptimization events (20 events):
Event: 1,637 Thread 0x00007f05e8005eb0 Uncommon trap: trap_request=0xffffffc6 fr.pc=0x00007f06a4f59e00 relative=0x00000000000013c0
Event: 1,637 Thread 0x00007f05e8005eb0 Uncommon trap: reason=bimorphic_or_optimized_type_check action=maybe_recompile pc=0x00007f06a4f59e00 method=java.util.HashMap.putVal(ILjava/lang/Object;Ljava/lang/Object;ZZ)Ljava/lang/Object; @ 56 c2
Event: 1,637 Thread 0x00007f05e8005eb0 DEOPT PACKING pc=0x00007f06a4f59e00 sp=0x00007f069536a340
Event: 1,637 Thread 0x00007f05e8005eb0 DEOPT UNPACKING pc=0x00007f06a498d693 sp=0x00007f069536a270 mode 2
Event: 1,676 Thread 0x00007f05e8005eb0 Uncommon trap: trap_request=0xffffff45 fr.pc=0x00007f06a4f3a4ac relative=0x000000000000030c
Event: 1,676 Thread 0x00007f05e8005eb0 Uncommon trap: reason=unstable_if action=reinterpret pc=0x00007f06a4f3a4ac method=jdk.internal.org.objectweb.asm.SymbolTable.put(Ljdk/internal/org/objectweb/asm/SymbolTable$Entry;)Ljdk/internal/org/objectweb/asm/SymbolTable$Entry; @ 13 c2
Event: 1,676 Thread 0x00007f05e8005eb0 DEOPT PACKING pc=0x00007f06a4f3a4ac sp=0x00007f0695369210
Event: 1,676 Thread 0x00007f05e8005eb0 DEOPT UNPACKING pc=0x00007f06a498d693 sp=0x00007f0695369190 mode 2
Event: 1,714 Thread 0x00007f05e8005eb0 Uncommon trap: trap_request=0xffffffc6 fr.pc=0x00007f06a4f59e00 relative=0x00000000000013c0
Event: 1,714 Thread 0x00007f05e8005eb0 Uncommon trap: reason=bimorphic_or_optimized_type_check action=maybe_recompile pc=0x00007f06a4f59e00 method=java.util.HashMap.putVal(ILjava/lang/Object;Ljava/lang/Object;ZZ)Ljava/lang/Object; @ 56 c2
Event: 1,714 Thread 0x00007f05e8005eb0 DEOPT PACKING pc=0x00007f06a4f59e00 sp=0x00007f069536a6a0
Event: 1,714 Thread 0x00007f05e8005eb0 DEOPT UNPACKING pc=0x00007f06a498d693 sp=0x00007f069536a5d0 mode 2
Event: 1,714 Thread 0x00007f05e8005eb0 Uncommon trap: trap_request=0xffffffc6 fr.pc=0x00007f06a4f59e9c relative=0x000000000000145c
Event: 1,714 Thread 0x00007f05e8005eb0 Uncommon trap: reason=bimorphic_or_optimized_type_check action=maybe_recompile pc=0x00007f06a4f59e9c method=java.util.HashMap.putVal(ILjava/lang/Object;Ljava/lang/Object;ZZ)Ljava/lang/Object; @ 152 c2
Event: 1,714 Thread 0x00007f05e8005eb0 DEOPT PACKING pc=0x00007f06a4f59e9c sp=0x00007f069536a6a0
Event: 1,714 Thread 0x00007f05e8005eb0 DEOPT UNPACKING pc=0x00007f06a498d693 sp=0x00007f069536a5d8 mode 2
Event: 1,714 Thread 0x00007f05e8005eb0 Uncommon trap: trap_request=0xffffffc6 fr.pc=0x00007f06a4f59e9c relative=0x000000000000145c
Event: 1,714 Thread 0x00007f05e8005eb0 Uncommon trap: reason=bimorphic_or_optimized_type_check action=maybe_recompile pc=0x00007f06a4f59e9c method=java.util.HashMap.putVal(ILjava/lang/Object;Ljava/lang/Object;ZZ)Ljava/lang/Object; @ 152 c2
Event: 1,714 Thread 0x00007f05e8005eb0 DEOPT PACKING pc=0x00007f06a4f59e9c sp=0x00007f069536a6a0
Event: 1,714 Thread 0x00007f05e8005eb0 DEOPT UNPACKING pc=0x00007f06a498d693 sp=0x00007f069536a5d8 mode 2

Classes unloaded (0 events):
No events

Classes redefined (0 events):
No events

Internal exceptions (20 events):
Event: 1,269 Thread 0x00007f05e8005eb0 Exception <a 'java/lang/NoSuchMethodError'{0x000000071635e968}: 'java.lang.Object java.lang.invoke.DirectMethodHandle$Holder.newInvokeSpecial(java.lang.Object, java.lang.Object, java.lang.Object, java.lang.Object, java.lang.Object, java.lang.Object, int)'> (0x000000071635e968) 
thrown [./src/hotspot/share/interpreter/linkResolver.cpp, line 758]
Event: 1,270 Thread 0x00007f05e8005eb0 Exception <a 'java/lang/NoSuchMethodError'{0x00000007163639a8}: 'java.lang.Object java.lang.invoke.DirectMethodHandle$Holder.invokeSpecial(java.lang.Object, java.lang.Object, java.lang.Object, java.lang.Object, java.lang.Object, java.lang.Object, java.lang.Object, int)'> (0x00000007163639a8) 
thrown [./src/hotspot/share/interpreter/linkResolver.cpp, line 758]
Event: 1,309 Thread 0x00007f05e8005eb0 Exception <a 'java/lang/NoSuchMethodError'{0x00000007160a4068}: 'int java.lang.invoke.DirectMethodHandle$Holder.invokeInterface(java.lang.Object, java.lang.Object)'> (0x00000007160a4068) 
thrown [./src/hotspot/share/interpreter/linkResolver.cpp, line 758]
Event: 1,354 Thread 0x00007f05e8005eb0 Exception <a 'java/lang/NoSuchMethodError'{0x00000007161ce028}: 'java.lang.Object java.lang.invoke.DirectMethodHandle$Holder.invokeSpecial(java.lang.Object, java.lang.Object, java.lang.Object, int, java.lang.Object)'> (0x00000007161ce028) 
thrown [./src/hotspot/share/interpreter/linkResolver.cpp, line 758]
Event: 1,355 Thread 0x00007f05e8005eb0 Exception <a 'java/lang/NoSuchMethodError'{0x00000007161d6688}: 'java.lang.Object java.lang.invoke.DirectMethodHandle$Holder.newInvokeSpecial(java.lang.Object, java.lang.Object, java.lang.Object, int, java.lang.Object)'> (0x00000007161d6688) 
thrown [./src/hotspot/share/interpreter/linkResolver.cpp, line 758]
Event: 1,357 Thread 0x00007f05e8005eb0 Exception <a 'java/lang/NoSuchMethodError'{0x00000007161de058}: 'java.lang.Object java.lang.invoke.Invokers$Holder.linkToTargetMethod(java.lang.Object, java.lang.Object, int, java.lang.Object, java.lang.Object)'> (0x00000007161de058) 
thrown [./src/hotspot/share/interpreter/linkResolver.cpp, line 758]
Event: 1,359 Thread 0x00007f05e8005eb0 Exception <a 'java/lang/NoSuchMethodError'{0x00000007161ed800}: 'java.lang.Object java.lang.invoke.DirectMethodHandle$Holder.newInvokeSpecial(java.lang.Object, int, java.lang.Object)'> (0x00000007161ed800) 
thrown [./src/hotspot/share/interpreter/linkResolver.cpp, line 758]
Event: 1,359 Thread 0x00007f05e8005eb0 Exception <a 'java/lang/NoSuchMethodError'{0x00000007161f2790}: 'int java.lang.invoke.DirectMethodHandle$Holder.invokeSpecialIFC(java.lang.Object, java.lang.Object, java.lang.Object, java.lang.Object)'> (0x00000007161f2790) 
thrown [./src/hotspot/share/interpreter/linkResolver.cpp, line 758]
Event: 1,417 Thread 0x00007f05e8005eb0 Exception <a 'java/lang/NoSuchMethodError'{0x0000000715a363f0}: 'void java.lang.invoke.DirectMethodHandle$Holder.invokeInterface(java.lang.Object, java.lang.Object, java.lang.Object)'> (0x0000000715a363f0) 
thrown [./src/hotspot/share/interpreter/linkResolver.cpp, line 758]
Event: 1,429 Thread 0x00007f05e8005eb0 Exception <a 'java/lang/NoSuchMethodError'{0x0000000715a92240}: 'int java.lang.invoke.DirectMethodHandle$Holder.invokeVirtual(java.lang.Object, java.lang.Object)'> (0x0000000715a92240) 
thrown [./src/hotspot/share/interpreter/linkResolver.cpp, line 758]
Event: 1,443 Thread 0x00007f05e8005eb0 Exception <a 'java/lang/NoSuchMethodError'{0x0000000715af0dc0}: 'void java.lang.invoke.DirectMethodHandle$Holder.invokeStaticInit(java.lang.Object, java.lang.Object)'> (0x0000000715af0dc0) 
thrown [./src/hotspot/share/interpreter/linkResolver.cpp, line 758]
Event: 1,445 Thread 0x00007f05e8005eb0 Exception <a 'java/lang/NoSuchMethodError'{0x0000000715afe920}: 'void java.lang.invoke.DirectMethodHandle$Holder.invokeStaticInit(java.lang.Object, java.lang.Object, java.lang.Object)'> (0x0000000715afe920) 
thrown [./src/hotspot/share/interpreter/linkResolver.cpp, line 758]
Event: 1,450 Thread 0x00007f05e8005eb0 Exception <a 'java/lang/NoSuchMethodError'{0x0000000715b3ba20}: 'java.lang.Object java.lang.invoke.DirectMethodHandle$Holder.invokeStatic(java.lang.Object, java.lang.Object, long, java.lang.Object)'> (0x0000000715b3ba20) 
thrown [./src/hotspot/share/interpreter/linkResolver.cpp, line 758]
Event: 1,452 Thread 0x00007f05e8005eb0 Exception <a 'java/lang/NoSuchMethodError'{0x0000000715b3f4b8}: 'java.lang.Object java.lang.invoke.DirectMethodHandle$Holder.invokeStaticInit(java.lang.Object, java.lang.Object, long, java.lang.Object)'> (0x0000000715b3f4b8) 
thrown [./src/hotspot/share/interpreter/linkResolver.cpp, line 758]
Event: 1,452 Thread 0x00007f05e8005eb0 Exception <a 'java/lang/NoSuchMethodError'{0x0000000715b45bc0}: 'java.lang.Object java.lang.invoke.DirectMethodHandle$Holder.newInvokeSpecial(java.lang.Object, java.lang.Object, long)'> (0x0000000715b45bc0) 
thrown [./src/hotspot/share/interpreter/linkResolver.cpp, line 758]
Event: 1,452 Thread 0x00007f05e8005eb0 Exception <a 'java/lang/NoSuchMethodError'{0x0000000715b49730}: 'java.lang.Object java.lang.invoke.Invokers$Holder.linkToTargetMethod(java.lang.Object, long, java.lang.Object)'> (0x0000000715b49730) 
thrown [./src/hotspot/share/interpreter/linkResolver.cpp, line 758]
Event: 1,475 Thread 0x00007f05e8005eb0 Exception <a 'java/lang/NoSuchMethodError'{0x0000000715ba0540}: 'void java.lang.invoke.DirectMethodHandle$Holder.invokeVirtual(java.lang.Object, java.lang.Object, java.lang.Object, java.lang.Object)'> (0x0000000715ba0540) 
thrown [./src/hotspot/share/interpreter/linkResolver.cpp, line 758]
Event: 1,523 Thread 0x00007f05e8005eb0 Exception <a 'java/lang/NoSuchMethodError'{0x00000007159d4458}: 'void java.lang.invoke.DirectMethodHandle$Holder.invokeSpecial(java.lang.Object, java.lang.Object, java.lang.Object)'> (0x00000007159d4458) 
thrown [./src/hotspot/share/interpreter/linkResolver.cpp, line 758]
Event: 1,524 Thread 0x00007f05e8005eb0 Exception <a 'java/lang/NoSuchMethodError'{0x00000007159da9a0}: 'void java.lang.invoke.DirectMethodHandle$Holder.invokeSpecial(java.lang.Object, java.lang.Object, java.lang.Object, java.lang.Object, java.lang.Object)'> (0x00000007159da9a0) 
thrown [./src/hotspot/share/interpreter/linkResolver.cpp, line 758]
Event: 1,533 Thread 0x00007f05e8005eb0 Exception <a 'java/lang/IncompatibleClassChangeError'{0x000000071564eb20}: Found class java.lang.Object, but interface was expected> (0x000000071564eb20) 
thrown [./src/hotspot/share/interpreter/linkResolver.cpp, line 826]

VM Operations (20 events):
Event: 0,366 Executing VM operation: HandshakeAllThreads done
Event: 0,396 Executing VM operation: HandshakeAllThreads
Event: 0,396 Executing VM operation: HandshakeAllThreads done
Event: 0,757 Executing VM operation: G1CollectForAllocation
Event: 0,767 Executing VM operation: G1CollectForAllocation done
Event: 1,085 Executing VM operation: G1CollectForAllocation
Event: 1,093 Executing VM operation: G1CollectForAllocation done
Event: 1,327 Executing VM operation: HandshakeAllThreads
Event: 1,327 Executing VM operation: HandshakeAllThreads done
Event: 1,480 Executing VM operation: ICBufferFull
Event: 1,480 Executing VM operation: ICBufferFull done
Event: 1,484 Executing VM operation: HandshakeAllThreads
Event: 1,487 Executing VM operation: HandshakeAllThreads done
Event: 1,519 Executing VM operation: HandshakeAllThreads
Event: 1,519 Executing VM operation: HandshakeAllThreads done
Event: 1,520 Executing VM operation: HandshakeAllThreads
Event: 1,520 Executing VM operation: HandshakeAllThreads done
Event: 1,655 Executing VM operation: HandshakeAllThreads
Event: 1,655 Executing VM operation: HandshakeAllThreads done
Event: 1,723 Executing VM operation: G1CollectForAllocation

Events (20 events):
Event: 1,661 loading class java/util/OptionalDouble
Event: 1,661 loading class java/util/OptionalDouble done
Event: 1,664 loading class java/util/OptionalLong
Event: 1,664 loading class java/util/OptionalLong done
Event: 1,672 loading class java/lang/reflect/MalformedParameterizedTypeException
Event: 1,672 loading class java/lang/annotation/Repeatable
Event: 1,672 loading class java/lang/reflect/MalformedParameterizedTypeException done
Event: 1,672 loading class java/lang/annotation/Repeatable done
Event: 1,688 loading class java/time/chrono/HijrahDate
Event: 1,688 loading class java/time/chrono/ChronoLocalDateImpl
Event: 1,689 loading class java/time/chrono/ChronoLocalDateImpl done
Event: 1,689 loading class java/time/chrono/HijrahDate done
Event: 1,689 loading class java/time/chrono/JapaneseDate
Event: 1,689 loading class java/time/chrono/JapaneseDate done
Event: 1,690 loading class java/time/chrono/MinguoDate
Event: 1,690 loading class java/time/chrono/MinguoDate done
Event: 1,690 loading class java/time/chrono/ThaiBuddhistDate
Event: 1,690 loading class java/time/chrono/ThaiBuddhistDate done
Event: 1,713 loading class java/util/RegularEnumSet$EnumSetIterator
Event: 1,713 loading class java/util/RegularEnumSet$EnumSetIterator done


Dynamic libraries:
706e00000-716800000 rw-p 00000000 00:00 0 
716800000-7ffc00000 ---p 00000000 00:00 0 
7ffc00000-7ffd00000 rw-p 00000000 00:00 0 
7ffd00000-7ffd75000 rw-p 00c75000 08:03 25177902                         /usr/lib/jvm/java-17-openjdk-amd64/lib/server/classes.jsa
7ffd75000-7ffe00000 rw-p 00000000 00:00 0 
7ffe00000-7ffe77000 rw-p 00bfe000 08:03 25177902                         /usr/lib/jvm/java-17-openjdk-amd64/lib/server/classes.jsa
7ffe77000-800000000 rw-p 00000000 00:00 0 
557446b6f000-557446b70000 r--p 00000000 08:03 25166878                   /usr/lib/jvm/java-17-openjdk-amd64/bin/java
557446b70000-557446b71000 r-xp 00001000 08:03 25166878                   /usr/lib/jvm/java-17-openjdk-amd64/bin/java
557446b71000-557446b72000 r--p 00002000 08:03 25166878                   /usr/lib/jvm/java-17-openjdk-amd64/bin/java
557446b72000-557446b73000 r--p 00002000 08:03 25166878                   /usr/lib/jvm/java-17-openjdk-amd64/bin/java
557446b73000-557446b74000 rw-p 00003000 08:03 25166878                   /usr/lib/jvm/java-17-openjdk-amd64/bin/java
5574473ef000-557447437000 rw-p 00000000 00:00 0                          [heap]
7f05e0000000-7f05e0036000 rw-p 00000000 00:00 0 
7f05e0036000-7f05e4000000 ---p 00000000 00:00 0 
7f05e4000000-7f05e40b9000 rw-p 00000000 00:00 0 
7f05e40b9000-7f05e8000000 ---p 00000000 00:00 0 
7f05e8000000-7f05e8021000 rw-p 00000000 00:00 0 
7f05e8021000-7f05ec000000 ---p 00000000 00:00 0 
7f05ec000000-7f05ec1b9000 rw-p 00000000 00:00 0 
7f05ec1b9000-7f05f0000000 ---p 00000000 00:00 0 
7f05f0000000-7f05f0021000 rw-p 00000000 00:00 0 
7f05f0021000-7f05f4000000 ---p 00000000 00:00 0 
7f05f4000000-7f05f4021000 rw-p 00000000 00:00 0 
7f05f4021000-7f05f8000000 ---p 00000000 00:00 0 
7f05f8000000-7f05f83d0000 rw-p 00000000 00:00 0 
7f05f83d0000-7f05fc000000 ---p 00000000 00:00 0 
7f05fc000000-7f05fc021000 rw-p 00000000 00:00 0 
7f05fc021000-7f0600000000 ---p 00000000 00:00 0 
7f0600000000-7f0600021000 rw-p 00000000 00:00 0 
7f0600021000-7f0604000000 ---p 00000000 00:00 0 
7f0604000000-7f0604021000 rw-p 00000000 00:00 0 
7f0604021000-7f0608000000 ---p 00000000 00:00 0 
7f0608000000-7f0608021000 rw-p 00000000 00:00 0 
7f0608021000-7f060c000000 ---p 00000000 00:00 0 
7f060c000000-7f060c021000 rw-p 00000000 00:00 0 
7f060c021000-7f0610000000 ---p 00000000 00:00 0 
7f0610000000-7f0610494000 rw-p 00000000 00:00 0 
7f0610494000-7f0614000000 ---p 00000000 00:00 0 
7f0614000000-7f0614021000 rw-p 00000000 00:00 0 
7f0614021000-7f0618000000 ---p 00000000 00:00 0 
7f0618000000-7f0618021000 rw-p 00000000 00:00 0 
7f0618021000-7f061c000000 ---p 00000000 00:00 0 
7f061c000000-7f061c482000 rw-p 00000000 00:00 0 
7f061c482000-7f0620000000 ---p 00000000 00:00 0 
7f0620000000-7f0620021000 rw-p 00000000 00:00 0 
7f0620021000-7f0624000000 ---p 00000000 00:00 0 
7f0624000000-7f0624021000 rw-p 00000000 00:00 0 
7f0624021000-7f0628000000 ---p 00000000 00:00 0 
7f0628000000-7f0628021000 rw-p 00000000 00:00 0 
7f0628021000-7f062c000000 ---p 00000000 00:00 0 
7f062c000000-7f062c021000 rw-p 00000000 00:00 0 
7f062c021000-7f0630000000 ---p 00000000 00:00 0 
7f0630000000-7f0630021000 rw-p 00000000 00:00 0 
7f0630021000-7f0634000000 ---p 00000000 00:00 0 
7f0637000000-7f0637bc6000 rw-p 00001000 08:03 25177902                   /usr/lib/jvm/java-17-openjdk-amd64/lib/server/classes.jsa
7f0637bc6000-7f0638000000 ---p 00000000 00:00 0 
7f0638000000-7f0638030000 rw-p 00000000 00:00 0 
7f0638030000-7f06380b0000 rw-p 00000000 00:00 0 
7f06380b0000-7f06380f0000 rw-p 00000000 00:00 0 
7f06380f0000-7f0638100000 ---p 00000000 00:00 0 
7f0638100000-7f06381b0000 rw-p 00000000 00:00 0 
7f06381b0000-7f0678000000 ---p 00000000 00:00 0 
7f0678000000-7f0678021000 rw-p 00000000 00:00 0 
7f0678021000-7f067c000000 ---p 00000000 00:00 0 
7f067c000000-7f067c3f0000 rw-p 00000000 00:00 0 
7f067c3f0000-7f067c400000 ---p 00000000 00:00 0 
7f067c400000-7f067ca40000 rw-p 00000000 00:00 0 
7f067ca40000-7f0680000000 ---p 00000000 00:00 0 
7f0680000000-7f0680021000 rw-p 00000000 00:00 0 
7f0680021000-7f0684000000 ---p 00000000 00:00 0 
7f0686000000-7f0688000000 rw-p 00000000 00:00 0 
7f0688000000-7f0688021000 rw-p 00000000 00:00 0 
7f0688021000-7f068c000000 ---p 00000000 00:00 0 
7f068c000000-7f068c021000 rw-p 00000000 00:00 0 
7f068c021000-7f0690000000 ---p 00000000 00:00 0 
7f0690000000-7f0690021000 rw-p 00000000 00:00 0 
7f0690021000-7f0694000000 ---p 00000000 00:00 0 
7f0694c8c000-7f069506d000 rw-p 00000000 00:00 0 
7f069506d000-7f0695071000 ---p 00000000 00:00 0 
7f0695071000-7f069516d000 rw-p 00000000 00:00 0 
7f069516d000-7f0695171000 ---p 00000000 00:00 0 
7f0695171000-7f069526d000 rw-p 00000000 00:00 0 
7f069526d000-7f0695271000 ---p 00000000 00:00 0 
7f0695271000-7f069536d000 rw-p 00000000 00:00 0 
7f069536d000-7f0695371000 ---p 00000000 00:00 0 
7f0695371000-7f069546d000 rw-p 00000000 00:00 0 
7f069546d000-7f069546e000 ---p 00000000 00:00 0 
7f069546e000-7f069556e000 rw-p 00000000 00:00 0 
7f069556e000-7f069556f000 ---p 00000000 00:00 0 
7f069556f000-7f069566f000 rw-p 00000000 00:00 0 
7f069566f000-7f0695670000 ---p 00000000 00:00 0 
7f0695670000-7f0695b58000 rw-p 00000000 00:00 0 
7f0695b58000-7f06995a8000 ---p 00000000 00:00 0 
7f06995a8000-7f06999a0000 rw-p 00000000 00:00 0 
7f06999a0000-7f069d3f0000 ---p 00000000 00:00 0 
7f069d3f0000-7f069d400000 rw-p 00000000 00:00 0 
7f069d400000-7f069d6f0000 rwxp 00000000 00:00 0 
7f069d6f0000-7f06a4937000 ---p 00000000 00:00 0 
7f06a4937000-7f06a4ba7000 rwxp 00000000 00:00 0 
7f06a4ba7000-7f06a4ec8000 ---p 00000000 00:00 0 
7f06a4ec8000-7f06a5138000 rwxp 00000000 00:00 0 
7f06a5138000-7f06ac400000 ---p 00000000 00:00 0 
7f06ac400000-7f06b3e68000 r--s 00000000 08:03 25177901                   /usr/lib/jvm/java-17-openjdk-amd64/lib/modules
7f06b3f00000-7f06b3f04000 ---p 00000000 00:00 0 
7f06b3f04000-7f06b4000000 rw-p 00000000 00:00 0 
7f06b4000000-7f06b4720000 rw-p 00000000 00:00 0 
7f06b4720000-7f06b8000000 ---p 00000000 00:00 0 
7f06b80ff000-7f06b8100000 ---p 00000000 00:00 0 
7f06b8100000-7f06b8200000 rw-p 00000000 00:00 0 
7f06b8200000-7f06b8204000 ---p 00000000 00:00 0 
7f06b8204000-7f06b8300000 rw-p 00000000 00:00 0 
7f06b8300000-7f06b8304000 ---p 00000000 00:00 0 
7f06b8304000-7f06b8400000 rw-p 00000000 00:00 0 
7f06b8400000-7f06b8404000 ---p 00000000 00:00 0 
7f06b8404000-7f06b8500000 rw-p 00000000 00:00 0 
7f06b8500000-7f06b8504000 ---p 00000000 00:00 0 
7f06b8504000-7f06b8600000 rw-p 00000000 00:00 0 
7f06b8600000-7f06b8604000 ---p 00000000 00:00 0 
7f06b8604000-7f06b8700000 rw-p 00000000 00:00 0 
7f06b8700000-7f06b8704000 ---p 00000000 00:00 0 
7f06b8704000-7f06b8800000 rw-p 00000000 00:00 0 
7f06b8800000-7f06b8804000 ---p 00000000 00:00 0 
7f06b8804000-7f06b8900000 rw-p 00000000 00:00 0 
7f06b8900000-7f06b8904000 ---p 00000000 00:00 0 
7f06b8904000-7f06b8a00000 rw-p 00000000 00:00 0 
7f06b8a00000-7f06b8f75000 r--p 00000000 08:03 24380347                   /usr/lib/locale/locale-archive
7f06b906f000-7f06b9073000 ---p 00000000 00:00 0 
7f06b9073000-7f06b916f000 rw-p 00000000 00:00 0 
7f06b916f000-7f06b9173000 ---p 00000000 00:00 0 
7f06b9173000-7f06b926f000 rw-p 00000000 00:00 0 
7f06b926f000-7f06b9273000 ---p 00000000 00:00 0 
7f06b9273000-7f06b936f000 rw-p 00000000 00:00 0 
7f06b936f000-7f06b9370000 ---p 00000000 00:00 0 
7f06b9370000-7f06b9470000 rw-p 00000000 00:00 0 
7f06b9470000-7f06b9475000 r--p 00000000 08:03 25177886                   /usr/lib/jvm/java-17-openjdk-amd64/lib/libjsvml.so
7f06b9475000-7f06b94b6000 r-xp 00005000 08:03 25177886                   /usr/lib/jvm/java-17-openjdk-amd64/lib/libjsvml.so
7f06b94b6000-7f06b953f000 r--p 00046000 08:03 25177886                   /usr/lib/jvm/java-17-openjdk-amd64/lib/libjsvml.so
7f06b953f000-7f06b9540000 r--p 000ce000 08:03 25177886                   /usr/lib/jvm/java-17-openjdk-amd64/lib/libjsvml.so
7f06b9540000-7f06b9541000 rw-p 000cf000 08:03 25177886                   /usr/lib/jvm/java-17-openjdk-amd64/lib/libjsvml.so
7f06b9541000-7f06b95c2000 rw-p 00000000 00:00 0 
7f06b95c2000-7f06b95c3000 ---p 00000000 00:00 0 
7f06b95c3000-7f06b96c3000 rw-p 00000000 00:00 0 
7f06b96c3000-7f06b96c4000 ---p 00000000 00:00 0 
7f06b96c4000-7f06b9bc8000 rw-p 00000000 00:00 0 
7f06b9bc8000-7f06b9bc9000 ---p 00000000 00:00 0 
7f06b9bc9000-7f06b9cc9000 rw-p 00000000 00:00 0 
7f06b9cc9000-7f06b9cca000 ---p 00000000 00:00 0 
7f06b9cca000-7f06b9dca000 rw-p 00000000 00:00 0 
7f06b9dca000-7f06b9dcb000 ---p 00000000 00:00 0 
7f06b9dcb000-7f06b9f48000 rw-p 00000000 00:00 0 
7f06b9f48000-7f06ba692000 ---p 00000000 00:00 0 
7f06ba692000-7f06ba711000 rw-p 00000000 00:00 0 
7f06ba711000-7f06bae5b000 ---p 00000000 00:00 0 
7f06bae5b000-7f06baeda000 rw-p 00000000 00:00 0 
7f06baeda000-7f06bb624000 ---p 00000000 00:00 0 
7f06bb624000-7f06bba2f000 rw-p 00000000 00:00 0 
7f06bba2f000-7f06bbb15000 ---p 00000000 00:00 0 
7f06bbb15000-7f06bbb1b000 rw-p 00000000 00:00 0 
7f06bbb1b000-7f06bbc00000 ---p 00000000 00:00 0 
7f06bbc00000-7f06bbc9a000 r--p 00000000 08:03 24379450                   /usr/lib/x86_64-linux-gnu/libstdc++.so.6.0.30
7f06bbc9a000-7f06bbdab000 r-xp 0009a000 08:03 24379450                   /usr/lib/x86_64-linux-gnu/libstdc++.so.6.0.30
7f06bbdab000-7f06bbe1a000 r--p 001ab000 08:03 24379450                   /usr/lib/x86_64-linux-gnu/libstdc++.so.6.0.30
7f06bbe1a000-7f06bbe1b000 ---p 0021a000 08:03 24379450                   /usr/lib/x86_64-linux-gnu/libstdc++.so.6.0.30
7f06bbe1b000-7f06bbe26000 r--p 0021a000 08:03 24379450                   /usr/lib/x86_64-linux-gnu/libstdc++.so.6.0.30
7f06bbe26000-7f06bbe29000 rw-p 00225000 08:03 24379450                   /usr/lib/x86_64-linux-gnu/libstdc++.so.6.0.30
7f06bbe29000-7f06bbe2c000 rw-p 00000000 00:00 0 
7f06bbe80000-7f06bbea5000 r--p 00000000 08:03 27134842                   /usr/share/locale-langpack/pt_BR/LC_MESSAGES/libc.mo
7f06bbea5000-7f06bbf00000 rw-p 00000000 00:00 0 
7f06bbf00000-7f06bbf04000 ---p 00000000 00:00 0 
7f06bbf04000-7f06bc000000 rw-p 00000000 00:00 0 
7f06bc000000-7f06bc251000 r--p 00000000 08:03 25177905                   /usr/lib/jvm/java-17-openjdk-amd64/lib/server/libjvm.so
7f06bc251000-7f06bcfb3000 r-xp 00251000 08:03 25177905                   /usr/lib/jvm/java-17-openjdk-amd64/lib/server/libjvm.so
7f06bcfb3000-7f06bd235000 r--p 00fb3000 08:03 25177905                   /usr/lib/jvm/java-17-openjdk-amd64/lib/server/libjvm.so
7f06bd235000-7f06bd2ed000 r--p 01234000 08:03 25177905                   /usr/lib/jvm/java-17-openjdk-amd64/lib/server/libjvm.so
7f06bd2ed000-7f06bd322000 rw-p 012ec000 08:03 25177905                   /usr/lib/jvm/java-17-openjdk-amd64/lib/server/libjvm.so
7f06bd322000-7f06bd37c000 rw-p 00000000 00:00 0 
7f06bd388000-7f06bd3c9000 rw-p 00000000 00:00 0 
7f06bd3d9000-7f06bd3db000 r--p 00000000 08:03 25177890                   /usr/lib/jvm/java-17-openjdk-amd64/lib/libmanagement_ext.so
7f06bd3db000-7f06bd3de000 r-xp 00002000 08:03 25177890                   /usr/lib/jvm/java-17-openjdk-amd64/lib/libmanagement_ext.so
7f06bd3de000-7f06bd3e0000 r--p 00005000 08:03 25177890                   /usr/lib/jvm/java-17-openjdk-amd64/lib/libmanagement_ext.so
7f06bd3e0000-7f06bd3e1000 r--p 00006000 08:03 25177890                   /usr/lib/jvm/java-17-openjdk-amd64/lib/libmanagement_ext.so
7f06bd3e1000-7f06bd3e2000 rw-p 00007000 08:03 25177890                   /usr/lib/jvm/java-17-openjdk-amd64/lib/libmanagement_ext.so
7f06bd3e2000-7f06bd3e4000 r--p 00000000 08:03 25177888                   /usr/lib/jvm/java-17-openjdk-amd64/lib/libmanagement.so
7f06bd3e4000-7f06bd3e5000 r-xp 00002000 08:03 25177888                   /usr/lib/jvm/java-17-openjdk-amd64/lib/libmanagement.so
7f06bd3e5000-7f06bd3e6000 r--p 00003000 08:03 25177888                   /usr/lib/jvm/java-17-openjdk-amd64/lib/libmanagement.so
7f06bd3e6000-7f06bd3e7000 r--p 00003000 08:03 25177888                   /usr/lib/jvm/java-17-openjdk-amd64/lib/libmanagement.so
7f06bd3e7000-7f06bd3e8000 rw-p 00004000 08:03 25177888                   /usr/lib/jvm/java-17-openjdk-amd64/lib/libmanagement.so
7f06bd3e8000-7f06bd3ec000 r--p 00000000 08:03 25177892                   /usr/lib/jvm/java-17-openjdk-amd64/lib/libnet.so
7f06bd3ec000-7f06bd3fa000 r-xp 00004000 08:03 25177892                   /usr/lib/jvm/java-17-openjdk-amd64/lib/libnet.so
7f06bd3fa000-7f06bd3fe000 r--p 00012000 08:03 25177892                   /usr/lib/jvm/java-17-openjdk-amd64/lib/libnet.so
7f06bd3fe000-7f06bd3ff000 r--p 00015000 08:03 25177892                   /usr/lib/jvm/java-17-openjdk-amd64/lib/libnet.so
7f06bd3ff000-7f06bd400000 rw-p 00016000 08:03 25177892                   /usr/lib/jvm/java-17-openjdk-amd64/lib/libnet.so
7f06bd400000-7f06bd428000 r--p 00000000 08:03 24380262                   /usr/lib/x86_64-linux-gnu/libc.so.6
7f06bd428000-7f06bd5bd000 r-xp 00028000 08:03 24380262                   /usr/lib/x86_64-linux-gnu/libc.so.6
7f06bd5bd000-7f06bd615000 r--p 001bd000 08:03 24380262                   /usr/lib/x86_64-linux-gnu/libc.so.6
7f06bd615000-7f06bd616000 ---p 00215000 08:03 24380262                   /usr/lib/x86_64-linux-gnu/libc.so.6
7f06bd616000-7f06bd61a000 r--p 00215000 08:03 24380262                   /usr/lib/x86_64-linux-gnu/libc.so.6
7f06bd61a000-7f06bd61c000 rw-p 00219000 08:03 24380262                   /usr/lib/x86_64-linux-gnu/libc.so.6
7f06bd61c000-7f06bd629000 rw-p 00000000 00:00 0 
7f06bd62e000-7f06bd635000 r--s 00000000 08:03 25069300                   /usr/lib/x86_64-linux-gnu/gconv/gconv-modules.cache
7f06bd635000-7f06bd636000 r--p 00000000 08:03 25177872                   /usr/lib/jvm/java-17-openjdk-amd64/lib/libextnet.so
7f06bd636000-7f06bd637000 r-xp 00001000 08:03 25177872                   /usr/lib/jvm/java-17-openjdk-amd64/lib/libextnet.so
7f06bd637000-7f06bd638000 r--p 00002000 08:03 25177872                   /usr/lib/jvm/java-17-openjdk-amd64/lib/libextnet.so
7f06bd638000-7f06bd639000 r--p 00002000 08:03 25177872                   /usr/lib/jvm/java-17-openjdk-amd64/lib/libextnet.so
7f06bd639000-7f06bd63a000 rw-p 00003000 08:03 25177872                   /usr/lib/jvm/java-17-openjdk-amd64/lib/libextnet.so
7f06bd63a000-7f06bd641000 r--p 00000000 08:03 25177893                   /usr/lib/jvm/java-17-openjdk-amd64/lib/libnio.so
7f06bd641000-7f06bd64a000 r-xp 00007000 08:03 25177893                   /usr/lib/jvm/java-17-openjdk-amd64/lib/libnio.so
7f06bd64a000-7f06bd64e000 r--p 00010000 08:03 25177893                   /usr/lib/jvm/java-17-openjdk-amd64/lib/libnio.so
7f06bd64e000-7f06bd64f000 ---p 00014000 08:03 25177893                   /usr/lib/jvm/java-17-openjdk-amd64/lib/libnio.so
7f06bd64f000-7f06bd650000 r--p 00014000 08:03 25177893                   /usr/lib/jvm/java-17-openjdk-amd64/lib/libnio.so
7f06bd650000-7f06bd651000 rw-p 00015000 08:03 25177893                   /usr/lib/jvm/java-17-openjdk-amd64/lib/libnio.so
7f06bd651000-7f06bd653000 r--p 00000000 08:03 25177900                   /usr/lib/jvm/java-17-openjdk-amd64/lib/libzip.so
7f06bd653000-7f06bd658000 r-xp 00002000 08:03 25177900                   /usr/lib/jvm/java-17-openjdk-amd64/lib/libzip.so
7f06bd658000-7f06bd65a000 r--p 00007000 08:03 25177900                   /usr/lib/jvm/java-17-openjdk-amd64/lib/libzip.so
7f06bd65a000-7f06bd65b000 r--p 00008000 08:03 25177900                   /usr/lib/jvm/java-17-openjdk-amd64/lib/libzip.so
7f06bd65b000-7f06bd65c000 rw-p 00009000 08:03 25177900                   /usr/lib/jvm/java-17-openjdk-amd64/lib/libzip.so
7f06bd65c000-7f06bd6a4000 rw-p 00000000 00:00 0 
7f06bd6a4000-7f06bd6ab000 ---p 00000000 00:00 0 
7f06bd6ab000-7f06bd6b7000 r--p 00000000 08:03 25177879                   /usr/lib/jvm/java-17-openjdk-amd64/lib/libjava.so
7f06bd6b7000-7f06bd6ca000 r-xp 0000c000 08:03 25177879                   /usr/lib/jvm/java-17-openjdk-amd64/lib/libjava.so
7f06bd6ca000-7f06bd6d0000 r--p 0001f000 08:03 25177879                   /usr/lib/jvm/java-17-openjdk-amd64/lib/libjava.so
7f06bd6d0000-7f06bd6d1000 r--p 00024000 08:03 25177879                   /usr/lib/jvm/java-17-openjdk-amd64/lib/libjava.so
7f06bd6d1000-7f06bd6d2000 rw-p 00025000 08:03 25177879                   /usr/lib/jvm/java-17-openjdk-amd64/lib/libjava.so
7f06bd6d2000-7f06bd6d3000 rw-p 00000000 00:00 0 
7f06bd6d3000-7f06bd6d4000 r--p 00000000 08:03 25177874                   /usr/lib/jvm/java-17-openjdk-amd64/lib/libinstrument.so
7f06bd6d4000-7f06bd6da000 r-xp 00001000 08:03 25177874                   /usr/lib/jvm/java-17-openjdk-amd64/lib/libinstrument.so
7f06bd6da000-7f06bd6dd000 r--p 00007000 08:03 25177874                   /usr/lib/jvm/java-17-openjdk-amd64/lib/libinstrument.so
7f06bd6dd000-7f06bd6de000 r--p 00009000 08:03 25177874                   /usr/lib/jvm/java-17-openjdk-amd64/lib/libinstrument.so
7f06bd6de000-7f06bd6df000 rw-p 0000a000 08:03 25177874                   /usr/lib/jvm/java-17-openjdk-amd64/lib/libinstrument.so
7f06bd6df000-7f06bd6e2000 r--p 00000000 08:03 24379730                   /usr/lib/x86_64-linux-gnu/libgcc_s.so.1
7f06bd6e2000-7f06bd6f9000 r-xp 00003000 08:03 24379730                   /usr/lib/x86_64-linux-gnu/libgcc_s.so.1
7f06bd6f9000-7f06bd6fd000 r--p 0001a000 08:03 24379730                   /usr/lib/x86_64-linux-gnu/libgcc_s.so.1
7f06bd6fd000-7f06bd6fe000 r--p 0001d000 08:03 24379730                   /usr/lib/x86_64-linux-gnu/libgcc_s.so.1
7f06bd6fe000-7f06bd6ff000 rw-p 0001e000 08:03 24379730                   /usr/lib/x86_64-linux-gnu/libgcc_s.so.1
7f06bd6ff000-7f06bd70d000 r--p 00000000 08:03 24380931                   /usr/lib/x86_64-linux-gnu/libm.so.6
7f06bd70d000-7f06bd789000 r-xp 0000e000 08:03 24380931                   /usr/lib/x86_64-linux-gnu/libm.so.6
7f06bd789000-7f06bd7e4000 r--p 0008a000 08:03 24380931                   /usr/lib/x86_64-linux-gnu/libm.so.6
7f06bd7e4000-7f06bd7e5000 r--p 000e4000 08:03 24380931                   /usr/lib/x86_64-linux-gnu/libm.so.6
7f06bd7e5000-7f06bd7e6000 rw-p 000e5000 08:03 24380931                   /usr/lib/x86_64-linux-gnu/libm.so.6
7f06bd7e6000-7f06bd7e9000 rw-p 00000000 00:00 0 
7f06bd7e9000-7f06bd7eb000 r--p 00000000 08:03 25177883                   /usr/lib/jvm/java-17-openjdk-amd64/lib/libjli.so
7f06bd7eb000-7f06bd7f5000 r-xp 00002000 08:03 25177883                   /usr/lib/jvm/java-17-openjdk-amd64/lib/libjli.so
7f06bd7f5000-7f06bd7f8000 r--p 0000c000 08:03 25177883                   /usr/lib/jvm/java-17-openjdk-amd64/lib/libjli.so
7f06bd7f8000-7f06bd7f9000 r--p 0000e000 08:03 25177883                   /usr/lib/jvm/java-17-openjdk-amd64/lib/libjli.so
7f06bd7f9000-7f06bd7fa000 rw-p 0000f000 08:03 25177883                   /usr/lib/jvm/java-17-openjdk-amd64/lib/libjli.so
7f06bd7fa000-7f06bd7fc000 r--p 00000000 08:03 24379582                   /usr/lib/x86_64-linux-gnu/libz.so.1.2.11
7f06bd7fc000-7f06bd80d000 r-xp 00002000 08:03 24379582                   /usr/lib/x86_64-linux-gnu/libz.so.1.2.11
7f06bd80d000-7f06bd813000 r--p 00013000 08:03 24379582                   /usr/lib/x86_64-linux-gnu/libz.so.1.2.11
7f06bd813000-7f06bd814000 ---p 00019000 08:03 24379582                   /usr/lib/x86_64-linux-gnu/libz.so.1.2.11
7f06bd814000-7f06bd815000 r--p 00019000 08:03 24379582                   /usr/lib/x86_64-linux-gnu/libz.so.1.2.11
7f06bd815000-7f06bd816000 rw-p 0001a000 08:03 24379582                   /usr/lib/x86_64-linux-gnu/libz.so.1.2.11
7f06bd816000-7f06bd81e000 rw-s 00000000 08:03 15466529                   /tmp/hsperfdata_wahl/21246
7f06bd81e000-7f06bd81f000 ---p 00000000 00:00 0 
7f06bd81f000-7f06bd820000 r--p 00000000 00:00 0 
7f06bd820000-7f06bd822000 r--p 00000000 08:03 25177882                   /usr/lib/jvm/java-17-openjdk-amd64/lib/libjimage.so
7f06bd822000-7f06bd825000 r-xp 00002000 08:03 25177882                   /usr/lib/jvm/java-17-openjdk-amd64/lib/libjimage.so
7f06bd825000-7f06bd826000 r--p 00005000 08:03 25177882                   /usr/lib/jvm/java-17-openjdk-amd64/lib/libjimage.so
7f06bd826000-7f06bd827000 ---p 00006000 08:03 25177882                   /usr/lib/jvm/java-17-openjdk-amd64/lib/libjimage.so
7f06bd827000-7f06bd828000 r--p 00006000 08:03 25177882                   /usr/lib/jvm/java-17-openjdk-amd64/lib/libjimage.so
7f06bd828000-7f06bd829000 rw-p 00007000 08:03 25177882                   /usr/lib/jvm/java-17-openjdk-amd64/lib/libjimage.so
7f06bd829000-7f06bd82b000 rw-p 00000000 00:00 0 
7f06bd82b000-7f06bd82d000 r--p 00000000 08:03 24379907                   /usr/lib/x86_64-linux-gnu/ld-linux-x86-64.so.2
7f06bd82d000-7f06bd857000 r-xp 00002000 08:03 24379907                   /usr/lib/x86_64-linux-gnu/ld-linux-x86-64.so.2
7f06bd857000-7f06bd862000 r--p 0002c000 08:03 24379907                   /usr/lib/x86_64-linux-gnu/ld-linux-x86-64.so.2
7f06bd862000-7f06bd863000 ---p 00000000 00:00 0 
7f06bd863000-7f06bd865000 r--p 00037000 08:03 24379907                   /usr/lib/x86_64-linux-gnu/ld-linux-x86-64.so.2
7f06bd865000-7f06bd867000 rw-p 00039000 08:03 24379907                   /usr/lib/x86_64-linux-gnu/ld-linux-x86-64.so.2
7fff25b90000-7fff25bb3000 rw-p 00000000 00:00 0                          [stack]
7fff25bd7000-7fff25bdb000 r--p 00000000 00:00 0                          [vvar]
7fff25bdb000-7fff25bdd000 r-xp 00000000 00:00 0                          [vdso]
ffffffffff600000-ffffffffff601000 --xp 00000000 00:00 0                  [vsyscall]


VM Arguments:
jvm_args: -javaagent:/snap/intellij-idea-community/476/lib/idea_rt.jar=36299:/snap/intellij-idea-community/476/bin -Dfile.encoding=UTF-8 
java_command: com.api.parkingcontrol.ParkingControlApplication
java_class_path (initial): /home/wahl/Documentos/projetos java/Parking control/Parking-Control-API/target/classes:/home/wahl/.m2/repository/org/springframework/boot/spring-boot-starter-data-jpa/3.1.4/spring-boot-starter-data-jpa-3.1.4.jar:/home/wahl/.m2/repository/org/springframework/boot/spring-boot-starter-aop/3.1.4/spring-boot-starter-aop-3.1.4.jar:/home/wahl/.m2/repository/org/springframework/spring-aop/6.0.12/spring-aop-6.0.12.jar:/home/wahl/.m2/repository/org/aspectj/aspectjweaver/1.9.20/aspectjweaver-1.9.20.jar:/home/wahl/.m2/repository/org/springframework/boot/spring-boot-starter-jdbc/3.1.4/spring-boot-starter-jdbc-3.1.4.jar:/home/wahl/.m2/repository/com/zaxxer/HikariCP/5.0.1/HikariCP-5.0.1.jar:/home/wahl/.m2/repository/org/springframework/spring-jdbc/6.0.12/spring-jdbc-6.0.12.jar:/home/wahl/.m2/repository/org/hibernate/orm/hibernate-core/6.2.9.Final/hibernate-core-6.2.9.Final.jar:/home/wahl/.m2/repository/jakarta/persistence/jakarta.persistence-api/3.1.0/jakarta.persistence-api-3.1.0.jar:/home/wahl/.m2/repository/jakarta/transaction/jakarta.transaction-api/2.0.1/jakarta.transaction-api-2.0.1.jar:/home/wahl/.m2/repository/org/jboss/logging/jboss-logging/3.5.3.Final/jboss-logging-3.5.3.Final.jar:/home/wahl/.m2/repository/org/hibernate/common/hibernate-commons-annotations/6.0.6.Final/hibernate-commons-annotations-6.0.6.Final.jar:/home/wahl/.m2/repository/io/smallrye/jandex/3.0.5/jandex-3.0.5.jar:/home/wahl/.m2/repository/com/fasterxml/classmate/1.5.1/classmate-1.5.1.jar:/home/wahl/.m2/repository/net/bytebuddy/byte-buddy/1.14.8/byte-buddy-1.14.8.jar:/home/wahl/.m2/repository/org/glassfish/jaxb/jaxb-runtime/4.0.3/jaxb-runtime-4.0.3.jar:/home/wahl/.m2/repository/org/glassfish/jaxb/jaxb-core/4.0.3/jaxb-core-4.0.3.jar:/home/wahl/.m2/repository/org/eclipse/angus/angus-activation/2.0.1/angus-activation-2.0.1.jar:/home/wahl/.m2/repository/org/glassfish/jaxb/txw2/4.0.3/txw2-4.0.3.jar:/home/wahl/.m2/repository/com/sun/istack/istack-commons-runtime/4.1.2/istack-commons
Launcher Type: SUN_STANDARD

[Global flags]
     intx CICompilerCount                          = 3                                         {product} {ergonomic}
     uint ConcGCThreads                            = 1                                         {product} {ergonomic}
     uint G1ConcRefinementThreads                  = 4                                         {product} {ergonomic}
   size_t G1HeapRegionSize                         = 2097152                                   {product} {ergonomic}
    uintx GCDrainStackTargetSize                   = 64                                        {product} {ergonomic}
   size_t InitialHeapSize                          = 262144000                                 {product} {ergonomic}
   size_t MarkStackSize                            = 4194304                                   {product} {ergonomic}
   size_t MaxHeapSize                              = 4179623936                                {product} {ergonomic}
   size_t MaxNewSize                               = 2506096640                                {product} {ergonomic}
   size_t MinHeapDeltaBytes                        = 2097152                                   {product} {ergonomic}
   size_t MinHeapSize                              = 8388608                                   {product} {ergonomic}
    uintx NonNMethodCodeHeapSize                   = 5832780                                {pd product} {ergonomic}
    uintx NonProfiledCodeHeapSize                  = 122912730                              {pd product} {ergonomic}
    uintx ProfiledCodeHeapSize                     = 122912730                              {pd product} {ergonomic}
    uintx ReservedCodeCacheSize                    = 251658240                              {pd product} {ergonomic}
     bool SegmentedCodeCache                       = true                                      {product} {ergonomic}
   size_t SoftMaxHeapSize                          = 4179623936                             {manageable} {ergonomic}
     bool UseCompressedClassPointers               = true                           {product lp64_product} {ergonomic}
     bool UseCompressedOops                        = true                           {product lp64_product} {ergonomic}
     bool UseG1GC                                  = true                                      {product} {ergonomic}

Logging:
Log output configuration:
 #0: stdout all=warning uptime,level,tags
 #1: stderr all=off uptime,level,tags

Environment Variables:
PATH=/usr/local/sbin:/usr/local/bin:/usr/sbin:/usr/bin:/sbin:/bin:/usr/games:/usr/local/games:/snap/bin:/snap/bin
USERNAME=wahl
SHELL=/bin/bash
DISPLAY=:0
LANG=pt_BR.UTF-8

Active Locale:
LC_ALL=pt_BR.UTF-8
LC_COLLATE=pt_BR.UTF-8
LC_CTYPE=pt_BR.UTF-8
LC_MESSAGES=pt_BR.UTF-8
LC_MONETARY=pt_BR.UTF-8
LC_NUMERIC=pt_BR.UTF-8
LC_TIME=pt_BR.UTF-8

Signal Handlers:
   SIGSEGV: crash_handler in libjvm.so, mask=11100100010111111101111111111110, flags=SA_RESTART|SA_SIGINFO, unblocked
    SIGBUS: crash_handler in libjvm.so, mask=11100100010111111101111111111110, flags=SA_RESTART|SA_SIGINFO, unblocked
    SIGFPE: crash_handler in libjvm.so, mask=11100100010111111101111111111110, flags=SA_RESTART|SA_SIGINFO, unblocked
   SIGPIPE: javaSignalHandler in libjvm.so, mask=11100100010111111101111111111110, flags=SA_RESTART|SA_SIGINFO, blocked
   SIGXFSZ: javaSignalHandler in libjvm.so, mask=11100100010111111101111111111110, flags=SA_RESTART|SA_SIGINFO, blocked
    SIGILL: crash_handler in libjvm.so, mask=11100100010111111101111111111110, flags=SA_RESTART|SA_SIGINFO, unblocked
   SIGUSR2: SR_handler in libjvm.so, mask=00100000000000000000000000000000, flags=SA_RESTART|SA_SIGINFO, blocked
    SIGHUP: UserHandler in libjvm.so, mask=11100100010111111101111111111110, flags=SA_RESTART|SA_SIGINFO, blocked
    SIGINT: UserHandler in libjvm.so, mask=11100100010111111101111111111110, flags=SA_RESTART|SA_SIGINFO, blocked
   SIGTERM: UserHandler in libjvm.so, mask=11100100010111111101111111111110, flags=SA_RESTART|SA_SIGINFO, blocked
   SIGQUIT: UserHandler in libjvm.so, mask=11100100010111111101111111111110, flags=SA_RESTART|SA_SIGINFO, blocked
   SIGTRAP: crash_handler in libjvm.so, mask=11100100010111111101111111111110, flags=SA_RESTART|SA_SIGINFO, unblocked


Periodic native trim disabled


---------------  S Y S T E M  ---------------

OS:
DISTRIB_ID=Ubuntu
DISTRIB_RELEASE=22.04
DISTRIB_CODENAME=jammy
DISTRIB_DESCRIPTION="Ubuntu 22.04.3 LTS"
uname: Linux 6.5.0-14-generic #14~22.04.1-Ubuntu SMP PREEMPT_DYNAMIC Mon Nov 20 18:15:30 UTC 2 x86_64
OS uptime: 0 days 5:29 hours
libc: glibc 2.35 NPTL 2.35 
rlimit (soft/hard): STACK 8192k/infinity , CORE 0k/infinity , NPROC 63470/63470 , NOFILE 1048576/1048576 , AS infinity/infinity , CPU infinity/infinity , DATA infinity/infinity , FSIZE infinity/infinity , MEMLOCK 2040612k/2040612k
load average: 8,21 4,93 2,71

/proc/meminfo:
MemTotal:       16324920 kB
MemFree:         6295536 kB
MemAvailable:   11456680 kB
Buffers:          238048 kB
Cached:          5176464 kB
SwapCached:            0 kB
Active:          6312040 kB
Inactive:        3139064 kB
Active(anon):    4135532 kB
Inactive(anon):    51004 kB
Active(file):    2176508 kB
Inactive(file):  3088060 kB
Unevictable:          32 kB
Mlocked:              32 kB
SwapTotal:       2097148 kB
SwapFree:        2097148 kB
Zswap:                 0 kB
Zswapped:              0 kB
Dirty:               616 kB
Writeback:             0 kB
AnonPages:       4036664 kB
Mapped:          1274992 kB
Shmem:            149944 kB
KReclaimable:     237016 kB
Slab:             394668 kB
SReclaimable:     237016 kB
SUnreclaim:       157652 kB
KernelStack:       19072 kB
PageTables:        44164 kB
SecPageTables:         0 kB
NFS_Unstable:          0 kB
Bounce:                0 kB
WritebackTmp:          0 kB
CommitLimit:    10259608 kB
Committed_AS:   11458572 kB
VmallocTotal:   34359738367 kB
VmallocUsed:       48836 kB
VmallocChunk:          0 kB
Percpu:             3344 kB
HardwareCorrupted:     0 kB
AnonHugePages:         0 kB
ShmemHugePages:        0 kB
ShmemPmdMapped:        0 kB
FileHugePages:         0 kB
FilePmdMapped:         0 kB
Unaccepted:            0 kB
HugePages_Total:       0
HugePages_Free:        0
HugePages_Rsvd:        0
HugePages_Surp:        0
Hugepagesize:       2048 kB
Hugetlb:               0 kB
DirectMap4k:      147412 kB
DirectMap2M:     4003840 kB
DirectMap1G:    12582912 kB

/sys/kernel/mm/transparent_hugepage/enabled: always [madvise] never
/sys/kernel/mm/transparent_hugepage/defrag (defrag/compaction efforts parameter): always defer defer+madvise [madvise] never

Process Memory:
Virtual Size: 7613740K (peak: 7613740K)
Resident Set Size: 116588K (peak: 116588K) (anon: 93656K, file: 22932K, shmem: 0K)
Swapped out: 0K
C-Heap outstanding allocations: 34420K, retained: 5067K
glibc malloc tunables: (default)

/proc/sys/kernel/threads-max (system-wide limit on the number of threads): 126940
/proc/sys/vm/max_map_count (maximum number of memory map areas a process may have): 65530
/proc/sys/kernel/pid_max (system-wide limit on number of process identifiers): 4194304

container (cgroup) information:
container_type: cgroupv2
cpu_cpuset_cpus: not supported
cpu_memory_nodes: not supported
active_processor_count: 4
cpu_quota: not supported
cpu_period: not supported
cpu_shares: not supported
memory_limit_in_bytes: unlimited
memory_and_swap_limit_in_bytes: unlimited
memory_soft_limit_in_bytes: unlimited
memory_usage_in_bytes: 1767976 k
memory_max_usage_in_bytes: not supported
memory_swap_current_in_bytes: unlimited
memory_swap_max_limit_in_bytes: unlimited
maximum number of tasks: 19041
current number of tasks: 232

Steal ticks since vm start: 0
Steal ticks percentage since vm start:  0,000

CPU: total 4 (initial active 4) (2 cores per cpu, 2 threads per core) family 6 model 158 stepping 9 microcode 0xf4, cx8, cmov, fxsr, ht, mmx, 3dnowpref, sse, sse2, sse3, ssse3, sse4.1, sse4.2, popcnt, lzcnt, tsc, tscinvbit, aes, erms, clmul, clflush, clflushopt
CPU Model and flags from /proc/cpuinfo:
model name	: Intel(R) Pentium(R) CPU G4560 @ 3.50GHz
flags		: fpu vme de pse tsc msr pae mce cx8 apic sep mtrr pge mca cmov pat pse36 clflush dts acpi mmx fxsr sse sse2 ss ht tm pbe syscall nx pdpe1gb rdtscp lm constant_tsc art arch_perfmon pebs bts rep_good nopl xtopology nonstop_tsc cpuid aperfmperf pni pclmulqdq dtes64 monitor ds_cpl vmx est tm2 ssse3 sdbg cx16 xtpr pdcm pcid sse4_1 sse4_2 x2apic movbe popcnt tsc_deadline_timer aes xsave rdrand lahf_lm abm 3dnowprefetch cpuid_fault epb invpcid_single pti ssbd ibrs ibpb stibp tpr_shadow flexpriority ept vpid ept_ad fsgsbase tsc_adjust smep erms invpcid mpx rdseed smap clflushopt intel_pt xsaveopt xsavec xgetbv1 xsaves dtherm arat pln pts hwp hwp_notify hwp_act_window hwp_epp vnmi md_clear flush_l1d arch_capabilities

Online cpus: 0-3
Offline cpus: 
BIOS frequency limitation: <Not Available>
Frequency switch latency (ns): 0
Available cpu frequencies: <Not Available>
Current governor: powersave
Core performance/turbo boost: <Not Available>

Memory: 4k page, physical 16324920k(6295536k free), swap 2097148k(2097148k free)
Page Sizes: 4k

vm_info: OpenJDK 64-Bit Server VM (17.0.9+9-Ubuntu-122.04) for linux-amd64 JRE (17.0.9+9-Ubuntu-122.04), built on Oct 19 2023 08:37:02 by "buildd" with gcc 11.4.0

END.
