#
# A fatal error has been detected by the Java Runtime Environment:
#
#  SIGSEGV (0xb) at pc=0x00007f23ade50abe, pid=7607, tid=7645
#
# JRE version: OpenJDK Runtime Environment (17.0.9+9) (build 17.0.9+9-Ubuntu-122.04)
# Java VM: OpenJDK 64-Bit Server VM (17.0.9+9-Ubuntu-122.04, mixed mode, sharing, tiered, compressed oops, compressed class ptrs, g1 gc, linux-amd64)
# Problematic frame:
# V  [libjvm.so+0xe50abe]  Symbol::as_unicode(int&) const+0x1e
#
# Core dump will be written. Default location: Core dumps may be processed with "/usr/share/apport/apport -p%p -s%s -c%c -d%d -P%P -u%u -g%g -- %E" (or dumping to /home/wahl/Documentos/projetos java/Parking control/Parking-Control-API/core.7607)
#
# If you would like to submit a bug report, please visit:
#   Unknown
#

---------------  S U M M A R Y ------------

Command Line: -javaagent:/snap/intellij-idea-community/476/lib/idea_rt.jar=34655:/snap/intellij-idea-community/476/bin -Dfile.encoding=UTF-8 com.api.parkingcontrol.ParkingControlApplication

Host: Intel(R) Pentium(R) CPU G4560 @ 3.50GHz, 4 cores, 15G, Ubuntu 22.04.3 LTS
Time: Thu Jan 25 10:48:54 2024 -03 elapsed time: 2.326922 seconds (0d 0h 0m 2s)

---------------  T H R E A D  ---------------

Current thread (0x00007f22dc002490):  JavaThread "restartedMain" [_thread_in_vm, id=7645, stack(0x00007f23782fc000,0x00007f23783fc000)]

Stack: [0x00007f23782fc000,0x00007f23783fc000],  sp=0x00007f23783f94c0,  free space=1013k
Native frames: (J=compiled Java code, j=interpreted, Vv=VM code, C=native code)
V  [libjvm.so+0xe50abe]  Symbol::as_unicode(int&) const+0x1e
V  [libjvm.so+0xdf12db]  StringTable::intern(Symbol*, JavaThread*)+0x4b
V  [libjvm.so+0x840d48]  java_lang_StackTraceElement::fill_in(Handle, InstanceKlass*, methodHandle const&, int, int, Symbol*, JavaThread*)+0x338
V  [libjvm.so+0x84ace5]  java_lang_Throwable::get_stack_trace_elements(Handle, objArrayHandle, JavaThread*)+0x3a5
V  [libjvm.so+0x905fe4]  JVM_InitStackTraceElementArray+0xc4
j  java.lang.StackTraceElement.initStackTraceElements([Ljava/lang/StackTraceElement;Ljava/lang/Throwable;)V+0 java.base@17.0.9
j  java.lang.StackTraceElement.of(Ljava/lang/Throwable;I)[Ljava/lang/StackTraceElement;+30 java.base@17.0.9
j  java.lang.Throwable.getOurStackTrace()[Ljava/lang/StackTraceElement;+30 java.base@17.0.9
j  java.lang.Throwable.getStackTrace()[Ljava/lang/StackTraceElement;+1 java.base@17.0.9
j  ch.qos.logback.classic.spi.ThrowableProxy.<init>(Ljava/lang/Throwable;Ljava/util/Set;)V+42
j  ch.qos.logback.classic.spi.ThrowableProxy.<init>(Ljava/lang/Throwable;Ljava/util/Set;)V+106
j  ch.qos.logback.classic.spi.ThrowableProxy.<init>(Ljava/lang/Throwable;)V+12
j  ch.qos.logback.classic.spi.LoggingEvent.<init>(Ljava/lang/String;Lch/qos/logback/classic/Logger;Lch/qos/logback/classic/Level;Ljava/lang/String;Ljava/lang/Throwable;[Ljava/lang/Object;)V+124
j  ch.qos.logback.classic.Logger.buildLoggingEventAndAppend(Ljava/lang/String;Lorg/slf4j/Marker;Lch/qos/logback/classic/Level;Ljava/lang/String;[Ljava/lang/Object;Ljava/lang/Throwable;)V+13
j  ch.qos.logback.classic.Logger.filterAndLog_0_Or3Plus(Ljava/lang/String;Lorg/slf4j/Marker;Lch/qos/logback/classic/Level;Ljava/lang/String;[Ljava/lang/Object;Ljava/lang/Throwable;)V+57
j  ch.qos.logback.classic.Logger.log(Lorg/slf4j/Marker;Ljava/lang/String;ILjava/lang/String;[Ljava/lang/Object;Ljava/lang/Throwable;)V+17
j  org.apache.commons.logging.LogAdapter$Slf4jLocationAwareLog.error(Ljava/lang/Object;Ljava/lang/Throwable;)V+41
j  org.springframework.boot.SpringApplication.reportFailure(Ljava/util/Collection;Ljava/lang/Throwable;)V+69
j  org.springframework.boot.SpringApplication.handleRunFailure(Lorg/springframework/context/ConfigurableApplicationContext;Ljava/lang/Throwable;Lorg/springframework/boot/SpringApplicationRunListeners;)V+55
j  org.springframework.boot.SpringApplication.run([Ljava/lang/String;)Lorg/springframework/context/ConfigurableApplicationContext;+202
j  org.springframework.boot.SpringApplication.run([Ljava/lang/Class;[Ljava/lang/String;)Lorg/springframework/context/ConfigurableApplicationContext;+9
j  org.springframework.boot.SpringApplication.run(Ljava/lang/Class;[Ljava/lang/String;)Lorg/springframework/context/ConfigurableApplicationContext;+9
j  com.api.parkingcontrol.ParkingControlApplication.main([Ljava/lang/String;)V+3
v  ~StubRoutines::call_stub
V  [libjvm.so+0x838e25]  JavaCalls::call_helper(JavaValue*, methodHandle const&, JavaCallArguments*, JavaThread*)+0x325
V  [libjvm.so+0xcc7dde]  invoke(InstanceKlass*, methodHandle const&, Handle, bool, objArrayHandle, BasicType, objArrayHandle, bool, JavaThread*) [clone .constprop.0]+0x56e
V  [libjvm.so+0xcc8d8b]  Reflection::invoke_method(oopDesc*, Handle, objArrayHandle, JavaThread*)+0x15b
V  [libjvm.so+0x910adb]  JVM_InvokeMethod+0x14b
j  jdk.internal.reflect.NativeMethodAccessorImpl.invoke0(Ljava/lang/reflect/Method;Ljava/lang/Object;[Ljava/lang/Object;)Ljava/lang/Object;+0 java.base@17.0.9
j  jdk.internal.reflect.NativeMethodAccessorImpl.invoke(Ljava/lang/Object;[Ljava/lang/Object;)Ljava/lang/Object;+133 java.base@17.0.9
j  jdk.internal.reflect.DelegatingMethodAccessorImpl.invoke(Ljava/lang/Object;[Ljava/lang/Object;)Ljava/lang/Object;+6 java.base@17.0.9
j  java.lang.reflect.Method.invoke(Ljava/lang/Object;[Ljava/lang/Object;)Ljava/lang/Object;+59 java.base@17.0.9
j  org.springframework.boot.devtools.restart.RestartLauncher.run()V+47
v  ~StubRoutines::call_stub
V  [libjvm.so+0x838e25]  JavaCalls::call_helper(JavaValue*, methodHandle const&, JavaCallArguments*, JavaThread*)+0x325
V  [libjvm.so+0x83a492]  JavaCalls::call_virtual(JavaValue*, Handle, Klass*, Symbol*, Symbol*, JavaThread*)+0x1b2
V  [libjvm.so+0x905217]  thread_entry(JavaThread*, JavaThread*)+0xa7
V  [libjvm.so+0xeadb33]  JavaThread::thread_main_inner()+0xe3
V  [libjvm.so+0xeb1504]  Thread::call_run()+0xc4
V  [libjvm.so+0xc3c6c9]  thread_native_entry(Thread*)+0xe9

Java frames: (J=compiled Java code, j=interpreted, Vv=VM code)
j  java.lang.StackTraceElement.initStackTraceElements([Ljava/lang/StackTraceElement;Ljava/lang/Throwable;)V+0 java.base@17.0.9
j  java.lang.StackTraceElement.of(Ljava/lang/Throwable;I)[Ljava/lang/StackTraceElement;+30 java.base@17.0.9
j  java.lang.Throwable.getOurStackTrace()[Ljava/lang/StackTraceElement;+30 java.base@17.0.9
j  java.lang.Throwable.getStackTrace()[Ljava/lang/StackTraceElement;+1 java.base@17.0.9
j  ch.qos.logback.classic.spi.ThrowableProxy.<init>(Ljava/lang/Throwable;Ljava/util/Set;)V+42
j  ch.qos.logback.classic.spi.ThrowableProxy.<init>(Ljava/lang/Throwable;Ljava/util/Set;)V+106
j  ch.qos.logback.classic.spi.ThrowableProxy.<init>(Ljava/lang/Throwable;)V+12
j  ch.qos.logback.classic.spi.LoggingEvent.<init>(Ljava/lang/String;Lch/qos/logback/classic/Logger;Lch/qos/logback/classic/Level;Ljava/lang/String;Ljava/lang/Throwable;[Ljava/lang/Object;)V+124
j  ch.qos.logback.classic.Logger.buildLoggingEventAndAppend(Ljava/lang/String;Lorg/slf4j/Marker;Lch/qos/logback/classic/Level;Ljava/lang/String;[Ljava/lang/Object;Ljava/lang/Throwable;)V+13
j  ch.qos.logback.classic.Logger.filterAndLog_0_Or3Plus(Ljava/lang/String;Lorg/slf4j/Marker;Lch/qos/logback/classic/Level;Ljava/lang/String;[Ljava/lang/Object;Ljava/lang/Throwable;)V+57
j  ch.qos.logback.classic.Logger.log(Lorg/slf4j/Marker;Ljava/lang/String;ILjava/lang/String;[Ljava/lang/Object;Ljava/lang/Throwable;)V+17
j  org.apache.commons.logging.LogAdapter$Slf4jLocationAwareLog.error(Ljava/lang/Object;Ljava/lang/Throwable;)V+41
j  org.springframework.boot.SpringApplication.reportFailure(Ljava/util/Collection;Ljava/lang/Throwable;)V+69
j  org.springframework.boot.SpringApplication.handleRunFailure(Lorg/springframework/context/ConfigurableApplicationContext;Ljava/lang/Throwable;Lorg/springframework/boot/SpringApplicationRunListeners;)V+55
j  org.springframework.boot.SpringApplication.run([Ljava/lang/String;)Lorg/springframework/context/ConfigurableApplicationContext;+202
j  org.springframework.boot.SpringApplication.run([Ljava/lang/Class;[Ljava/lang/String;)Lorg/springframework/context/ConfigurableApplicationContext;+9
j  org.springframework.boot.SpringApplication.run(Ljava/lang/Class;[Ljava/lang/String;)Lorg/springframework/context/ConfigurableApplicationContext;+9
j  com.api.parkingcontrol.ParkingControlApplication.main([Ljava/lang/String;)V+3
v  ~StubRoutines::call_stub
j  jdk.internal.reflect.NativeMethodAccessorImpl.invoke0(Ljava/lang/reflect/Method;Ljava/lang/Object;[Ljava/lang/Object;)Ljava/lang/Object;+0 java.base@17.0.9
j  jdk.internal.reflect.NativeMethodAccessorImpl.invoke(Ljava/lang/Object;[Ljava/lang/Object;)Ljava/lang/Object;+133 java.base@17.0.9
j  jdk.internal.reflect.DelegatingMethodAccessorImpl.invoke(Ljava/lang/Object;[Ljava/lang/Object;)Ljava/lang/Object;+6 java.base@17.0.9
j  java.lang.reflect.Method.invoke(Ljava/lang/Object;[Ljava/lang/Object;)Ljava/lang/Object;+59 java.base@17.0.9
j  org.springframework.boot.devtools.restart.RestartLauncher.run()V+47
v  ~StubRoutines::call_stub

siginfo: si_signo: 11 (SIGSEGV), si_code: 1 (SEGV_MAPERR), si_addr: 0x00007f2b2b457fdc

Registers:
RAX=0x00007f23a814c670, RBX=0x00007f23783f952c, RCX=0x00007f23783f94df, RDX=0x00007f23783f94de
RSP=0x00007f23783f94c0, RBP=0x00007f23783f94f0, RSI=0x00007f23783f952c, RDI=0x00007f2b2b457fd8
R8 =0x00000007ffd00958, R9 =0x00007f2b2b457fd8, R10=0x00007f23783f94c0, R11=0x0000000000000002
R12=0x00007f2310029a80, R13=0x00007f2b2b457fde, R14=0x00007f2310029e68, R15=0x00000000000003d8
RIP=0x00007f23ade50abe, EFLAGS=0x0000000000010206, CSGSFS=0x002b000000000033, ERR=0x0000000000000004
  TRAPNO=0x000000000000000e


Register to memory mapping:

RAX=0x00007f23a814c670 points into unknown readable memory: 0x0000000000000000 | 00 00 00 00 00 00 00 00
RBX=0x00007f23783f952c is pointing into the stack for thread: 0x00007f22dc002490
RCX=0x00007f23783f94df is pointing into the stack for thread: 0x00007f22dc002490
RDX=0x00007f23783f94de is pointing into the stack for thread: 0x00007f22dc002490
RSP=0x00007f23783f94c0 is pointing into the stack for thread: 0x00007f22dc002490
RBP=0x00007f23783f94f0 is pointing into the stack for thread: 0x00007f22dc002490
RSI=0x00007f23783f952c is pointing into the stack for thread: 0x00007f22dc002490
RDI=0x00007f2b2b457fd8 is an unknown value
R8 =0x00000007ffd00958 is an oop: java.lang.Class 
{0x00000007ffd00958} - klass: 'java/lang/Class'
 - ---- fields (total size 19 words):
 - private volatile transient 'classRedefinedCount' 'I' @12  0
 - private volatile transient 'cachedConstructor' 'Ljava/lang/reflect/Constructor;' @40  NULL (0)
 - private transient 'name' 'Ljava/lang/String;' @44  "java.lang.Class"{0x0000000707310170} (e0e6202e)
 - private transient 'module' 'Ljava/lang/Module;' @48  a 'java/lang/Module'{0x000000070716b548} (e0e2d6a9)
 - private final 'classLoader' 'Ljava/lang/ClassLoader;' @52  NULL (0)
 - private transient 'classData' 'Ljava/lang/Object;' @56  NULL (0)
 - private transient 'packageName' 'Ljava/lang/String;' @60  "java.lang"{0x00000007ffe421a0} (fffc8434)
 - private final 'componentType' 'Ljava/lang/Class;' @64  NULL (0)
 - private volatile transient 'reflectionData' 'Ljava/lang/ref/SoftReference;' @68  a 'java/lang/ref/SoftReference'{0x0000000714be2960} (e297c52c)
 - private volatile transient 'genericInfo' 'Lsun/reflect/generics/repository/ClassRepository;' @72  a 'sun/reflect/generics/repository/ClassRepository'{0x0000000716274d40} (e2c4e9a8)
 - private volatile transient 'enumConstants' '[Ljava/lang/Object;' @76  NULL (0)
 - private volatile transient 'enumConstantDirectory' 'Ljava/util/Map;' @80  NULL (0)
 - private volatile transient 'annotationData' 'Ljava/lang/Class$AnnotationData;' @84  NULL (0)
 - private volatile transient 'annotationType' 'Lsun/reflect/annotation/AnnotationType;' @88  NULL (0)
 - transient 'classValueMap' 'Ljava/lang/ClassValue$ClassValueMap;' @92  NULL (0)
 - signature: Ljava/lang/Class;
 - fake entry for mirror: 'java/lang/Class'
 - fake entry for array: 'java/lang/Class'[]
 - fake entry for oop_size: 19
 - fake entry for static_oop_field_count: 4
 - private static final 'ANNOTATION' 'I' @136  8192 (2000)
 - private static final 'ENUM' 'I' @140  16384 (4000)
 - private static final 'SYNTHETIC' 'I' @144  4096 (1000)
 - private static 'allPermDomain' 'Ljava/security/ProtectionDomain;' @112  NULL (0)
 - private static final 'EMPTY_CLASS_ARRAY' '[Ljava/lang/Class;' @116  a 'java/lang/Class'[0] {0x0000000707337f08} (e0e66fe1)
 - private static final 'serialVersionUID' 'J' @128  3206093459760846163 (d9bf9553 2c7e5503)
 - private static final 'serialPersistentFields' '[Ljava/io/ObjectStreamField;' @120  a 'java/io/ObjectStreamField'[0] {0x0000000707337ef8} (e0e66fdf)
 - private static 'reflectionFactory' 'Ljdk/internal/reflect/ReflectionFactory;' @124  a 'jdk/internal/reflect/ReflectionFactory'{0x0000000707332448} (e0e66489)
R9 =0x00007f2b2b457fd8 is an unknown value
R10=0x00007f23783f94c0 is pointing into the stack for thread: 0x00007f22dc002490
R11=0x0000000000000002 is an unknown value
R12=0x00007f2310029a80 points into unknown readable memory: 0x0000000000000000 | 00 00 00 00 00 00 00 00
R13=0x00007f2b2b457fde is an unknown value
R14=0x00007f2310029e68 points into unknown readable memory: 0x00000000000003f5 | f5 03 00 00 00 00 00 00
R15=0x00000000000003d8 is an unknown value


Top of Stack: (sp=0x00007f23783f94c0)
0x00007f23783f94c0:   00007f232bb3f3a7 0000000000000005
0x00007f23783f94d0:   00007f23783fb640 00007f23adeb4c4f
0x00007f23783f94e0:   00007f22dc001e80 00007f22dc002490
0x00007f23783f94f0:   00007f23783f9560 00007f23addf12db
0x00007f23783f9500:   00007f2310029a80 00007f2310029a90
0x00007f23783f9510:   00007f2310029ac0 00007f2310029a90
0x00007f23783f9520:   00007f22dc001e80 00007f22dc001fe0
0x00007f23783f9530:   00007f23783f9620 00007f22dc002490
0x00007f23783f9540:   00007f22dc001e80 00007f23000a4578
0x00007f23783f9550:   00007f23783f9620 00007f232b001758
0x00007f23783f9560:   00007f23783f9690 00007f23ad840d48
0x00007f23783f9570:   0000000000000010 0000000713124580
0x00007f23783f9580:   0000003700000000 00007f23783f96f0
0x00007f23783f9590:   00007f2b2b457fd8 00000000000003d8
0x00007f23783f95a0:   00007f2310029a80 00007f2310029a90
0x00007f23783f95b0:   00007f2310029a90 00007f23000a4570
0x00007f23783f95c0:   00007f2310029e68 00007f2310029a80
0x00007f23783f95d0:   00007f23783f9630 00007f23ad3d42bb
0x00007f23783f95e0:   00007f232b46a3a8 0000000713124688
0x00007f23783f95f0:   00007f22dc001e80 00007f2310029a80
0x00007f23783f9600:   00007f2310029a90 00007f2310029e68
0x00007f23783f9610:   00000000000003d8 0000000000007fd8
0x00007f23783f9620:   00007f22dc002490 00007f22dc001ec0
0x00007f23783f9630:   00007f23000a4560 00007f23000a4578
0x00007f23783f9640:   00007f23000ac548 00000000000080b0
0x00007f23783f9650:   00007f23783fa200 00007f23ad84dedd
0x00007f23783f9660:   00007f23783f96f0 00007f23000a4570
0x00007f23783f9670:   0000000000000037 00007f22dc002490
0x00007f23783f9680:   00007f232b001758 00007f23783f96f0
0x00007f23783f9690:   00007f23783f9760 00007f23ad84ace5
0x00007f23783f96a0:   00007f22dc002490 00007f23ad84ac82
0x00007f23783f96b0:   00007f23783f96f0 00007f23783f9770 

Instructions: (pc=0x00007f23ade50abe)
0x00007f23ade509be:   43 18 74 11 48 8b 45 b0 66 0f 6f 4d a0 48 89 43
0x00007f23ade509ce:   20 0f 11 4b 10 4d 85 ed 74 48 4c 89 f7 4c 89 ea
0x00007f23ade509de:   48 8d 35 f1 93 1a 00 31 c0 e8 c4 88 df ff 48 83
0x00007f23ade509ee:   c4 48 4c 89 ef 5b 41 5c 41 5d 41 5e 41 5f 5d e9
0x00007f23ade509fe:   ae 0b de ff 66 0f 1f 44 00 00 48 8d 05 09 18 50
0x00007f23ade50a0e:   00 4c 8b 30 e9 fd fe ff ff 66 0f 1f 84 00 00 00
0x00007f23ade50a1e:   00 00 48 83 c4 48 4c 89 f7 48 8d 35 3a bf 1f 00
0x00007f23ade50a2e:   31 c0 5b 41 5c 41 5d 41 5e 41 5f 5d e9 71 88 df
0x00007f23ade50a3e:   ff 90 f3 0f 1e fa 55 48 89 e5 41 56 4c 8d 77 06
0x00007f23ade50a4e:   41 55 41 54 53 0f b7 77 04 48 89 fb 4c 89 f7 e8
0x00007f23ade50a5e:   ee a3 09 00 31 f6 44 8d 68 01 49 63 fd e8 20 be
0x00007f23ade50a6e:   e8 ff 0f b7 73 04 44 89 e9 4c 89 f7 49 89 c4 48
0x00007f23ade50a7e:   89 c2 e8 2b a4 09 00 5b 4c 89 e0 41 5c 41 5d 41
0x00007f23ade50a8e:   5e 5d c3 90 66 66 2e 0f 1f 84 00 00 00 00 00 0f
0x00007f23ade50a9e:   1f 00 f3 0f 1e fa 55 48 89 e5 41 55 4c 8d 6f 06
0x00007f23ade50aae:   53 48 89 f3 48 8d 55 ee 48 8d 4d ef 48 83 ec 20
0x00007f23ade50abe:   0f b7 77 04 4c 89 ef e8 06 a2 09 00 31 f6 89 03
0x00007f23ade50ace:   48 98 48 8d 3c 00 e8 b7 bd e8 ff 8b 13 85 d2 7e
0x00007f23ade50ade:   13 48 89 c6 4c 89 ef 48 89 45 d8 e8 a2 aa 09 00
0x00007f23ade50aee:   48 8b 45 d8 48 83 c4 20 5b 41 5d 5d c3 90 0f 1f
0x00007f23ade50afe:   40 00 f3 0f 1e fa 55 48 89 e5 41 54 49 89 f4 48
0x00007f23ade50b0e:   83 ec 08 85 d2 7f 0b 4c 89 e0 4c 8b 65 f8 c9 c3
0x00007f23ade50b1e:   66 90 0f b7 47 04 83 ea 01 48 89 f9 39 d0 0f 4e
0x00007f23ade50b2e:   d0 85 d2 0f 84 fb 00 00 00 4c 8d 41 07 89 d7 8d
0x00007f23ade50b3e:   42 ff 4c 29 c6 48 83 fe 0e 0f 86 2b 01 00 00 83
0x00007f23ade50b4e:   f8 06 0f 86 22 01 00 00 83 f8 0e 0f 86 35 01 00
0x00007f23ade50b5e:   00 89 d6 31 c0 c1 ee 04 48 c1 e6 04 66 0f 1f 44
0x00007f23ade50b6e:   00 00 f3 0f 6f 44 01 06 41 0f 11 04 04 48 83 c0
0x00007f23ade50b7e:   10 48 39 f0 75 ec 89 d6 83 e6 f0 89 f0 39 f2 0f
0x00007f23ade50b8e:   84 9f 00 00 00 89 d7 29 f7 44 8d 47 ff 41 83 f8
0x00007f23ade50b9e:   06 76 14 4c 8b 44 31 06 4d 89 04 34 89 fe 83 e6
0x00007f23ade50bae:   f8 01 f0 39 f7 74 7d 48 63 f0 0f b6 7c 31 06 41 


Stack slot to memory mapping:
stack at sp + 0 slots: 0x00007f232bb3f3a7 is pointing into metadata
stack at sp + 1 slots: 0x0000000000000005 is an unknown value
stack at sp + 2 slots: 0x00007f23783fb640 is pointing into the stack for thread: 0x00007f22dc002490
stack at sp + 3 slots: 0x00007f23adeb4c4f: <offset 0x0000000000eb4c4f> in /usr/lib/jvm/java-17-openjdk-amd64/lib/server/libjvm.so at 0x00007f23ad000000
stack at sp + 4 slots: 0x00007f22dc001e80 points into unknown readable memory: 0x00007f2200000002 | 02 00 00 00 22 7f 00 00
stack at sp + 5 slots: 0x00007f22dc002490 is a thread
stack at sp + 6 slots: 0x00007f23783f9560 is pointing into the stack for thread: 0x00007f22dc002490
stack at sp + 7 slots: 0x00007f23addf12db: <offset 0x0000000000df12db> in /usr/lib/jvm/java-17-openjdk-amd64/lib/server/libjvm.so at 0x00007f23ad000000


---------------  P R O C E S S  ---------------

Threads class SMR info:
_java_thread_list=0x00007f22d832d610, length=16, elements={
0x00007f23a8017270, 0x00007f23a8167d40, 0x00007f23a8169130, 0x00007f23a816e900,
0x00007f23a816fcc0, 0x00007f23a81710e0, 0x00007f23a8172aa0, 0x00007f23a8173fe0,
0x00007f23a817d450, 0x00007f23a8188a20, 0x00007f231006df50, 0x00007f23a84a6bb0,
0x00007f23a84a79a0, 0x00007f23a86c3ef0, 0x00007f22dc002490, 0x00007f2314000fe0
}

Java Threads: ( => current thread )
  0x00007f23a8017270 JavaThread "main" [_thread_blocked, id=7613, stack(0x00007f23acb00000,0x00007f23acc00000)]
  0x00007f23a8167d40 JavaThread "Reference Handler" daemon [_thread_blocked, id=7623, stack(0x00007f23799aa000,0x00007f2379aaa000)]
  0x00007f23a8169130 JavaThread "Finalizer" daemon [_thread_blocked, id=7624, stack(0x00007f23798aa000,0x00007f23799aa000)]
  0x00007f23a816e900 JavaThread "Signal Dispatcher" daemon [_thread_blocked, id=7625, stack(0x00007f23797aa000,0x00007f23798aa000)]
  0x00007f23a816fcc0 JavaThread "Service Thread" daemon [_thread_blocked, id=7626, stack(0x00007f2379100000,0x00007f2379200000)]
  0x00007f23a81710e0 JavaThread "Monitor Deflation Thread" daemon [_thread_blocked, id=7627, stack(0x00007f2379000000,0x00007f2379100000)]
  0x00007f23a8172aa0 JavaThread "C2 CompilerThread0" daemon [_thread_in_native, id=7628, stack(0x00007f2378f00000,0x00007f2379000000)]
  0x00007f23a8173fe0 JavaThread "C1 CompilerThread0" daemon [_thread_blocked, id=7629, stack(0x00007f2378e00000,0x00007f2378f00000)]
  0x00007f23a817d450 JavaThread "Sweeper thread" daemon [_thread_blocked, id=7630, stack(0x00007f2378d00000,0x00007f2378e00000)]
  0x00007f23a8188a20 JavaThread "Common-Cleaner" daemon [_thread_blocked, id=7631, stack(0x00007f2378c00000,0x00007f2378d00000)]
  0x00007f231006df50 JavaThread "C2 CompilerThread1" daemon [_thread_in_native, id=7633, stack(0x00007f2378b00000,0x00007f2378c00000)]
  0x00007f23a84a6bb0 JavaThread "Monitor Ctrl-Break" daemon [_thread_in_native, id=7634, stack(0x00007f2378a00000,0x00007f2378b00000)]
  0x00007f23a84a79a0 JavaThread "Notification Thread" daemon [_thread_blocked, id=7635, stack(0x00007f2378900000,0x00007f2378a00000)]
  0x00007f23a86c3ef0 JavaThread "Thread-0" [_thread_blocked, id=7644, stack(0x00007f23783fc000,0x00007f23784fc000)]
=>0x00007f22dc002490 JavaThread "restartedMain" [_thread_in_vm, id=7645, stack(0x00007f23782fc000,0x00007f23783fc000)]
  0x00007f2314000fe0 JavaThread "Attach Listener" daemon [_thread_blocked, id=7647, stack(0x00007f23781fc000,0x00007f23782fc000)]

Other Threads:
  0x00007f23a8163d10 VMThread "VM Thread" [stack: 0x00007f2379aab000,0x00007f2379bab000] [id=7620]
  0x00007f23a8019a40 WatcherThread [stack: 0x00007f2378800000,0x00007f2378900000] [id=7636]
  0x00007f23a80814d0 GCTaskThread "GC Thread#0" [stack: 0x00007f23ac4ce000,0x00007f23ac5ce000] [id=7614]
  0x00007f23240050f0 GCTaskThread "GC Thread#1" [stack: 0x00007f23786ff000,0x00007f23787ff000] [id=7637]
  0x00007f2324005b30 GCTaskThread "GC Thread#2" [stack: 0x00007f23785fe000,0x00007f23786fe000] [id=7638]
  0x00007f2324006570 GCTaskThread "GC Thread#3" [stack: 0x00007f23784fd000,0x00007f23785fd000] [id=7639]
  0x00007f23a80923d0 ConcurrentGCThread "G1 Main Marker" [stack: 0x00007f23ac3cd000,0x00007f23ac4cd000] [id=7615]
  0x00007f23a8093340 ConcurrentGCThread "G1 Conc#0" [stack: 0x00007f23ac2cc000,0x00007f23ac3cc000] [id=7616]
  0x00007f23a8136ce0 ConcurrentGCThread "G1 Refine#0" [stack: 0x00007f2379dff000,0x00007f2379eff000] [id=7617]
  0x00007f23a8137be0 ConcurrentGCThread "G1 Service" [stack: 0x00007f2379cfe000,0x00007f2379dfe000] [id=7618]

Threads with active compile tasks:
C2 CompilerThread0     2339 2261       4       jdk.internal.module.SystemModuleFinders$SystemModuleReader::find (59 bytes)
C2 CompilerThread1     2339 2600 %     4       sun.reflect.generics.parser.SignatureParser::skipIdentifier @ 5 (67 bytes)

VM state: not at safepoint (normal execution)

VM Mutex/Monitor currently owned by a thread: None

Heap address: 0x0000000706e00000, size: 3986 MB, Compressed Oops mode: Zero based, Oop shift amount: 3

CDS archive(s) mapped at: [0x00007f232b000000-0x00007f232bbc6000-0x00007f232bbc6000), size 12345344, SharedBaseAddress: 0x00007f232b000000, ArchiveRelocationMode: 1.
Compressed class space mapped at: 0x00007f232c000000-0x00007f236c000000, reserved size: 1073741824
Narrow klass base: 0x00007f232b000000, Narrow klass shift: 0, Narrow klass range: 0x100000000

GC Precious Log:
 CPUs: 4 total, 4 available
 Memory: 15942M
 Large Page Support: Disabled
 NUMA Support: Disabled
 Compressed Oops: Enabled (Zero based)
 Heap Region Size: 2M
 Heap Min Capacity: 8M
 Heap Initial Capacity: 250M
 Heap Max Capacity: 3986M
 Pre-touch: Disabled
 Parallel Workers: 4
 Concurrent Workers: 1
 Concurrent Refinement Workers: 4
 Periodic GC: Disabled

Heap:
 garbage-first heap   total 260096K, used 61278K [0x0000000706e00000, 0x0000000800000000)
  region size 2048K, 28 young (57344K), 2 survivors (4096K)
 Metaspace       used 21097K, committed 21312K, reserved 1114112K
  class space    used 2707K, committed 2816K, reserved 1048576K

Heap Regions: E=young(eden), S=young(survivor), O=old, HS=humongous(starts), HC=humongous(continues), CS=collection set, F=free, OA=open archive, CA=closed archive, TAMS=top-at-mark-start (previous, next)
|   0|0x0000000706e00000, 0x0000000707000000, 0x0000000707000000|100%| O|  |TAMS 0x0000000706e00000, 0x0000000706e00000| Untracked 
|   1|0x0000000707000000, 0x0000000707200000, 0x0000000707200000|100%| O|  |TAMS 0x0000000707000000, 0x0000000707000000| Untracked 
|   2|0x0000000707200000, 0x0000000707340a00, 0x0000000707400000| 62%| O|  |TAMS 0x0000000707200000, 0x0000000707200000| Untracked 
|   3|0x0000000707400000, 0x0000000707400000, 0x0000000707600000|  0%| F|  |TAMS 0x0000000707400000, 0x0000000707400000| Untracked 
|   4|0x0000000707600000, 0x0000000707600000, 0x0000000707800000|  0%| F|  |TAMS 0x0000000707600000, 0x0000000707600000| Untracked 
|   5|0x0000000707800000, 0x0000000707800000, 0x0000000707a00000|  0%| F|  |TAMS 0x0000000707800000, 0x0000000707800000| Untracked 
|   6|0x0000000707a00000, 0x0000000707a00000, 0x0000000707c00000|  0%| F|  |TAMS 0x0000000707a00000, 0x0000000707a00000| Untracked 
|   7|0x0000000707c00000, 0x0000000707c00000, 0x0000000707e00000|  0%| F|  |TAMS 0x0000000707c00000, 0x0000000707c00000| Untracked 
|   8|0x0000000707e00000, 0x0000000707e00000, 0x0000000708000000|  0%| F|  |TAMS 0x0000000707e00000, 0x0000000707e00000| Untracked 
|   9|0x0000000708000000, 0x0000000708000000, 0x0000000708200000|  0%| F|  |TAMS 0x0000000708000000, 0x0000000708000000| Untracked 
|  10|0x0000000708200000, 0x0000000708200000, 0x0000000708400000|  0%| F|  |TAMS 0x0000000708200000, 0x0000000708200000| Untracked 
|  11|0x0000000708400000, 0x0000000708400000, 0x0000000708600000|  0%| F|  |TAMS 0x0000000708400000, 0x0000000708400000| Untracked 
|  12|0x0000000708600000, 0x0000000708600000, 0x0000000708800000|  0%| F|  |TAMS 0x0000000708600000, 0x0000000708600000| Untracked 
|  13|0x0000000708800000, 0x0000000708800000, 0x0000000708a00000|  0%| F|  |TAMS 0x0000000708800000, 0x0000000708800000| Untracked 
|  14|0x0000000708a00000, 0x0000000708a00000, 0x0000000708c00000|  0%| F|  |TAMS 0x0000000708a00000, 0x0000000708a00000| Untracked 
|  15|0x0000000708c00000, 0x0000000708c00000, 0x0000000708e00000|  0%| F|  |TAMS 0x0000000708c00000, 0x0000000708c00000| Untracked 
|  16|0x0000000708e00000, 0x0000000708e00000, 0x0000000709000000|  0%| F|  |TAMS 0x0000000708e00000, 0x0000000708e00000| Untracked 
|  17|0x0000000709000000, 0x0000000709000000, 0x0000000709200000|  0%| F|  |TAMS 0x0000000709000000, 0x0000000709000000| Untracked 
|  18|0x0000000709200000, 0x0000000709200000, 0x0000000709400000|  0%| F|  |TAMS 0x0000000709200000, 0x0000000709200000| Untracked 
|  19|0x0000000709400000, 0x0000000709400000, 0x0000000709600000|  0%| F|  |TAMS 0x0000000709400000, 0x0000000709400000| Untracked 
|  20|0x0000000709600000, 0x0000000709600000, 0x0000000709800000|  0%| F|  |TAMS 0x0000000709600000, 0x0000000709600000| Untracked 
|  21|0x0000000709800000, 0x0000000709800000, 0x0000000709a00000|  0%| F|  |TAMS 0x0000000709800000, 0x0000000709800000| Untracked 
|  22|0x0000000709a00000, 0x0000000709a00000, 0x0000000709c00000|  0%| F|  |TAMS 0x0000000709a00000, 0x0000000709a00000| Untracked 
|  23|0x0000000709c00000, 0x0000000709c00000, 0x0000000709e00000|  0%| F|  |TAMS 0x0000000709c00000, 0x0000000709c00000| Untracked 
|  24|0x0000000709e00000, 0x0000000709e00000, 0x000000070a000000|  0%| F|  |TAMS 0x0000000709e00000, 0x0000000709e00000| Untracked 
|  25|0x000000070a000000, 0x000000070a000000, 0x000000070a200000|  0%| F|  |TAMS 0x000000070a000000, 0x000000070a000000| Untracked 
|  26|0x000000070a200000, 0x000000070a200000, 0x000000070a400000|  0%| F|  |TAMS 0x000000070a200000, 0x000000070a200000| Untracked 
|  27|0x000000070a400000, 0x000000070a400000, 0x000000070a600000|  0%| F|  |TAMS 0x000000070a400000, 0x000000070a400000| Untracked 
|  28|0x000000070a600000, 0x000000070a600000, 0x000000070a800000|  0%| F|  |TAMS 0x000000070a600000, 0x000000070a600000| Untracked 
|  29|0x000000070a800000, 0x000000070a800000, 0x000000070aa00000|  0%| F|  |TAMS 0x000000070a800000, 0x000000070a800000| Untracked 
|  30|0x000000070aa00000, 0x000000070aa00000, 0x000000070ac00000|  0%| F|  |TAMS 0x000000070aa00000, 0x000000070aa00000| Untracked 
|  31|0x000000070ac00000, 0x000000070ac00000, 0x000000070ae00000|  0%| F|  |TAMS 0x000000070ac00000, 0x000000070ac00000| Untracked 
|  32|0x000000070ae00000, 0x000000070ae00000, 0x000000070b000000|  0%| F|  |TAMS 0x000000070ae00000, 0x000000070ae00000| Untracked 
|  33|0x000000070b000000, 0x000000070b000000, 0x000000070b200000|  0%| F|  |TAMS 0x000000070b000000, 0x000000070b000000| Untracked 
|  34|0x000000070b200000, 0x000000070b200000, 0x000000070b400000|  0%| F|  |TAMS 0x000000070b200000, 0x000000070b200000| Untracked 
|  35|0x000000070b400000, 0x000000070b400000, 0x000000070b600000|  0%| F|  |TAMS 0x000000070b400000, 0x000000070b400000| Untracked 
|  36|0x000000070b600000, 0x000000070b600000, 0x000000070b800000|  0%| F|  |TAMS 0x000000070b600000, 0x000000070b600000| Untracked 
|  37|0x000000070b800000, 0x000000070b800000, 0x000000070ba00000|  0%| F|  |TAMS 0x000000070b800000, 0x000000070b800000| Untracked 
|  38|0x000000070ba00000, 0x000000070ba00000, 0x000000070bc00000|  0%| F|  |TAMS 0x000000070ba00000, 0x000000070ba00000| Untracked 
|  39|0x000000070bc00000, 0x000000070bc00000, 0x000000070be00000|  0%| F|  |TAMS 0x000000070bc00000, 0x000000070bc00000| Untracked 
|  40|0x000000070be00000, 0x000000070be00000, 0x000000070c000000|  0%| F|  |TAMS 0x000000070be00000, 0x000000070be00000| Untracked 
|  41|0x000000070c000000, 0x000000070c000000, 0x000000070c200000|  0%| F|  |TAMS 0x000000070c000000, 0x000000070c000000| Untracked 
|  42|0x000000070c200000, 0x000000070c200000, 0x000000070c400000|  0%| F|  |TAMS 0x000000070c200000, 0x000000070c200000| Untracked 
|  43|0x000000070c400000, 0x000000070c400000, 0x000000070c600000|  0%| F|  |TAMS 0x000000070c400000, 0x000000070c400000| Untracked 
|  44|0x000000070c600000, 0x000000070c600000, 0x000000070c800000|  0%| F|  |TAMS 0x000000070c600000, 0x000000070c600000| Untracked 
|  45|0x000000070c800000, 0x000000070c800000, 0x000000070ca00000|  0%| F|  |TAMS 0x000000070c800000, 0x000000070c800000| Untracked 
|  46|0x000000070ca00000, 0x000000070ca00000, 0x000000070cc00000|  0%| F|  |TAMS 0x000000070ca00000, 0x000000070ca00000| Untracked 
|  47|0x000000070cc00000, 0x000000070cc00000, 0x000000070ce00000|  0%| F|  |TAMS 0x000000070cc00000, 0x000000070cc00000| Untracked 
|  48|0x000000070ce00000, 0x000000070ce00000, 0x000000070d000000|  0%| F|  |TAMS 0x000000070ce00000, 0x000000070ce00000| Untracked 
|  49|0x000000070d000000, 0x000000070d000000, 0x000000070d200000|  0%| F|  |TAMS 0x000000070d000000, 0x000000070d000000| Untracked 
|  50|0x000000070d200000, 0x000000070d200000, 0x000000070d400000|  0%| F|  |TAMS 0x000000070d200000, 0x000000070d200000| Untracked 
|  51|0x000000070d400000, 0x000000070d400000, 0x000000070d600000|  0%| F|  |TAMS 0x000000070d400000, 0x000000070d400000| Untracked 
|  52|0x000000070d600000, 0x000000070d600000, 0x000000070d800000|  0%| F|  |TAMS 0x000000070d600000, 0x000000070d600000| Untracked 
|  53|0x000000070d800000, 0x000000070d800000, 0x000000070da00000|  0%| F|  |TAMS 0x000000070d800000, 0x000000070d800000| Untracked 
|  54|0x000000070da00000, 0x000000070da00000, 0x000000070dc00000|  0%| F|  |TAMS 0x000000070da00000, 0x000000070da00000| Untracked 
|  55|0x000000070dc00000, 0x000000070dc00000, 0x000000070de00000|  0%| F|  |TAMS 0x000000070dc00000, 0x000000070dc00000| Untracked 
|  56|0x000000070de00000, 0x000000070de00000, 0x000000070e000000|  0%| F|  |TAMS 0x000000070de00000, 0x000000070de00000| Untracked 
|  57|0x000000070e000000, 0x000000070e000000, 0x000000070e200000|  0%| F|  |TAMS 0x000000070e000000, 0x000000070e000000| Untracked 
|  58|0x000000070e200000, 0x000000070e200000, 0x000000070e400000|  0%| F|  |TAMS 0x000000070e200000, 0x000000070e200000| Untracked 
|  59|0x000000070e400000, 0x000000070e400000, 0x000000070e600000|  0%| F|  |TAMS 0x000000070e400000, 0x000000070e400000| Untracked 
|  60|0x000000070e600000, 0x000000070e600000, 0x000000070e800000|  0%| F|  |TAMS 0x000000070e600000, 0x000000070e600000| Untracked 
|  61|0x000000070e800000, 0x000000070e800000, 0x000000070ea00000|  0%| F|  |TAMS 0x000000070e800000, 0x000000070e800000| Untracked 
|  62|0x000000070ea00000, 0x000000070ea00000, 0x000000070ec00000|  0%| F|  |TAMS 0x000000070ea00000, 0x000000070ea00000| Untracked 
|  63|0x000000070ec00000, 0x000000070ec00000, 0x000000070ee00000|  0%| F|  |TAMS 0x000000070ec00000, 0x000000070ec00000| Untracked 
|  64|0x000000070ee00000, 0x000000070ee00000, 0x000000070f000000|  0%| F|  |TAMS 0x000000070ee00000, 0x000000070ee00000| Untracked 
|  65|0x000000070f000000, 0x000000070f000000, 0x000000070f200000|  0%| F|  |TAMS 0x000000070f000000, 0x000000070f000000| Untracked 
|  66|0x000000070f200000, 0x000000070f200000, 0x000000070f400000|  0%| F|  |TAMS 0x000000070f200000, 0x000000070f200000| Untracked 
|  67|0x000000070f400000, 0x000000070f400000, 0x000000070f600000|  0%| F|  |TAMS 0x000000070f400000, 0x000000070f400000| Untracked 
|  68|0x000000070f600000, 0x000000070f600000, 0x000000070f800000|  0%| F|  |TAMS 0x000000070f600000, 0x000000070f600000| Untracked 
|  69|0x000000070f800000, 0x000000070f800000, 0x000000070fa00000|  0%| F|  |TAMS 0x000000070f800000, 0x000000070f800000| Untracked 
|  70|0x000000070fa00000, 0x000000070fa00000, 0x000000070fc00000|  0%| F|  |TAMS 0x000000070fa00000, 0x000000070fa00000| Untracked 
|  71|0x000000070fc00000, 0x000000070fc00000, 0x000000070fe00000|  0%| F|  |TAMS 0x000000070fc00000, 0x000000070fc00000| Untracked 
|  72|0x000000070fe00000, 0x000000070fe00000, 0x0000000710000000|  0%| F|  |TAMS 0x000000070fe00000, 0x000000070fe00000| Untracked 
|  73|0x0000000710000000, 0x0000000710000000, 0x0000000710200000|  0%| F|  |TAMS 0x0000000710000000, 0x0000000710000000| Untracked 
|  74|0x0000000710200000, 0x0000000710200000, 0x0000000710400000|  0%| F|  |TAMS 0x0000000710200000, 0x0000000710200000| Untracked 
|  75|0x0000000710400000, 0x0000000710400000, 0x0000000710600000|  0%| F|  |TAMS 0x0000000710400000, 0x0000000710400000| Untracked 
|  76|0x0000000710600000, 0x0000000710600000, 0x0000000710800000|  0%| F|  |TAMS 0x0000000710600000, 0x0000000710600000| Untracked 
|  77|0x0000000710800000, 0x0000000710800000, 0x0000000710a00000|  0%| F|  |TAMS 0x0000000710800000, 0x0000000710800000| Untracked 
|  78|0x0000000710a00000, 0x0000000710a00000, 0x0000000710c00000|  0%| F|  |TAMS 0x0000000710a00000, 0x0000000710a00000| Untracked 
|  79|0x0000000710c00000, 0x0000000710c00000, 0x0000000710e00000|  0%| F|  |TAMS 0x0000000710c00000, 0x0000000710c00000| Untracked 
|  80|0x0000000710e00000, 0x0000000710e00000, 0x0000000711000000|  0%| F|  |TAMS 0x0000000710e00000, 0x0000000710e00000| Untracked 
|  81|0x0000000711000000, 0x0000000711000000, 0x0000000711200000|  0%| F|  |TAMS 0x0000000711000000, 0x0000000711000000| Untracked 
|  82|0x0000000711200000, 0x0000000711200000, 0x0000000711400000|  0%| F|  |TAMS 0x0000000711200000, 0x0000000711200000| Untracked 
|  83|0x0000000711400000, 0x0000000711400000, 0x0000000711600000|  0%| F|  |TAMS 0x0000000711400000, 0x0000000711400000| Untracked 
|  84|0x0000000711600000, 0x0000000711600000, 0x0000000711800000|  0%| F|  |TAMS 0x0000000711600000, 0x0000000711600000| Untracked 
|  85|0x0000000711800000, 0x0000000711800000, 0x0000000711a00000|  0%| F|  |TAMS 0x0000000711800000, 0x0000000711800000| Untracked 
|  86|0x0000000711a00000, 0x0000000711a00000, 0x0000000711c00000|  0%| F|  |TAMS 0x0000000711a00000, 0x0000000711a00000| Untracked 
|  87|0x0000000711c00000, 0x0000000711c00000, 0x0000000711e00000|  0%| F|  |TAMS 0x0000000711c00000, 0x0000000711c00000| Untracked 
|  88|0x0000000711e00000, 0x0000000711e00000, 0x0000000712000000|  0%| F|  |TAMS 0x0000000711e00000, 0x0000000711e00000| Untracked 
|  89|0x0000000712000000, 0x0000000712000000, 0x0000000712200000|  0%| F|  |TAMS 0x0000000712000000, 0x0000000712000000| Untracked 
|  90|0x0000000712200000, 0x0000000712200000, 0x0000000712400000|  0%| F|  |TAMS 0x0000000712200000, 0x0000000712200000| Untracked 
|  91|0x0000000712400000, 0x0000000712400000, 0x0000000712600000|  0%| F|  |TAMS 0x0000000712400000, 0x0000000712400000| Untracked 
|  92|0x0000000712600000, 0x0000000712600000, 0x0000000712800000|  0%| F|  |TAMS 0x0000000712600000, 0x0000000712600000| Untracked 
|  93|0x0000000712800000, 0x0000000712800000, 0x0000000712a00000|  0%| F|  |TAMS 0x0000000712800000, 0x0000000712800000| Untracked 
|  94|0x0000000712a00000, 0x0000000712a00000, 0x0000000712c00000|  0%| F|  |TAMS 0x0000000712a00000, 0x0000000712a00000| Untracked 
|  95|0x0000000712c00000, 0x0000000712c00000, 0x0000000712e00000|  0%| F|  |TAMS 0x0000000712c00000, 0x0000000712c00000| Untracked 
|  96|0x0000000712e00000, 0x0000000712e00000, 0x0000000713000000|  0%| F|  |TAMS 0x0000000712e00000, 0x0000000712e00000| Untracked 
|  97|0x0000000713000000, 0x00000007131e16f8, 0x0000000713200000| 94%| E|  |TAMS 0x0000000713000000, 0x0000000713000000| Complete 
|  98|0x0000000713200000, 0x0000000713400000, 0x0000000713400000|100%| E|CS|TAMS 0x0000000713200000, 0x0000000713200000| Complete 
|  99|0x0000000713400000, 0x0000000713600000, 0x0000000713600000|100%| E|CS|TAMS 0x0000000713400000, 0x0000000713400000| Complete 
| 100|0x0000000713600000, 0x0000000713800000, 0x0000000713800000|100%| E|CS|TAMS 0x0000000713600000, 0x0000000713600000| Complete 
| 101|0x0000000713800000, 0x0000000713a00000, 0x0000000713a00000|100%| E|CS|TAMS 0x0000000713800000, 0x0000000713800000| Complete 
| 102|0x0000000713a00000, 0x0000000713c00000, 0x0000000713c00000|100%| E|CS|TAMS 0x0000000713a00000, 0x0000000713a00000| Complete 
| 103|0x0000000713c00000, 0x0000000713e00000, 0x0000000713e00000|100%| E|CS|TAMS 0x0000000713c00000, 0x0000000713c00000| Complete 
| 104|0x0000000713e00000, 0x0000000714000000, 0x0000000714000000|100%| E|CS|TAMS 0x0000000713e00000, 0x0000000713e00000| Complete 
| 105|0x0000000714000000, 0x0000000714200000, 0x0000000714200000|100%| E|CS|TAMS 0x0000000714000000, 0x0000000714000000| Complete 
| 106|0x0000000714200000, 0x0000000714400000, 0x0000000714400000|100%| E|CS|TAMS 0x0000000714200000, 0x0000000714200000| Complete 
| 107|0x0000000714400000, 0x0000000714600000, 0x0000000714600000|100%| E|CS|TAMS 0x0000000714400000, 0x0000000714400000| Complete 
| 108|0x0000000714600000, 0x0000000714800000, 0x0000000714800000|100%| E|CS|TAMS 0x0000000714600000, 0x0000000714600000| Complete 
| 109|0x0000000714800000, 0x00000007148aaf28, 0x0000000714a00000| 33%| S|CS|TAMS 0x0000000714800000, 0x0000000714800000| Complete 
| 110|0x0000000714a00000, 0x0000000714c00000, 0x0000000714c00000|100%| S|CS|TAMS 0x0000000714a00000, 0x0000000714a00000| Complete 
| 111|0x0000000714c00000, 0x0000000714e00000, 0x0000000714e00000|100%| E|CS|TAMS 0x0000000714c00000, 0x0000000714c00000| Complete 
| 112|0x0000000714e00000, 0x0000000715000000, 0x0000000715000000|100%| E|CS|TAMS 0x0000000714e00000, 0x0000000714e00000| Complete 
| 113|0x0000000715000000, 0x0000000715200000, 0x0000000715200000|100%| E|CS|TAMS 0x0000000715000000, 0x0000000715000000| Complete 
| 114|0x0000000715200000, 0x0000000715400000, 0x0000000715400000|100%| E|CS|TAMS 0x0000000715200000, 0x0000000715200000| Complete 
| 115|0x0000000715400000, 0x0000000715600000, 0x0000000715600000|100%| E|CS|TAMS 0x0000000715400000, 0x0000000715400000| Complete 
| 116|0x0000000715600000, 0x0000000715800000, 0x0000000715800000|100%| E|CS|TAMS 0x0000000715600000, 0x0000000715600000| Complete 
| 117|0x0000000715800000, 0x0000000715a00000, 0x0000000715a00000|100%| E|CS|TAMS 0x0000000715800000, 0x0000000715800000| Complete 
| 118|0x0000000715a00000, 0x0000000715c00000, 0x0000000715c00000|100%| E|CS|TAMS 0x0000000715a00000, 0x0000000715a00000| Complete 
| 119|0x0000000715c00000, 0x0000000715e00000, 0x0000000715e00000|100%| E|CS|TAMS 0x0000000715c00000, 0x0000000715c00000| Complete 
| 120|0x0000000715e00000, 0x0000000716000000, 0x0000000716000000|100%| E|CS|TAMS 0x0000000715e00000, 0x0000000715e00000| Complete 
| 121|0x0000000716000000, 0x0000000716200000, 0x0000000716200000|100%| E|CS|TAMS 0x0000000716000000, 0x0000000716000000| Complete 
| 122|0x0000000716200000, 0x0000000716400000, 0x0000000716400000|100%| E|CS|TAMS 0x0000000716200000, 0x0000000716200000| Complete 
| 123|0x0000000716400000, 0x0000000716600000, 0x0000000716600000|100%| E|CS|TAMS 0x0000000716400000, 0x0000000716400000| Complete 
| 124|0x0000000716600000, 0x0000000716800000, 0x0000000716800000|100%| E|CS|TAMS 0x0000000716600000, 0x0000000716600000| Complete 
|1991|0x00000007ffc00000, 0x00000007ffd75000, 0x00000007ffe00000| 72%|OA|  |TAMS 0x00000007ffc00000, 0x00000007ffc00000| Untracked 
|1992|0x00000007ffe00000, 0x00000007ffe77000, 0x0000000800000000| 23%|CA|  |TAMS 0x00000007ffe00000, 0x00000007ffe00000| Untracked 

Card table byte_map: [0x00007f239046e000,0x00007f2390c37000] _byte_map_base: 0x00007f238cc37000

Marking Bits (Prev, Next): (CMBitMap*) 0x00007f23a8081f60, (CMBitMap*) 0x00007f23a8081fa0
 Prev Bits: [0x00007f238be5d000, 0x00007f238fca5000)
 Next Bits: [0x00007f2388015000, 0x00007f238be5d000)

Polling page: 0x00007f23ae668000

Metaspace:

Usage:
  Non-class:     17,96 MB used.
      Class:      2,64 MB used.
       Both:     20,60 MB used.

Virtual space:
  Non-class space:       64,00 MB reserved,      18,06 MB ( 28%) committed,  1 nodes.
      Class space:        1,00 GB reserved,       2,75 MB ( <1%) committed,  1 nodes.
             Both:        1,06 GB reserved,      20,81 MB (  2%) committed. 

Chunk freelists:
   Non-Class:  13,75 MB
       Class:  13,27 MB
        Both:  27,02 MB

MaxMetaspaceSize: unlimited
CompressedClassSpaceSize: 1,00 GB
Initial GC threshold: 21,00 MB
Current GC threshold: 21,00 MB
CDS: on
MetaspaceReclaimPolicy: balanced
 - commit_granule_bytes: 65536.
 - commit_granule_words: 8192.
 - virtual_space_node_default_size: 8388608.
 - enlarge_chunks_in_place: 1.
 - new_chunks_are_fully_committed: 0.
 - uncommit_free_chunks: 1.
 - use_allocation_guard: 0.
 - handle_deallocations: 1.


Internal statistics:

num_allocs_failed_limit: 0.
num_arena_births: 234.
num_arena_deaths: 0.
num_vsnodes_births: 2.
num_vsnodes_deaths: 0.
num_space_committed: 333.
num_space_uncommitted: 0.
num_chunks_returned_to_freelist: 0.
num_chunks_taken_from_freelist: 931.
num_chunk_merges: 0.
num_chunk_splits: 654.
num_chunks_enlarged: 524.
num_inconsistent_stats: 0.

CodeHeap 'non-profiled nmethods': size=120032Kb used=1026Kb max_used=1026Kb free=119005Kb
 bounds [0x00007f2398ec8000, 0x00007f2399138000, 0x00007f23a0400000]
CodeHeap 'profiled nmethods': size=120028Kb used=5118Kb max_used=5118Kb free=114909Kb
 bounds [0x00007f2391400000, 0x00007f2391900000, 0x00007f2398937000]
CodeHeap 'non-nmethods': size=5700Kb used=1194Kb max_used=1251Kb free=4505Kb
 bounds [0x00007f2398937000, 0x00007f2398ba7000, 0x00007f2398ec8000]
 total_blobs=3096 nmethods=2598 adapters=412
 compilation: enabled
              stopped_count=0, restarted_count=0
 full_count=0

Compilation events (20 events):
Event: 2,310 Thread 0x00007f23a8173fe0 2594       3       org.springframework.core.OrderComparator::compare (8 bytes)
Event: 2,310 Thread 0x00007f23a8173fe0 nmethod 2594 0x00007f23918fae10 code [0x00007f23918fafc0, 0x00007f23918fb100]
Event: 2,310 Thread 0x00007f23a8173fe0 2596       3       org.springframework.core.annotation.OrderUtils::getOrderFromAnnotations (72 bytes)
Event: 2,311 Thread 0x00007f23a8173fe0 nmethod 2596 0x00007f23918fb190 code [0x00007f23918fb3a0, 0x00007f23918fba70]
Event: 2,311 Thread 0x00007f23a8173fe0 2595       3       org.springframework.core.OrderComparator::doCompare (60 bytes)
Event: 2,311 Thread 0x00007f23a8173fe0 nmethod 2595 0x00007f23918fbc10 code [0x00007f23918fbe20, 0x00007f23918fc470]
Event: 2,311 Thread 0x00007f23a8173fe0 2597       3       jdk.internal.org.objectweb.asm.MethodVisitor::visitMaxs (17 bytes)
Event: 2,311 Thread 0x00007f23a8173fe0 nmethod 2597 0x00007f23918fc590 code [0x00007f23918fc740, 0x00007f23918fc940]
Event: 2,311 Thread 0x00007f23a8173fe0 2598       3       jdk.internal.org.objectweb.asm.MethodVisitor::visitEnd (15 bytes)
Event: 2,311 Thread 0x00007f231006df50 nmethod 2584 0x00007f2398fc5190 code [0x00007f2398fc5340, 0x00007f2398fc5fe8]
Event: 2,311 Thread 0x00007f231006df50 2588       4       java.util.WeakHashMap::remove (131 bytes)
Event: 2,311 Thread 0x00007f23a8173fe0 nmethod 2598 0x00007f23918fca10 code [0x00007f23918fcbc0, 0x00007f23918fcdc0]
Event: 2,311 Thread 0x00007f23a8173fe0 2599       3       sun.reflect.generics.parser.SignatureParser::parseClassSignature (37 bytes)
Event: 2,312 Thread 0x00007f23a8173fe0 nmethod 2599 0x00007f23918fce90 code [0x00007f23918fd080, 0x00007f23918fd400]
Event: 2,312 Thread 0x00007f23a8173fe0 2601       3       org.springframework.core.ResolvableType::getInterfaces (68 bytes)
Event: 2,312 Thread 0x00007f23a8173fe0 nmethod 2601 0x00007f23918fd590 code [0x00007f23918fd820, 0x00007f23918fe6e0]
Event: 2,312 Thread 0x00007f23a8173fe0 2602       3       sun.reflect.generics.reflectiveObjects.ParameterizedTypeImpl::make (11 bytes)
Event: 2,313 Thread 0x00007f23a8173fe0 nmethod 2602 0x00007f23918feb10 code [0x00007f23918fece0, 0x00007f23918ff0f0]
Event: 2,313 Thread 0x00007f23a8173fe0 2603       3       sun.reflect.generics.reflectiveObjects.ParameterizedTypeImpl::hashCode (24 bytes)
Event: 2,313 Thread 0x00007f23a8173fe0 nmethod 2603 0x00007f23918ff290 code [0x00007f23918ff480, 0x00007f23918ff8c0]

GC Heap History (6 events):
Event: 0,446 GC heap before
{Heap before GC invocations=0 (full 0):
 garbage-first heap   total 260096K, used 12208K [0x0000000706e00000, 0x0000000800000000)
  region size 2048K, 6 young (12288K), 0 survivors (0K)
 Metaspace       used 3155K, committed 3328K, reserved 1114112K
  class space    used 317K, committed 384K, reserved 1048576K
}
Event: 0,456 GC heap after
{Heap after GC invocations=1 (full 0):
 garbage-first heap   total 260096K, used 7416K [0x0000000706e00000, 0x0000000800000000)
  region size 2048K, 1 young (2048K), 1 survivors (2048K)
 Metaspace       used 3155K, committed 3328K, reserved 1114112K
  class space    used 317K, committed 384K, reserved 1048576K
}
Event: 0,790 GC heap before
{Heap before GC invocations=1 (full 0):
 garbage-first heap   total 260096K, used 17656K [0x0000000706e00000, 0x0000000800000000)
  region size 2048K, 6 young (12288K), 1 survivors (2048K)
 Metaspace       used 5691K, committed 5888K, reserved 1114112K
  class space    used 661K, committed 768K, reserved 1048576K
}
Event: 0,793 GC heap after
{Heap after GC invocations=2 (full 0):
 garbage-first heap   total 260096K, used 7993K [0x0000000706e00000, 0x0000000800000000)
  region size 2048K, 1 young (2048K), 1 survivors (2048K)
 Metaspace       used 5691K, committed 5888K, reserved 1114112K
  class space    used 661K, committed 768K, reserved 1048576K
}
Event: 1,384 GC heap before
{Heap before GC invocations=2 (full 0):
 garbage-first heap   total 260096K, used 32569K [0x0000000706e00000, 0x0000000800000000)
  region size 2048K, 14 young (28672K), 1 survivors (2048K)
 Metaspace       used 11774K, committed 12032K, reserved 1114112K
  class space    used 1534K, committed 1664K, reserved 1048576K
}
Event: 1,388 GC heap after
{Heap after GC invocations=3 (full 0):
 garbage-first heap   total 260096K, used 10078K [0x0000000706e00000, 0x0000000800000000)
  region size 2048K, 2 young (4096K), 2 survivors (4096K)
 Metaspace       used 11774K, committed 12032K, reserved 1114112K
  class space    used 1534K, committed 1664K, reserved 1048576K
}

Dll operation events (11 events):
Event: 0,003 Loaded shared library /usr/lib/jvm/java-17-openjdk-amd64/lib/libjava.so
Event: 0,028 Loaded shared library /usr/lib/jvm/java-17-openjdk-amd64/lib/libjsvml.so
Event: 0,120 Loaded shared library /usr/lib/jvm/java-17-openjdk-amd64/lib/libzip.so
Event: 0,121 Loaded shared library /usr/lib/jvm/java-17-openjdk-amd64/lib/libinstrument.so
Event: 0,125 Loaded shared library /usr/lib/jvm/java-17-openjdk-amd64/lib/libnio.so
Event: 0,127 Loaded shared library /usr/lib/jvm/java-17-openjdk-amd64/lib/libzip.so
Event: 0,205 Loaded shared library /usr/lib/jvm/java-17-openjdk-amd64/lib/libnet.so
Event: 0,212 Loaded shared library /usr/lib/jvm/java-17-openjdk-amd64/lib/libextnet.so
Event: 0,259 Loaded shared library /usr/lib/jvm/java-17-openjdk-amd64/lib/libjimage.so
Event: 0,618 Loaded shared library /usr/lib/jvm/java-17-openjdk-amd64/lib/libmanagement.so
Event: 0,620 Loaded shared library /usr/lib/jvm/java-17-openjdk-amd64/lib/libmanagement_ext.so

Deoptimization events (20 events):
Event: 2,228 Thread 0x00007f22dc002490 DEOPT PACKING pc=0x00007f2398ed7744 sp=0x00007f23783f9570
Event: 2,228 Thread 0x00007f22dc002490 DEOPT UNPACKING pc=0x00007f239898d693 sp=0x00007f23783f9528 mode 2
Event: 2,228 Thread 0x00007f22dc002490 Uncommon trap: trap_request=0xffffffde fr.pc=0x00007f2398ed7744 relative=0x00000000000001a4
Event: 2,228 Thread 0x00007f22dc002490 Uncommon trap: reason=class_check action=maybe_recompile pc=0x00007f2398ed7744 method=java.lang.String.equals(Ljava/lang/Object;)Z @ 8 c2
Event: 2,228 Thread 0x00007f22dc002490 DEOPT PACKING pc=0x00007f2398ed7744 sp=0x00007f23783f9570
Event: 2,228 Thread 0x00007f22dc002490 DEOPT UNPACKING pc=0x00007f239898d693 sp=0x00007f23783f9528 mode 2
Event: 2,228 Thread 0x00007f22dc002490 Uncommon trap: trap_request=0xffffffde fr.pc=0x00007f2398ed7744 relative=0x00000000000001a4
Event: 2,228 Thread 0x00007f22dc002490 Uncommon trap: reason=class_check action=maybe_recompile pc=0x00007f2398ed7744 method=java.lang.String.equals(Ljava/lang/Object;)Z @ 8 c2
Event: 2,228 Thread 0x00007f22dc002490 DEOPT PACKING pc=0x00007f2398ed7744 sp=0x00007f23783f9570
Event: 2,228 Thread 0x00007f22dc002490 DEOPT UNPACKING pc=0x00007f239898d693 sp=0x00007f23783f9528 mode 2
Event: 2,229 Thread 0x00007f22dc002490 Uncommon trap: trap_request=0xffffffde fr.pc=0x00007f2398ed7744 relative=0x00000000000001a4
Event: 2,229 Thread 0x00007f22dc002490 Uncommon trap: reason=class_check action=maybe_recompile pc=0x00007f2398ed7744 method=java.lang.String.equals(Ljava/lang/Object;)Z @ 8 c2
Event: 2,229 Thread 0x00007f22dc002490 DEOPT PACKING pc=0x00007f2398ed7744 sp=0x00007f23783f9200
Event: 2,229 Thread 0x00007f22dc002490 DEOPT UNPACKING pc=0x00007f239898d693 sp=0x00007f23783f91b8 mode 2
Event: 2,278 Thread 0x00007f22dc002490 Uncommon trap: trap_request=0xffffff45 fr.pc=0x00007f2398f24300 relative=0x0000000000000160
Event: 2,278 Thread 0x00007f22dc002490 Uncommon trap: reason=unstable_if action=reinterpret pc=0x00007f2398f24300 method=sun.net.www.ParseUtil.firstEncodeIndex(Ljava/lang/String;)I @ 27 c2
Event: 2,278 Thread 0x00007f22dc002490 DEOPT PACKING pc=0x00007f2398f24300 sp=0x00007f23783f8510
Event: 2,278 Thread 0x00007f22dc002490 DEOPT UNPACKING pc=0x00007f239898d693 sp=0x00007f23783f84b8 mode 2
Event: 2,298 Thread 0x00007f22dc002490 DEOPT PACKING pc=0x00007f23918f40b0 sp=0x00007f23783f7920
Event: 2,298 Thread 0x00007f22dc002490 DEOPT UNPACKING pc=0x00007f239898de10 sp=0x00007f23783f6e58 mode 0

Classes unloaded (0 events):
No events

Classes redefined (0 events):
No events

Internal exceptions (20 events):
Event: 1,151 Thread 0x00007f22dc002490 Exception <a 'java/lang/NoSuchMethodError'{0x0000000715b3b908}: 'java.lang.Object java.lang.invoke.DirectMethodHandle$Holder.invokeStatic(java.lang.Object, java.lang.Object, long, java.lang.Object)'> (0x0000000715b3b908) 
thrown [./src/hotspot/share/interpreter/linkResolver.cpp, line 758]
Event: 1,151 Thread 0x00007f22dc002490 Exception <a 'java/lang/NoSuchMethodError'{0x0000000715b3f3a0}: 'java.lang.Object java.lang.invoke.DirectMethodHandle$Holder.invokeStaticInit(java.lang.Object, java.lang.Object, long, java.lang.Object)'> (0x0000000715b3f3a0) 
thrown [./src/hotspot/share/interpreter/linkResolver.cpp, line 758]
Event: 1,152 Thread 0x00007f22dc002490 Exception <a 'java/lang/NoSuchMethodError'{0x0000000715b45aa8}: 'java.lang.Object java.lang.invoke.DirectMethodHandle$Holder.newInvokeSpecial(java.lang.Object, java.lang.Object, long)'> (0x0000000715b45aa8) 
thrown [./src/hotspot/share/interpreter/linkResolver.cpp, line 758]
Event: 1,152 Thread 0x00007f22dc002490 Exception <a 'java/lang/NoSuchMethodError'{0x0000000715b49618}: 'java.lang.Object java.lang.invoke.Invokers$Holder.linkToTargetMethod(java.lang.Object, long, java.lang.Object)'> (0x0000000715b49618) 
thrown [./src/hotspot/share/interpreter/linkResolver.cpp, line 758]
Event: 1,165 Thread 0x00007f22dc002490 Exception <a 'java/lang/NoSuchMethodError'{0x0000000715be2cc0}: 'void java.lang.invoke.DirectMethodHandle$Holder.invokeVirtual(java.lang.Object, java.lang.Object, java.lang.Object, java.lang.Object)'> (0x0000000715be2cc0) 
thrown [./src/hotspot/share/interpreter/linkResolver.cpp, line 758]
Event: 1,199 Thread 0x00007f22dc002490 Exception <a 'java/lang/NoSuchMethodError'{0x00000007159d4488}: 'void java.lang.invoke.DirectMethodHandle$Holder.invokeSpecial(java.lang.Object, java.lang.Object, java.lang.Object)'> (0x00000007159d4488) 
thrown [./src/hotspot/share/interpreter/linkResolver.cpp, line 758]
Event: 1,200 Thread 0x00007f22dc002490 Exception <a 'java/lang/NoSuchMethodError'{0x00000007159daa60}: 'void java.lang.invoke.DirectMethodHandle$Holder.invokeSpecial(java.lang.Object, java.lang.Object, java.lang.Object, java.lang.Object, java.lang.Object)'> (0x00000007159daa60) 
thrown [./src/hotspot/share/interpreter/linkResolver.cpp, line 758]
Event: 1,217 Thread 0x00007f22dc002490 Exception <a 'java/lang/IncompatibleClassChangeError'{0x000000071560be58}: Found class java.lang.Object, but interface was expected> (0x000000071560be58) 
thrown [./src/hotspot/share/interpreter/linkResolver.cpp, line 826]
Event: 1,584 Thread 0x00007f22dc002490 Exception <a 'java/lang/NoSuchMethodError'{0x0000000716352188}: 'int java.lang.invoke.DirectMethodHandle$Holder.invokeSpecial(java.lang.Object, java.lang.Object, java.lang.Object, java.lang.Object, java.lang.Object)'> (0x0000000716352188) 
thrown [./src/hotspot/share/interpreter/linkResolver.cpp, line 758]
Event: 1,586 Thread 0x00007f22dc002490 Exception <a 'java/lang/NoSuchMethodError'{0x000000071635ae60}: 'void java.lang.invoke.DirectMethodHandle$Holder.invokeVirtual(java.lang.Object, java.lang.Object)'> (0x000000071635ae60) 
thrown [./src/hotspot/share/interpreter/linkResolver.cpp, line 758]
Event: 1,806 Thread 0x00007f22dc002490 Exception <a 'java/lang/IncompatibleClassChangeError'{0x00000007150f51e8}: Found class java.lang.Object, but interface was expected> (0x00000007150f51e8) 
thrown [./src/hotspot/share/interpreter/linkResolver.cpp, line 826]
Event: 2,010 Thread 0x00007f22e01a2ff0 Exception <a 'java/lang/NoSuchMethodError'{0x0000000713e4e6c0}: 'long java.lang.invoke.DirectMethodHandle$Holder.invokeSpecial(java.lang.Object, java.lang.Object)'> (0x0000000713e4e6c0) 
thrown [./src/hotspot/share/interpreter/linkResolver.cpp, line 758]
Event: 2,014 Thread 0x00007f22e01a2ff0 Exception <a 'java/lang/NoSuchMethodError'{0x0000000713e59878}: 'long java.lang.invoke.DirectMethodHandle$Holder.invokeStatic(java.lang.Object, java.lang.Object)'> (0x0000000713e59878) 
thrown [./src/hotspot/share/interpreter/linkResolver.cpp, line 758]
Event: 2,019 Thread 0x00007f22e01a2ff0 Exception <a 'java/lang/NoSuchMethodError'{0x0000000713e5ce78}: 'long java.lang.invoke.DirectMethodHandle$Holder.invokeStaticInit(java.lang.Object, java.lang.Object)'> (0x0000000713e5ce78) 
thrown [./src/hotspot/share/interpreter/linkResolver.cpp, line 758]
Event: 2,024 Thread 0x00007f22e01a2ff0 Exception <a 'java/lang/NoSuchMethodError'{0x0000000713e6aa20}: 'long java.lang.invoke.DirectMethodHandle$Holder.invokeInterface(java.lang.Object, java.lang.Object)'> (0x0000000713e6aa20) 
thrown [./src/hotspot/share/interpreter/linkResolver.cpp, line 758]
Event: 2,025 Thread 0x00007f22e01a2ff0 Exception <a 'java/lang/IncompatibleClassChangeError'{0x0000000713e6dfb0}: Found class java.lang.Object, but interface was expected> (0x0000000713e6dfb0) 
thrown [./src/hotspot/share/interpreter/linkResolver.cpp, line 826]
Event: 2,036 Thread 0x00007f22e01a2ff0 Exception <a 'java/lang/NoSuchMethodError'{0x0000000713c3cda0}: 'java.lang.Object java.lang.invoke.DirectMethodHandle$Holder.invokeVirtual(java.lang.Object, java.lang.Object, java.lang.Object, java.lang.Object)'> (0x0000000713c3cda0) 
thrown [./src/hotspot/share/interpreter/linkResolver.cpp, line 758]
Event: 2,284 Thread 0x00007f22dc002490 Implicit null exception at 0x00007f23917d1fef to 0x00007f23917d2789
Event: 2,284 Thread 0x00007f22dc002490 Exception <a 'java/lang/NullPointerException'{0x00000007133c5708}> (0x00000007133c5708) 
thrown [./src/hotspot/share/runtime/sharedRuntime.cpp, line 631]
Event: 2,300 Thread 0x00007f22dc002490 Exception <a 'java/lang/NoClassDefFoundError'{0x00000007130871e0}: liquibase/exception/ChangeLogParseException> (0x00000007130871e0) 
thrown [./src/hotspot/share/classfile/systemDictionary.cpp, line 245]

VM Operations (20 events):
Event: 1,196 Executing VM operation: HandshakeAllThreads
Event: 1,197 Executing VM operation: HandshakeAllThreads done
Event: 1,210 Executing VM operation: ICBufferFull
Event: 1,210 Executing VM operation: ICBufferFull done
Event: 1,317 Executing VM operation: HandshakeAllThreads
Event: 1,317 Executing VM operation: HandshakeAllThreads done
Event: 1,384 Executing VM operation: G1CollectForAllocation
Event: 1,388 Executing VM operation: G1CollectForAllocation done
Event: 1,480 Executing VM operation: HandshakeAllThreads
Event: 1,496 Executing VM operation: HandshakeAllThreads done
Event: 1,560 Executing VM operation: HandshakeAllThreads
Event: 1,562 Executing VM operation: HandshakeAllThreads done
Event: 1,652 Executing VM operation: HandshakeAllThreads
Event: 1,652 Executing VM operation: HandshakeAllThreads done
Event: 1,814 Executing VM operation: HandshakeAllThreads
Event: 1,814 Executing VM operation: HandshakeAllThreads done
Event: 1,815 Executing VM operation: HandshakeAllThreads
Event: 1,816 Executing VM operation: HandshakeAllThreads done
Event: 2,010 Executing VM operation: ICBufferFull
Event: 2,010 Executing VM operation: ICBufferFull done

Events (20 events):
Event: 1,761 loading class java/util/concurrent/atomic/AtomicLongArray
Event: 1,761 loading class java/util/concurrent/atomic/AtomicLongArray done
Event: 1,761 loading class java/lang/invoke/VarHandleLongs$Array
Event: 1,761 loading class java/lang/invoke/VarHandleLongs$Array done
Event: 1,761 loading class java/util/concurrent/atomic/AtomicReferenceArray
Event: 1,761 loading class java/util/concurrent/atomic/AtomicReferenceArray done
Event: 1,763 Thread 0x00007f22e02f1e80 Thread exited: 0x00007f22e02f1e80
Event: 1,812 loading class sun/text/resources/cldr/FormatData_en
Event: 1,812 loading class sun/text/resources/cldr/FormatData_en done
Event: 1,812 loading class sun/text/resources/cldr/FormatData_en_US
Event: 1,812 loading class sun/text/resources/cldr/FormatData_en_US done
Event: 1,821 loading class java/io/CharArrayReader
Event: 1,821 loading class java/io/CharArrayReader done
Event: 1,999 loading class java/util/regex/Pattern$Pos
Event: 1,999 loading class java/util/regex/Pattern$Pos done
Event: 2,039 Thread 0x00007f22e01a2ff0 Thread exited: 0x00007f22e01a2ff0
Event: 2,072 loading class java/beans/PropertyVetoException
Event: 2,072 loading class java/beans/PropertyVetoException done
Event: 2,290 loading class java/io/StringWriter
Event: 2,290 loading class java/io/StringWriter done


Dynamic libraries:
706e00000-716800000 rw-p 00000000 00:00 0 
716800000-7ffc00000 ---p 00000000 00:00 0 
7ffc00000-7ffd00000 rw-p 00000000 00:00 0 
7ffd00000-7ffd75000 rw-p 00c75000 08:03 25177902                         /usr/lib/jvm/java-17-openjdk-amd64/lib/server/classes.jsa
7ffd75000-7ffe00000 rw-p 00000000 00:00 0 
7ffe00000-7ffe77000 rw-p 00bfe000 08:03 25177902                         /usr/lib/jvm/java-17-openjdk-amd64/lib/server/classes.jsa
7ffe77000-800000000 rw-p 00000000 00:00 0 
55a89189f000-55a8918a0000 r--p 00000000 08:03 25166878                   /usr/lib/jvm/java-17-openjdk-amd64/bin/java
55a8918a0000-55a8918a1000 r-xp 00001000 08:03 25166878                   /usr/lib/jvm/java-17-openjdk-amd64/bin/java
55a8918a1000-55a8918a2000 r--p 00002000 08:03 25166878                   /usr/lib/jvm/java-17-openjdk-amd64/bin/java
55a8918a2000-55a8918a3000 r--p 00002000 08:03 25166878                   /usr/lib/jvm/java-17-openjdk-amd64/bin/java
55a8918a3000-55a8918a4000 rw-p 00003000 08:03 25166878                   /usr/lib/jvm/java-17-openjdk-amd64/bin/java
55a8929bc000-55a892a04000 rw-p 00000000 00:00 0                          [heap]
7f22cc000000-7f22cc021000 rw-p 00000000 00:00 0 
7f22cc021000-7f22d0000000 ---p 00000000 00:00 0 
7f22d4000000-7f22d4037000 rw-p 00000000 00:00 0 
7f22d4037000-7f22d8000000 ---p 00000000 00:00 0 
7f22d8000000-7f22d8330000 rw-p 00000000 00:00 0 
7f22d8330000-7f22dc000000 ---p 00000000 00:00 0 
7f22dc000000-7f22dc021000 rw-p 00000000 00:00 0 
7f22dc021000-7f22e0000000 ---p 00000000 00:00 0 
7f22e0000000-7f22e05a5000 rw-p 00000000 00:00 0 
7f22e05a5000-7f22e4000000 ---p 00000000 00:00 0 
7f22e4000000-7f22e4021000 rw-p 00000000 00:00 0 
7f22e4021000-7f22e8000000 ---p 00000000 00:00 0 
7f22e8000000-7f22e8021000 rw-p 00000000 00:00 0 
7f22e8021000-7f22ec000000 ---p 00000000 00:00 0 
7f22ec000000-7f22ec021000 rw-p 00000000 00:00 0 
7f22ec021000-7f22f0000000 ---p 00000000 00:00 0 
7f22f0000000-7f22f0021000 rw-p 00000000 00:00 0 
7f22f0021000-7f22f4000000 ---p 00000000 00:00 0 
7f22f4000000-7f22f4021000 rw-p 00000000 00:00 0 
7f22f4021000-7f22f8000000 ---p 00000000 00:00 0 
7f22f8000000-7f22f8021000 rw-p 00000000 00:00 0 
7f22f8021000-7f22fc000000 ---p 00000000 00:00 0 
7f22fc000000-7f22fc021000 rw-p 00000000 00:00 0 
7f22fc021000-7f2300000000 ---p 00000000 00:00 0 
7f2300000000-7f2300664000 rw-p 00000000 00:00 0 
7f2300664000-7f2304000000 ---p 00000000 00:00 0 
7f2304000000-7f23044d5000 rw-p 00000000 00:00 0 
7f23044d5000-7f2308000000 ---p 00000000 00:00 0 
7f2308000000-7f2308021000 rw-p 00000000 00:00 0 
7f2308021000-7f230c000000 ---p 00000000 00:00 0 
7f230c000000-7f230c021000 rw-p 00000000 00:00 0 
7f230c021000-7f2310000000 ---p 00000000 00:00 0 
7f2310000000-7f2310f91000 rw-p 00000000 00:00 0 
7f2310f91000-7f2314000000 ---p 00000000 00:00 0 
7f2314000000-7f2314021000 rw-p 00000000 00:00 0 
7f2314021000-7f2318000000 ---p 00000000 00:00 0 
7f2318000000-7f2318021000 rw-p 00000000 00:00 0 
7f2318021000-7f231c000000 ---p 00000000 00:00 0 
7f231c000000-7f231c021000 rw-p 00000000 00:00 0 
7f231c021000-7f2320000000 ---p 00000000 00:00 0 
7f2320000000-7f2320021000 rw-p 00000000 00:00 0 
7f2320021000-7f2324000000 ---p 00000000 00:00 0 
7f2324000000-7f2324021000 rw-p 00000000 00:00 0 
7f2324021000-7f2328000000 ---p 00000000 00:00 0 
7f232ac73000-7f232af00000 rw-p 00000000 00:00 0 
7f232af00000-7f232af04000 ---p 00000000 00:00 0 
7f232af04000-7f232b000000 rw-p 00000000 00:00 0 
7f232b000000-7f232bbc6000 rw-p 00001000 08:03 25177902                   /usr/lib/jvm/java-17-openjdk-amd64/lib/server/classes.jsa
7f232bbc6000-7f232c000000 ---p 00000000 00:00 0 
7f232c000000-7f232c030000 rw-p 00000000 00:00 0 
7f232c030000-7f232c0b0000 rw-p 00000000 00:00 0 
7f232c0b0000-7f232c0f0000 rw-p 00000000 00:00 0 
7f232c0f0000-7f232c2c0000 rw-p 00000000 00:00 0 
7f232c2c0000-7f236c000000 ---p 00000000 00:00 0 
7f236c000000-7f236c021000 rw-p 00000000 00:00 0 
7f236c021000-7f2370000000 ---p 00000000 00:00 0 
7f2370000000-7f23703f0000 rw-p 00000000 00:00 0 
7f23703f0000-7f2370af0000 rw-p 00000000 00:00 0 
7f2370af0000-7f2370bd0000 rw-p 00000000 00:00 0 
7f2370bd0000-7f2370c00000 ---p 00000000 00:00 0 
7f2370c00000-7f2371240000 rw-p 00000000 00:00 0 
7f2371240000-7f2374000000 ---p 00000000 00:00 0 
7f2374000000-7f2374021000 rw-p 00000000 00:00 0 
7f2374021000-7f2378000000 ---p 00000000 00:00 0 
7f23780fc000-7f2378100000 ---p 00000000 00:00 0 
7f2378100000-7f23781fc000 rw-p 00000000 00:00 0 
7f23781fc000-7f2378200000 ---p 00000000 00:00 0 
7f2378200000-7f23782fc000 rw-p 00000000 00:00 0 
7f23782fc000-7f2378300000 ---p 00000000 00:00 0 
7f2378300000-7f23783fc000 rw-p 00000000 00:00 0 
7f23783fc000-7f2378400000 ---p 00000000 00:00 0 
7f2378400000-7f23784fc000 rw-p 00000000 00:00 0 
7f23784fc000-7f23784fd000 ---p 00000000 00:00 0 
7f23784fd000-7f23785fd000 rw-p 00000000 00:00 0 
7f23785fd000-7f23785fe000 ---p 00000000 00:00 0 
7f23785fe000-7f23786fe000 rw-p 00000000 00:00 0 
7f23786fe000-7f23786ff000 ---p 00000000 00:00 0 
7f23786ff000-7f23787ff000 rw-p 00000000 00:00 0 
7f23787ff000-7f2378800000 ---p 00000000 00:00 0 
7f2378800000-7f2378900000 rw-p 00000000 00:00 0 
7f2378900000-7f2378904000 ---p 00000000 00:00 0 
7f2378904000-7f2378a00000 rw-p 00000000 00:00 0 
7f2378a00000-7f2378a04000 ---p 00000000 00:00 0 
7f2378a04000-7f2378b00000 rw-p 00000000 00:00 0 
7f2378b00000-7f2378b04000 ---p 00000000 00:00 0 
7f2378b04000-7f2378c00000 rw-p 00000000 00:00 0 
7f2378c00000-7f2378c04000 ---p 00000000 00:00 0 
7f2378c04000-7f2378d00000 rw-p 00000000 00:00 0 
7f2378d00000-7f2378d04000 ---p 00000000 00:00 0 
7f2378d04000-7f2378e00000 rw-p 00000000 00:00 0 
7f2378e00000-7f2378e04000 ---p 00000000 00:00 0 
7f2378e04000-7f2378f00000 rw-p 00000000 00:00 0 
7f2378f00000-7f2378f04000 ---p 00000000 00:00 0 
7f2378f04000-7f2379000000 rw-p 00000000 00:00 0 
7f2379000000-7f2379004000 ---p 00000000 00:00 0 
7f2379004000-7f2379100000 rw-p 00000000 00:00 0 
7f2379100000-7f2379104000 ---p 00000000 00:00 0 
7f2379104000-7f2379200000 rw-p 00000000 00:00 0 
7f2379200000-7f2379775000 r--p 00000000 08:03 24380347                   /usr/lib/locale/locale-archive
7f23797aa000-7f23797ae000 ---p 00000000 00:00 0 
7f23797ae000-7f23798aa000 rw-p 00000000 00:00 0 
7f23798aa000-7f23798ae000 ---p 00000000 00:00 0 
7f23798ae000-7f23799aa000 rw-p 00000000 00:00 0 
7f23799aa000-7f23799ae000 ---p 00000000 00:00 0 
7f23799ae000-7f2379aaa000 rw-p 00000000 00:00 0 
7f2379aaa000-7f2379aab000 ---p 00000000 00:00 0 
7f2379aab000-7f2379bab000 rw-p 00000000 00:00 0 
7f2379bab000-7f2379bb0000 r--p 00000000 08:03 25177886                   /usr/lib/jvm/java-17-openjdk-amd64/lib/libjsvml.so
7f2379bb0000-7f2379bf1000 r-xp 00005000 08:03 25177886                   /usr/lib/jvm/java-17-openjdk-amd64/lib/libjsvml.so
7f2379bf1000-7f2379c7a000 r--p 00046000 08:03 25177886                   /usr/lib/jvm/java-17-openjdk-amd64/lib/libjsvml.so
7f2379c7a000-7f2379c7b000 r--p 000ce000 08:03 25177886                   /usr/lib/jvm/java-17-openjdk-amd64/lib/libjsvml.so
7f2379c7b000-7f2379c7c000 rw-p 000cf000 08:03 25177886                   /usr/lib/jvm/java-17-openjdk-amd64/lib/libjsvml.so
7f2379c7c000-7f2379cfd000 rw-p 00000000 00:00 0 
7f2379cfd000-7f2379cfe000 ---p 00000000 00:00 0 
7f2379cfe000-7f2379dfe000 rw-p 00000000 00:00 0 
7f2379dfe000-7f2379dff000 ---p 00000000 00:00 0 
7f2379dff000-7f237c000000 rw-p 00000000 00:00 0 
7f237c000000-7f237c021000 rw-p 00000000 00:00 0 
7f237c021000-7f2380000000 ---p 00000000 00:00 0 
7f2380000000-7f2380021000 rw-p 00000000 00:00 0 
7f2380021000-7f2384000000 ---p 00000000 00:00 0 
7f2384000000-7f2384021000 rw-p 00000000 00:00 0 
7f2384021000-7f2388000000 ---p 00000000 00:00 0 
7f2388015000-7f23883fd000 rw-p 00000000 00:00 0 
7f23883fd000-7f238be4d000 ---p 00000000 00:00 0 
7f238be4d000-7f238c245000 rw-p 00000000 00:00 0 
7f238c245000-7f238fc95000 ---p 00000000 00:00 0 
7f238fc95000-7f238fd22000 rw-p 00000000 00:00 0 
7f238fd22000-7f239046c000 ---p 00000000 00:00 0 
7f239046c000-7f23904eb000 rw-p 00000000 00:00 0 
7f23904eb000-7f2390c35000 ---p 00000000 00:00 0 
7f2390c35000-7f2390cb4000 rw-p 00000000 00:00 0 
7f2390cb4000-7f23913fe000 ---p 00000000 00:00 0 
7f23913fe000-7f2391400000 rw-p 00000000 00:00 0 
7f2391400000-7f2391900000 rwxp 00000000 00:00 0 
7f2391900000-7f2398937000 ---p 00000000 00:00 0 
7f2398937000-7f2398ba7000 rwxp 00000000 00:00 0 
7f2398ba7000-7f2398ec8000 ---p 00000000 00:00 0 
7f2398ec8000-7f2399138000 rwxp 00000000 00:00 0 
7f2399138000-7f23a0400000 ---p 00000000 00:00 0 
7f23a0400000-7f23a7e68000 r--s 00000000 08:03 25177901                   /usr/lib/jvm/java-17-openjdk-amd64/lib/modules
7f23a7ea4000-7f23a8000000 rw-p 00000000 00:00 0 
7f23a8000000-7f23a86d0000 rw-p 00000000 00:00 0 
7f23a86d0000-7f23ac000000 ---p 00000000 00:00 0 
7f23ac02c000-7f23ac051000 r--p 00000000 08:03 27134842                   /usr/share/locale-langpack/pt_BR/LC_MESSAGES/libc.mo
7f23ac051000-7f23ac092000 rw-p 00000000 00:00 0 
7f23ac09b000-7f23ac09d000 r--p 00000000 08:03 25177890                   /usr/lib/jvm/java-17-openjdk-amd64/lib/libmanagement_ext.so
7f23ac09d000-7f23ac0a0000 r-xp 00002000 08:03 25177890                   /usr/lib/jvm/java-17-openjdk-amd64/lib/libmanagement_ext.so
7f23ac0a0000-7f23ac0a2000 r--p 00005000 08:03 25177890                   /usr/lib/jvm/java-17-openjdk-amd64/lib/libmanagement_ext.so
7f23ac0a2000-7f23ac0a3000 r--p 00006000 08:03 25177890                   /usr/lib/jvm/java-17-openjdk-amd64/lib/libmanagement_ext.so
7f23ac0a3000-7f23ac0a4000 rw-p 00007000 08:03 25177890                   /usr/lib/jvm/java-17-openjdk-amd64/lib/libmanagement_ext.so
7f23ac0a4000-7f23ac0a6000 r--p 00000000 08:03 25177888                   /usr/lib/jvm/java-17-openjdk-amd64/lib/libmanagement.so
7f23ac0a6000-7f23ac0a7000 r-xp 00002000 08:03 25177888                   /usr/lib/jvm/java-17-openjdk-amd64/lib/libmanagement.so
7f23ac0a7000-7f23ac0a8000 r--p 00003000 08:03 25177888                   /usr/lib/jvm/java-17-openjdk-amd64/lib/libmanagement.so
7f23ac0a8000-7f23ac0a9000 r--p 00003000 08:03 25177888                   /usr/lib/jvm/java-17-openjdk-amd64/lib/libmanagement.so
7f23ac0a9000-7f23ac0aa000 rw-p 00004000 08:03 25177888                   /usr/lib/jvm/java-17-openjdk-amd64/lib/libmanagement.so
7f23ac0aa000-7f23ac0b1000 r--s 00000000 08:03 25069300                   /usr/lib/x86_64-linux-gnu/gconv/gconv-modules.cache
7f23ac0b1000-7f23ac0b5000 r--p 00000000 08:03 25177892                   /usr/lib/jvm/java-17-openjdk-amd64/lib/libnet.so
7f23ac0b5000-7f23ac0c3000 r-xp 00004000 08:03 25177892                   /usr/lib/jvm/java-17-openjdk-amd64/lib/libnet.so
7f23ac0c3000-7f23ac0c7000 r--p 00012000 08:03 25177892                   /usr/lib/jvm/java-17-openjdk-amd64/lib/libnet.so
7f23ac0c7000-7f23ac0c8000 r--p 00015000 08:03 25177892                   /usr/lib/jvm/java-17-openjdk-amd64/lib/libnet.so
7f23ac0c8000-7f23ac0c9000 rw-p 00016000 08:03 25177892                   /usr/lib/jvm/java-17-openjdk-amd64/lib/libnet.so
7f23ac0c9000-7f23ac2cb000 rw-p 00000000 00:00 0 
7f23ac2cb000-7f23ac2cc000 ---p 00000000 00:00 0 
7f23ac2cc000-7f23ac3cc000 rw-p 00000000 00:00 0 
7f23ac3cc000-7f23ac3cd000 ---p 00000000 00:00 0 
7f23ac3cd000-7f23ac4cd000 rw-p 00000000 00:00 0 
7f23ac4cd000-7f23ac4ce000 ---p 00000000 00:00 0 
7f23ac4ce000-7f23aca1a000 rw-p 00000000 00:00 0 
7f23aca1a000-7f23acb00000 ---p 00000000 00:00 0 
7f23acb00000-7f23acb04000 ---p 00000000 00:00 0 
7f23acb04000-7f23acc00000 rw-p 00000000 00:00 0 
7f23acc00000-7f23acc9a000 r--p 00000000 08:03 24379450                   /usr/lib/x86_64-linux-gnu/libstdc++.so.6.0.30
7f23acc9a000-7f23acdab000 r-xp 0009a000 08:03 24379450                   /usr/lib/x86_64-linux-gnu/libstdc++.so.6.0.30
7f23acdab000-7f23ace1a000 r--p 001ab000 08:03 24379450                   /usr/lib/x86_64-linux-gnu/libstdc++.so.6.0.30
7f23ace1a000-7f23ace1b000 ---p 0021a000 08:03 24379450                   /usr/lib/x86_64-linux-gnu/libstdc++.so.6.0.30
7f23ace1b000-7f23ace26000 r--p 0021a000 08:03 24379450                   /usr/lib/x86_64-linux-gnu/libstdc++.so.6.0.30
7f23ace26000-7f23ace29000 rw-p 00225000 08:03 24379450                   /usr/lib/x86_64-linux-gnu/libstdc++.so.6.0.30
7f23ace29000-7f23ace2c000 rw-p 00000000 00:00 0 
7f23ace2e000-7f23ace38000 rw-p 00000000 00:00 0 
7f23ace38000-7f23acf19000 ---p 00000000 00:00 0 
7f23acf19000-7f23acf27000 r--p 00000000 08:03 24380931                   /usr/lib/x86_64-linux-gnu/libm.so.6
7f23acf27000-7f23acfa3000 r-xp 0000e000 08:03 24380931                   /usr/lib/x86_64-linux-gnu/libm.so.6
7f23acfa3000-7f23acffe000 r--p 0008a000 08:03 24380931                   /usr/lib/x86_64-linux-gnu/libm.so.6
7f23acffe000-7f23acfff000 r--p 000e4000 08:03 24380931                   /usr/lib/x86_64-linux-gnu/libm.so.6
7f23acfff000-7f23ad000000 rw-p 000e5000 08:03 24380931                   /usr/lib/x86_64-linux-gnu/libm.so.6
7f23ad000000-7f23ad251000 r--p 00000000 08:03 25177905                   /usr/lib/jvm/java-17-openjdk-amd64/lib/server/libjvm.so
7f23ad251000-7f23adfb3000 r-xp 00251000 08:03 25177905                   /usr/lib/jvm/java-17-openjdk-amd64/lib/server/libjvm.so
7f23adfb3000-7f23ae235000 r--p 00fb3000 08:03 25177905                   /usr/lib/jvm/java-17-openjdk-amd64/lib/server/libjvm.so
7f23ae235000-7f23ae2ed000 r--p 01234000 08:03 25177905                   /usr/lib/jvm/java-17-openjdk-amd64/lib/server/libjvm.so
7f23ae2ed000-7f23ae322000 rw-p 012ec000 08:03 25177905                   /usr/lib/jvm/java-17-openjdk-amd64/lib/server/libjvm.so
7f23ae322000-7f23ae37c000 rw-p 00000000 00:00 0 
7f23ae37e000-7f23ae385000 r--p 00000000 08:03 25177893                   /usr/lib/jvm/java-17-openjdk-amd64/lib/libnio.so
7f23ae385000-7f23ae38e000 r-xp 00007000 08:03 25177893                   /usr/lib/jvm/java-17-openjdk-amd64/lib/libnio.so
7f23ae38e000-7f23ae392000 r--p 00010000 08:03 25177893                   /usr/lib/jvm/java-17-openjdk-amd64/lib/libnio.so
7f23ae392000-7f23ae393000 ---p 00014000 08:03 25177893                   /usr/lib/jvm/java-17-openjdk-amd64/lib/libnio.so
7f23ae393000-7f23ae394000 r--p 00014000 08:03 25177893                   /usr/lib/jvm/java-17-openjdk-amd64/lib/libnio.so
7f23ae394000-7f23ae395000 rw-p 00015000 08:03 25177893                   /usr/lib/jvm/java-17-openjdk-amd64/lib/libnio.so
7f23ae395000-7f23ae397000 r--p 00000000 08:03 25177900                   /usr/lib/jvm/java-17-openjdk-amd64/lib/libzip.so
7f23ae397000-7f23ae39c000 r-xp 00002000 08:03 25177900                   /usr/lib/jvm/java-17-openjdk-amd64/lib/libzip.so
7f23ae39c000-7f23ae39e000 r--p 00007000 08:03 25177900                   /usr/lib/jvm/java-17-openjdk-amd64/lib/libzip.so
7f23ae39e000-7f23ae39f000 r--p 00008000 08:03 25177900                   /usr/lib/jvm/java-17-openjdk-amd64/lib/libzip.so
7f23ae39f000-7f23ae3a0000 rw-p 00009000 08:03 25177900                   /usr/lib/jvm/java-17-openjdk-amd64/lib/libzip.so
7f23ae3a0000-7f23ae3a5000 rw-p 00000000 00:00 0 
7f23ae3a5000-7f23ae3ac000 ---p 00000000 00:00 0 
7f23ae3ac000-7f23ae3b8000 r--p 00000000 08:03 25177879                   /usr/lib/jvm/java-17-openjdk-amd64/lib/libjava.so
7f23ae3b8000-7f23ae3cb000 r-xp 0000c000 08:03 25177879                   /usr/lib/jvm/java-17-openjdk-amd64/lib/libjava.so
7f23ae3cb000-7f23ae3d1000 r--p 0001f000 08:03 25177879                   /usr/lib/jvm/java-17-openjdk-amd64/lib/libjava.so
7f23ae3d1000-7f23ae3d2000 r--p 00024000 08:03 25177879                   /usr/lib/jvm/java-17-openjdk-amd64/lib/libjava.so
7f23ae3d2000-7f23ae3d3000 rw-p 00025000 08:03 25177879                   /usr/lib/jvm/java-17-openjdk-amd64/lib/libjava.so
7f23ae3d3000-7f23ae3d4000 rw-p 00000000 00:00 0 
7f23ae3d4000-7f23ae3d5000 r--p 00000000 08:03 25177874                   /usr/lib/jvm/java-17-openjdk-amd64/lib/libinstrument.so
7f23ae3d5000-7f23ae3db000 r-xp 00001000 08:03 25177874                   /usr/lib/jvm/java-17-openjdk-amd64/lib/libinstrument.so
7f23ae3db000-7f23ae3de000 r--p 00007000 08:03 25177874                   /usr/lib/jvm/java-17-openjdk-amd64/lib/libinstrument.so
7f23ae3de000-7f23ae3df000 r--p 00009000 08:03 25177874                   /usr/lib/jvm/java-17-openjdk-amd64/lib/libinstrument.so
7f23ae3df000-7f23ae3e0000 rw-p 0000a000 08:03 25177874                   /usr/lib/jvm/java-17-openjdk-amd64/lib/libinstrument.so
7f23ae3e0000-7f23ae3e3000 r--p 00000000 08:03 24379730                   /usr/lib/x86_64-linux-gnu/libgcc_s.so.1
7f23ae3e3000-7f23ae3fa000 r-xp 00003000 08:03 24379730                   /usr/lib/x86_64-linux-gnu/libgcc_s.so.1
7f23ae3fa000-7f23ae3fe000 r--p 0001a000 08:03 24379730                   /usr/lib/x86_64-linux-gnu/libgcc_s.so.1
7f23ae3fe000-7f23ae3ff000 r--p 0001d000 08:03 24379730                   /usr/lib/x86_64-linux-gnu/libgcc_s.so.1
7f23ae3ff000-7f23ae400000 rw-p 0001e000 08:03 24379730                   /usr/lib/x86_64-linux-gnu/libgcc_s.so.1
7f23ae400000-7f23ae428000 r--p 00000000 08:03 24380262                   /usr/lib/x86_64-linux-gnu/libc.so.6
7f23ae428000-7f23ae5bd000 r-xp 00028000 08:03 24380262                   /usr/lib/x86_64-linux-gnu/libc.so.6
7f23ae5bd000-7f23ae615000 r--p 001bd000 08:03 24380262                   /usr/lib/x86_64-linux-gnu/libc.so.6
7f23ae615000-7f23ae616000 ---p 00215000 08:03 24380262                   /usr/lib/x86_64-linux-gnu/libc.so.6
7f23ae616000-7f23ae61a000 r--p 00215000 08:03 24380262                   /usr/lib/x86_64-linux-gnu/libc.so.6
7f23ae61a000-7f23ae61c000 rw-p 00219000 08:03 24380262                   /usr/lib/x86_64-linux-gnu/libc.so.6
7f23ae61c000-7f23ae629000 rw-p 00000000 00:00 0 
7f23ae62b000-7f23ae62c000 r--p 00000000 08:03 25177872                   /usr/lib/jvm/java-17-openjdk-amd64/lib/libextnet.so
7f23ae62c000-7f23ae62d000 r-xp 00001000 08:03 25177872                   /usr/lib/jvm/java-17-openjdk-amd64/lib/libextnet.so
7f23ae62d000-7f23ae62e000 r--p 00002000 08:03 25177872                   /usr/lib/jvm/java-17-openjdk-amd64/lib/libextnet.so
7f23ae62e000-7f23ae62f000 r--p 00002000 08:03 25177872                   /usr/lib/jvm/java-17-openjdk-amd64/lib/libextnet.so
7f23ae62f000-7f23ae630000 rw-p 00003000 08:03 25177872                   /usr/lib/jvm/java-17-openjdk-amd64/lib/libextnet.so
7f23ae630000-7f23ae633000 rw-p 00000000 00:00 0 
7f23ae633000-7f23ae635000 r--p 00000000 08:03 25177883                   /usr/lib/jvm/java-17-openjdk-amd64/lib/libjli.so
7f23ae635000-7f23ae63f000 r-xp 00002000 08:03 25177883                   /usr/lib/jvm/java-17-openjdk-amd64/lib/libjli.so
7f23ae63f000-7f23ae642000 r--p 0000c000 08:03 25177883                   /usr/lib/jvm/java-17-openjdk-amd64/lib/libjli.so
7f23ae642000-7f23ae643000 r--p 0000e000 08:03 25177883                   /usr/lib/jvm/java-17-openjdk-amd64/lib/libjli.so
7f23ae643000-7f23ae644000 rw-p 0000f000 08:03 25177883                   /usr/lib/jvm/java-17-openjdk-amd64/lib/libjli.so
7f23ae644000-7f23ae646000 r--p 00000000 08:03 24379582                   /usr/lib/x86_64-linux-gnu/libz.so.1.2.11
7f23ae646000-7f23ae657000 r-xp 00002000 08:03 24379582                   /usr/lib/x86_64-linux-gnu/libz.so.1.2.11
7f23ae657000-7f23ae65d000 r--p 00013000 08:03 24379582                   /usr/lib/x86_64-linux-gnu/libz.so.1.2.11
7f23ae65d000-7f23ae65e000 ---p 00019000 08:03 24379582                   /usr/lib/x86_64-linux-gnu/libz.so.1.2.11
7f23ae65e000-7f23ae65f000 r--p 00019000 08:03 24379582                   /usr/lib/x86_64-linux-gnu/libz.so.1.2.11
7f23ae65f000-7f23ae660000 rw-p 0001a000 08:03 24379582                   /usr/lib/x86_64-linux-gnu/libz.so.1.2.11
7f23ae660000-7f23ae668000 rw-s 00000000 08:03 15466569                   /tmp/hsperfdata_wahl/7607
7f23ae668000-7f23ae669000 ---p 00000000 00:00 0 
7f23ae669000-7f23ae66a000 r--p 00000000 00:00 0 
7f23ae66a000-7f23ae66c000 r--p 00000000 08:03 25177882                   /usr/lib/jvm/java-17-openjdk-amd64/lib/libjimage.so
7f23ae66c000-7f23ae66f000 r-xp 00002000 08:03 25177882                   /usr/lib/jvm/java-17-openjdk-amd64/lib/libjimage.so
7f23ae66f000-7f23ae670000 r--p 00005000 08:03 25177882                   /usr/lib/jvm/java-17-openjdk-amd64/lib/libjimage.so
7f23ae670000-7f23ae671000 ---p 00006000 08:03 25177882                   /usr/lib/jvm/java-17-openjdk-amd64/lib/libjimage.so
7f23ae671000-7f23ae672000 r--p 00006000 08:03 25177882                   /usr/lib/jvm/java-17-openjdk-amd64/lib/libjimage.so
7f23ae672000-7f23ae673000 rw-p 00007000 08:03 25177882                   /usr/lib/jvm/java-17-openjdk-amd64/lib/libjimage.so
7f23ae673000-7f23ae675000 rw-p 00000000 00:00 0 
7f23ae675000-7f23ae677000 r--p 00000000 08:03 24379907                   /usr/lib/x86_64-linux-gnu/ld-linux-x86-64.so.2
7f23ae677000-7f23ae6a1000 r-xp 00002000 08:03 24379907                   /usr/lib/x86_64-linux-gnu/ld-linux-x86-64.so.2
7f23ae6a1000-7f23ae6ac000 r--p 0002c000 08:03 24379907                   /usr/lib/x86_64-linux-gnu/ld-linux-x86-64.so.2
7f23ae6ac000-7f23ae6ad000 ---p 00000000 00:00 0 
7f23ae6ad000-7f23ae6af000 r--p 00037000 08:03 24379907                   /usr/lib/x86_64-linux-gnu/ld-linux-x86-64.so.2
7f23ae6af000-7f23ae6b1000 rw-p 00039000 08:03 24379907                   /usr/lib/x86_64-linux-gnu/ld-linux-x86-64.so.2
7ffc38b63000-7ffc38b86000 rw-p 00000000 00:00 0                          [stack]
7ffc38be4000-7ffc38be8000 r--p 00000000 00:00 0                          [vvar]
7ffc38be8000-7ffc38bea000 r-xp 00000000 00:00 0                          [vdso]
ffffffffff600000-ffffffffff601000 --xp 00000000 00:00 0                  [vsyscall]


VM Arguments:
jvm_args: -javaagent:/snap/intellij-idea-community/476/lib/idea_rt.jar=34655:/snap/intellij-idea-community/476/bin -Dfile.encoding=UTF-8 
java_command: com.api.parkingcontrol.ParkingControlApplication
java_class_path (initial): /home/wahl/Documentos/projetos java/Parking control/Parking-Control-API/target/classes:/home/wahl/.m2/repository/org/springframework/boot/spring-boot-starter-data-jpa/3.1.4/spring-boot-starter-data-jpa-3.1.4.jar:/home/wahl/.m2/repository/org/springframework/boot/spring-boot-starter-aop/3.1.4/spring-boot-starter-aop-3.1.4.jar:/home/wahl/.m2/repository/org/springframework/spring-aop/6.0.12/spring-aop-6.0.12.jar:/home/wahl/.m2/repository/org/aspectj/aspectjweaver/1.9.20/aspectjweaver-1.9.20.jar:/home/wahl/.m2/repository/org/springframework/boot/spring-boot-starter-jdbc/3.1.4/spring-boot-starter-jdbc-3.1.4.jar:/home/wahl/.m2/repository/com/zaxxer/HikariCP/5.0.1/HikariCP-5.0.1.jar:/home/wahl/.m2/repository/org/springframework/spring-jdbc/6.0.12/spring-jdbc-6.0.12.jar:/home/wahl/.m2/repository/org/hibernate/orm/hibernate-core/6.2.9.Final/hibernate-core-6.2.9.Final.jar:/home/wahl/.m2/repository/jakarta/persistence/jakarta.persistence-api/3.1.0/jakarta.persistence-api-3.1.0.jar:/home/wahl/.m2/repository/jakarta/transaction/jakarta.transaction-api/2.0.1/jakarta.transaction-api-2.0.1.jar:/home/wahl/.m2/repository/org/jboss/logging/jboss-logging/3.5.3.Final/jboss-logging-3.5.3.Final.jar:/home/wahl/.m2/repository/org/hibernate/common/hibernate-commons-annotations/6.0.6.Final/hibernate-commons-annotations-6.0.6.Final.jar:/home/wahl/.m2/repository/io/smallrye/jandex/3.0.5/jandex-3.0.5.jar:/home/wahl/.m2/repository/com/fasterxml/classmate/1.5.1/classmate-1.5.1.jar:/home/wahl/.m2/repository/net/bytebuddy/byte-buddy/1.14.8/byte-buddy-1.14.8.jar:/home/wahl/.m2/repository/org/glassfish/jaxb/jaxb-runtime/4.0.3/jaxb-runtime-4.0.3.jar:/home/wahl/.m2/repository/org/glassfish/jaxb/jaxb-core/4.0.3/jaxb-core-4.0.3.jar:/home/wahl/.m2/repository/org/eclipse/angus/angus-activation/2.0.1/angus-activation-2.0.1.jar:/home/wahl/.m2/repository/org/glassfish/jaxb/txw2/4.0.3/txw2-4.0.3.jar:/home/wahl/.m2/repository/com/sun/istack/istack-commons-runtime/4.1.2/istack-commons
Launcher Type: SUN_STANDARD

[Global flags]
     intx CICompilerCount                          = 3                                         {product} {ergonomic}
     uint ConcGCThreads                            = 1                                         {product} {ergonomic}
     uint G1ConcRefinementThreads                  = 4                                         {product} {ergonomic}
   size_t G1HeapRegionSize                         = 2097152                                   {product} {ergonomic}
    uintx GCDrainStackTargetSize                   = 64                                        {product} {ergonomic}
   size_t InitialHeapSize                          = 262144000                                 {product} {ergonomic}
   size_t MarkStackSize                            = 4194304                                   {product} {ergonomic}
   size_t MaxHeapSize                              = 4179623936                                {product} {ergonomic}
   size_t MaxNewSize                               = 2506096640                                {product} {ergonomic}
   size_t MinHeapDeltaBytes                        = 2097152                                   {product} {ergonomic}
   size_t MinHeapSize                              = 8388608                                   {product} {ergonomic}
    uintx NonNMethodCodeHeapSize                   = 5832780                                {pd product} {ergonomic}
    uintx NonProfiledCodeHeapSize                  = 122912730                              {pd product} {ergonomic}
    uintx ProfiledCodeHeapSize                     = 122912730                              {pd product} {ergonomic}
    uintx ReservedCodeCacheSize                    = 251658240                              {pd product} {ergonomic}
     bool SegmentedCodeCache                       = true                                      {product} {ergonomic}
   size_t SoftMaxHeapSize                          = 4179623936                             {manageable} {ergonomic}
     bool UseCompressedClassPointers               = true                           {product lp64_product} {ergonomic}
     bool UseCompressedOops                        = true                           {product lp64_product} {ergonomic}
     bool UseG1GC                                  = true                                      {product} {ergonomic}

Logging:
Log output configuration:
 #0: stdout all=warning uptime,level,tags
 #1: stderr all=off uptime,level,tags

Environment Variables:
PATH=/usr/local/sbin:/usr/local/bin:/usr/sbin:/usr/bin:/sbin:/bin:/usr/games:/usr/local/games:/snap/bin:/snap/bin
USERNAME=wahl
SHELL=/bin/bash
DISPLAY=:0
LANG=pt_BR.UTF-8

Active Locale:
LC_ALL=pt_BR.UTF-8
LC_COLLATE=pt_BR.UTF-8
LC_CTYPE=pt_BR.UTF-8
LC_MESSAGES=pt_BR.UTF-8
LC_MONETARY=pt_BR.UTF-8
LC_NUMERIC=pt_BR.UTF-8
LC_TIME=pt_BR.UTF-8

Signal Handlers:
   SIGSEGV: crash_handler in libjvm.so, mask=11100100010111111101111111111110, flags=SA_RESTART|SA_SIGINFO, unblocked
    SIGBUS: crash_handler in libjvm.so, mask=11100100010111111101111111111110, flags=SA_RESTART|SA_SIGINFO, unblocked
    SIGFPE: crash_handler in libjvm.so, mask=11100100010111111101111111111110, flags=SA_RESTART|SA_SIGINFO, unblocked
   SIGPIPE: javaSignalHandler in libjvm.so, mask=11100100010111111101111111111110, flags=SA_RESTART|SA_SIGINFO, blocked
   SIGXFSZ: javaSignalHandler in libjvm.so, mask=11100100010111111101111111111110, flags=SA_RESTART|SA_SIGINFO, blocked
    SIGILL: crash_handler in libjvm.so, mask=11100100010111111101111111111110, flags=SA_RESTART|SA_SIGINFO, unblocked
   SIGUSR2: SR_handler in libjvm.so, mask=00100000000000000000000000000000, flags=SA_RESTART|SA_SIGINFO, blocked
    SIGHUP: UserHandler in libjvm.so, mask=11100100010111111101111111111110, flags=SA_RESTART|SA_SIGINFO, blocked
    SIGINT: UserHandler in libjvm.so, mask=11100100010111111101111111111110, flags=SA_RESTART|SA_SIGINFO, blocked
   SIGTERM: UserHandler in libjvm.so, mask=11100100010111111101111111111110, flags=SA_RESTART|SA_SIGINFO, blocked
   SIGQUIT: UserHandler in libjvm.so, mask=11100100010111111101111111111110, flags=SA_RESTART|SA_SIGINFO, blocked
   SIGTRAP: crash_handler in libjvm.so, mask=11100100010111111101111111111110, flags=SA_RESTART|SA_SIGINFO, unblocked


Periodic native trim disabled


---------------  S Y S T E M  ---------------

OS:
DISTRIB_ID=Ubuntu
DISTRIB_RELEASE=22.04
DISTRIB_CODENAME=jammy
DISTRIB_DESCRIPTION="Ubuntu 22.04.3 LTS"
uname: Linux 6.5.0-15-generic #15~22.04.1-Ubuntu SMP PREEMPT_DYNAMIC Fri Jan 12 18:54:30 UTC 2 x86_64
OS uptime: 0 days 0:43 hours
libc: glibc 2.35 NPTL 2.35 
rlimit (soft/hard): STACK 8192k/infinity , CORE 0k/infinity , NPROC 63470/63470 , NOFILE 1048576/1048576 , AS infinity/infinity , CPU infinity/infinity , DATA infinity/infinity , FSIZE infinity/infinity , MEMLOCK 2040612k/2040612k
load average: 1,39 0,88 0,77

/proc/meminfo:
MemTotal:       16324924 kB
MemFree:         7133080 kB
MemAvailable:   11003224 kB
Buffers:          136656 kB
Cached:          4038532 kB
SwapCached:            0 kB
Active:          6781196 kB
Inactive:        1926636 kB
Active(anon):    4609204 kB
Inactive(anon):    49780 kB
Active(file):    2171992 kB
Inactive(file):  1876856 kB
Unevictable:          48 kB
Mlocked:              48 kB
SwapTotal:       2097148 kB
SwapFree:        2097148 kB
Zswap:                 0 kB
Zswapped:              0 kB
Dirty:               620 kB
Writeback:             0 kB
AnonPages:       4532984 kB
Mapped:          1329192 kB
Shmem:            126144 kB
KReclaimable:     154540 kB
Slab:             302224 kB
SReclaimable:     154540 kB
SUnreclaim:       147684 kB
KernelStack:       17824 kB
PageTables:        44512 kB
SecPageTables:         0 kB
NFS_Unstable:          0 kB
Bounce:                0 kB
WritebackTmp:          0 kB
CommitLimit:    10259608 kB
Committed_AS:   11291944 kB
VmallocTotal:   34359738367 kB
VmallocUsed:       47684 kB
VmallocChunk:          0 kB
Percpu:             3264 kB
HardwareCorrupted:     0 kB
AnonHugePages:         0 kB
ShmemHugePages:        0 kB
ShmemPmdMapped:        0 kB
FileHugePages:         0 kB
FilePmdMapped:         0 kB
Unaccepted:            0 kB
HugePages_Total:       0
HugePages_Free:        0
HugePages_Rsvd:        0
HugePages_Surp:        0
Hugepagesize:       2048 kB
Hugetlb:               0 kB
DirectMap4k:      124884 kB
DirectMap2M:     4026368 kB
DirectMap1G:    12582912 kB

/sys/kernel/mm/transparent_hugepage/enabled: always [madvise] never
/sys/kernel/mm/transparent_hugepage/defrag (defrag/compaction efforts parameter): always defer defer+madvise [madvise] never

Process Memory:
Virtual Size: 7678940K (peak: 7741864K)
Resident Set Size: 171904K (peak: 171904K) (anon: 148976K, file: 22928K, shmem: 0K)
Swapped out: 0K
C-Heap outstanding allocations: 47430K, retained: 11297K
glibc malloc tunables: (default)

/proc/sys/kernel/threads-max (system-wide limit on the number of threads): 126940
/proc/sys/vm/max_map_count (maximum number of memory map areas a process may have): 65530
/proc/sys/kernel/pid_max (system-wide limit on number of process identifiers): 4194304

container (cgroup) information:
container_type: cgroupv2
cpu_cpuset_cpus: not supported
cpu_memory_nodes: not supported
active_processor_count: 4
cpu_quota: not supported
cpu_period: not supported
cpu_shares: not supported
memory_limit_in_bytes: unlimited
memory_and_swap_limit_in_bytes: unlimited
memory_soft_limit_in_bytes: unlimited
memory_usage_in_bytes: 3830600 k
memory_max_usage_in_bytes: not supported
memory_swap_current_in_bytes: unlimited
memory_swap_max_limit_in_bytes: unlimited
maximum number of tasks: 19041
current number of tasks: 175

Steal ticks since vm start: 0
Steal ticks percentage since vm start:  0,000

CPU: total 4 (initial active 4) (2 cores per cpu, 2 threads per core) family 6 model 158 stepping 9 microcode 0xf4, cx8, cmov, fxsr, ht, mmx, 3dnowpref, sse, sse2, sse3, ssse3, sse4.1, sse4.2, popcnt, lzcnt, tsc, tscinvbit, aes, erms, clmul, clflush, clflushopt
CPU Model and flags from /proc/cpuinfo:
model name	: Intel(R) Pentium(R) CPU G4560 @ 3.50GHz
flags		: fpu vme de pse tsc msr pae mce cx8 apic sep mtrr pge mca cmov pat pse36 clflush dts acpi mmx fxsr sse sse2 ss ht tm pbe syscall nx pdpe1gb rdtscp lm constant_tsc art arch_perfmon pebs bts rep_good nopl xtopology nonstop_tsc cpuid aperfmperf pni pclmulqdq dtes64 monitor ds_cpl vmx est tm2 ssse3 sdbg cx16 xtpr pdcm pcid sse4_1 sse4_2 x2apic movbe popcnt tsc_deadline_timer aes xsave rdrand lahf_lm abm 3dnowprefetch cpuid_fault epb invpcid_single pti ssbd ibrs ibpb stibp tpr_shadow flexpriority ept vpid ept_ad fsgsbase tsc_adjust smep erms invpcid mpx rdseed smap clflushopt intel_pt xsaveopt xsavec xgetbv1 xsaves dtherm arat pln pts hwp hwp_notify hwp_act_window hwp_epp vnmi md_clear flush_l1d arch_capabilities

Online cpus: 0-3
Offline cpus: 
BIOS frequency limitation: <Not Available>
Frequency switch latency (ns): 0
Available cpu frequencies: <Not Available>
Current governor: powersave
Core performance/turbo boost: <Not Available>

Memory: 4k page, physical 16324924k(7132828k free), swap 2097148k(2097148k free)
Page Sizes: 4k

vm_info: OpenJDK 64-Bit Server VM (17.0.9+9-Ubuntu-122.04) for linux-amd64 JRE (17.0.9+9-Ubuntu-122.04), built on Oct 19 2023 08:37:02 by "buildd" with gcc 11.4.0

END.
